mode: atomic
github.com/CompassSecurity/pipeleak/pkg/gitlab/nist/nist.go:29.66,33.2 3 0
github.com/CompassSecurity/pipeleak/pkg/gitlab/nist/nist.go:36.115,38.16 2 10
github.com/CompassSecurity/pipeleak/pkg/gitlab/nist/nist.go:38.16,40.3 1 1
github.com/CompassSecurity/pipeleak/pkg/gitlab/nist/nist.go:42.2,53.16 4 10
github.com/CompassSecurity/pipeleak/pkg/gitlab/nist/nist.go:53.16,55.3 1 2
github.com/CompassSecurity/pipeleak/pkg/gitlab/nist/nist.go:57.2,57.50 1 8
github.com/CompassSecurity/pipeleak/pkg/gitlab/nist/nist.go:57.50,59.17 2 5
github.com/CompassSecurity/pipeleak/pkg/gitlab/nist/nist.go:59.17,62.4 2 0
github.com/CompassSecurity/pipeleak/pkg/gitlab/nist/nist.go:63.3,63.31 1 5
github.com/CompassSecurity/pipeleak/pkg/gitlab/nist/nist.go:66.2,70.106 3 3
github.com/CompassSecurity/pipeleak/pkg/gitlab/nist/nist.go:70.106,73.17 3 12
github.com/CompassSecurity/pipeleak/pkg/gitlab/nist/nist.go:73.17,75.9 2 0
github.com/CompassSecurity/pipeleak/pkg/gitlab/nist/nist.go:77.3,77.59 1 12
github.com/CompassSecurity/pipeleak/pkg/gitlab/nist/nist.go:80.2,86.16 6 3
github.com/CompassSecurity/pipeleak/pkg/gitlab/nist/nist.go:86.16,89.3 2 0
github.com/CompassSecurity/pipeleak/pkg/gitlab/nist/nist.go:91.2,91.30 1 3
github.com/CompassSecurity/pipeleak/pkg/gitlab/nist/nist.go:94.80,96.16 2 22
github.com/CompassSecurity/pipeleak/pkg/gitlab/nist/nist.go:96.16,98.3 1 1
github.com/CompassSecurity/pipeleak/pkg/gitlab/nist/nist.go:99.2,99.15 1 21
github.com/CompassSecurity/pipeleak/pkg/gitlab/nist/nist.go:99.15,99.39 1 21
github.com/CompassSecurity/pipeleak/pkg/gitlab/nist/nist.go:101.2,101.27 1 21
github.com/CompassSecurity/pipeleak/pkg/gitlab/nist/nist.go:101.27,104.3 2 0
github.com/CompassSecurity/pipeleak/pkg/gitlab/nist/nist.go:106.2,107.16 2 21
github.com/CompassSecurity/pipeleak/pkg/gitlab/nist/nist.go:107.16,110.3 2 0
github.com/CompassSecurity/pipeleak/pkg/gitlab/nist/nist.go:112.2,113.58 2 21
github.com/CompassSecurity/pipeleak/pkg/gitlab/nist/nist.go:113.58,116.3 2 1
github.com/CompassSecurity/pipeleak/pkg/gitlab/nist/nist.go:118.2,118.22 1 20
