mode: atomic
github.com/CompassSecurity/pipeleak/main.go:13.13,17.16 4 0
github.com/CompassSecurity/pipeleak/main.go:17.16,19.3 1 0
github.com/CompassSecurity/pipeleak/main.go:22.26,23.41 1 0
github.com/CompassSecurity/pipeleak/main.go:23.41,25.17 2 0
github.com/CompassSecurity/pipeleak/main.go:25.17,27.4 1 0
github.com/CompassSecurity/pipeleak/main.go:31.29,32.34 1 0
github.com/CompassSecurity/pipeleak/main.go:32.34,34.3 1 0
github.com/CompassSecurity/pipeleak/cmd/root.go:27.61,29.4 1 0
github.com/CompassSecurity/pipeleak/cmd/root.go:36.22,38.2 1 0
github.com/CompassSecurity/pipeleak/cmd/root.go:40.13,58.2 16 0
github.com/CompassSecurity/pipeleak/cmd/root.go:64.60,66.38 2 0
github.com/CompassSecurity/pipeleak/cmd/root.go:66.38,68.3 1 0
github.com/CompassSecurity/pipeleak/cmd/root.go:71.2,72.31 2 0
github.com/CompassSecurity/pipeleak/cmd/root.go:72.31,74.3 1 0
github.com/CompassSecurity/pipeleak/cmd/root.go:76.2,79.16 3 0
github.com/CompassSecurity/pipeleak/cmd/root.go:79.16,81.3 1 0
github.com/CompassSecurity/pipeleak/cmd/root.go:83.2,83.30 1 0
github.com/CompassSecurity/pipeleak/cmd/root.go:83.30,85.3 1 0
github.com/CompassSecurity/pipeleak/cmd/root.go:87.2,87.25 1 0
github.com/CompassSecurity/pipeleak/cmd/root.go:90.19,92.19 2 0
github.com/CompassSecurity/pipeleak/cmd/root.go:92.19,98.17 2 0
github.com/CompassSecurity/pipeleak/cmd/root.go:98.17,99.14 1 0
github.com/CompassSecurity/pipeleak/cmd/root.go:101.3,101.49 1 0
github.com/CompassSecurity/pipeleak/cmd/root.go:104.2,104.19 1 0
github.com/CompassSecurity/pipeleak/cmd/root.go:104.19,106.3 1 0
github.com/CompassSecurity/pipeleak/cmd/root.go:106.8,109.3 2 0
github.com/CompassSecurity/pipeleak/cmd/root.go:111.2,111.43 1 0
github.com/CompassSecurity/pipeleak/cmd/bitbucket/api.go:24.109,25.19 1 0
github.com/CompassSecurity/pipeleak/cmd/bitbucket/api.go:25.19,27.3 1 0
github.com/CompassSecurity/pipeleak/cmd/bitbucket/api.go:30.2,31.16 2 0
github.com/CompassSecurity/pipeleak/cmd/bitbucket/api.go:31.16,33.3 1 0
github.com/CompassSecurity/pipeleak/cmd/bitbucket/api.go:35.2,36.90 2 0
github.com/CompassSecurity/pipeleak/cmd/bitbucket/api.go:36.90,38.3 1 0
github.com/CompassSecurity/pipeleak/cmd/bitbucket/api.go:39.2,42.30 3 0
github.com/CompassSecurity/pipeleak/cmd/bitbucket/api.go:42.30,55.3 5 0
github.com/CompassSecurity/pipeleak/cmd/bitbucket/api.go:57.2,59.40 2 0
github.com/CompassSecurity/pipeleak/cmd/bitbucket/api.go:59.40,60.31 1 0
github.com/CompassSecurity/pipeleak/cmd/bitbucket/api.go:60.31,62.5 1 0
github.com/CompassSecurity/pipeleak/cmd/bitbucket/api.go:62.10,64.5 1 0
github.com/CompassSecurity/pipeleak/cmd/bitbucket/api.go:67.2,67.17 1 0
github.com/CompassSecurity/pipeleak/cmd/bitbucket/api.go:71.115,73.23 2 0
github.com/CompassSecurity/pipeleak/cmd/bitbucket/api.go:73.23,75.3 1 0
github.com/CompassSecurity/pipeleak/cmd/bitbucket/api.go:76.2,82.16 3 0
github.com/CompassSecurity/pipeleak/cmd/bitbucket/api.go:82.16,84.3 1 0
github.com/CompassSecurity/pipeleak/cmd/bitbucket/api.go:86.2,86.43 1 0
github.com/CompassSecurity/pipeleak/cmd/bitbucket/api.go:86.43,88.3 1 0
github.com/CompassSecurity/pipeleak/cmd/bitbucket/api.go:90.2,90.41 1 0
github.com/CompassSecurity/pipeleak/cmd/bitbucket/api.go:94.144,96.23 2 0
github.com/CompassSecurity/pipeleak/cmd/bitbucket/api.go:96.23,98.3 1 0
github.com/CompassSecurity/pipeleak/cmd/bitbucket/api.go:98.8,100.17 2 0
github.com/CompassSecurity/pipeleak/cmd/bitbucket/api.go:100.17,102.4 1 0
github.com/CompassSecurity/pipeleak/cmd/bitbucket/api.go:103.3,104.22 2 0
github.com/CompassSecurity/pipeleak/cmd/bitbucket/api.go:107.2,113.16 3 0
github.com/CompassSecurity/pipeleak/cmd/bitbucket/api.go:113.16,115.3 1 0
github.com/CompassSecurity/pipeleak/cmd/bitbucket/api.go:117.2,117.43 1 0
github.com/CompassSecurity/pipeleak/cmd/bitbucket/api.go:117.43,119.3 1 0
github.com/CompassSecurity/pipeleak/cmd/bitbucket/api.go:121.2,121.41 1 0
github.com/CompassSecurity/pipeleak/cmd/bitbucket/api.go:125.142,127.23 2 0
github.com/CompassSecurity/pipeleak/cmd/bitbucket/api.go:127.23,129.3 1 0
github.com/CompassSecurity/pipeleak/cmd/bitbucket/api.go:129.8,131.17 2 0
github.com/CompassSecurity/pipeleak/cmd/bitbucket/api.go:131.17,133.4 1 0
github.com/CompassSecurity/pipeleak/cmd/bitbucket/api.go:134.3,134.22 1 0
github.com/CompassSecurity/pipeleak/cmd/bitbucket/api.go:137.2,139.23 2 0
github.com/CompassSecurity/pipeleak/cmd/bitbucket/api.go:139.23,141.17 2 0
github.com/CompassSecurity/pipeleak/cmd/bitbucket/api.go:141.17,143.4 1 0
github.com/CompassSecurity/pipeleak/cmd/bitbucket/api.go:145.3,145.44 1 0
github.com/CompassSecurity/pipeleak/cmd/bitbucket/api.go:145.44,147.4 1 0
github.com/CompassSecurity/pipeleak/cmd/bitbucket/api.go:149.3,149.42 1 0
github.com/CompassSecurity/pipeleak/cmd/bitbucket/api.go:150.8,152.17 2 0
github.com/CompassSecurity/pipeleak/cmd/bitbucket/api.go:152.17,154.4 1 0
github.com/CompassSecurity/pipeleak/cmd/bitbucket/api.go:156.3,156.44 1 0
github.com/CompassSecurity/pipeleak/cmd/bitbucket/api.go:156.44,158.4 1 0
github.com/CompassSecurity/pipeleak/cmd/bitbucket/api.go:159.3,159.42 1 0
github.com/CompassSecurity/pipeleak/cmd/bitbucket/api.go:164.157,166.23 2 0
github.com/CompassSecurity/pipeleak/cmd/bitbucket/api.go:166.23,168.3 1 0
github.com/CompassSecurity/pipeleak/cmd/bitbucket/api.go:168.8,170.17 2 0
github.com/CompassSecurity/pipeleak/cmd/bitbucket/api.go:170.17,172.4 1 0
github.com/CompassSecurity/pipeleak/cmd/bitbucket/api.go:173.3,174.22 2 0
github.com/CompassSecurity/pipeleak/cmd/bitbucket/api.go:177.2,183.16 3 0
github.com/CompassSecurity/pipeleak/cmd/bitbucket/api.go:183.16,185.3 1 0
github.com/CompassSecurity/pipeleak/cmd/bitbucket/api.go:188.2,188.43 1 0
github.com/CompassSecurity/pipeleak/cmd/bitbucket/api.go:188.43,190.3 1 0
github.com/CompassSecurity/pipeleak/cmd/bitbucket/api.go:192.2,192.43 1 0
github.com/CompassSecurity/pipeleak/cmd/bitbucket/api.go:192.43,194.3 1 0
github.com/CompassSecurity/pipeleak/cmd/bitbucket/api.go:196.2,196.41 1 0
github.com/CompassSecurity/pipeleak/cmd/bitbucket/api.go:200.176,202.23 2 0
github.com/CompassSecurity/pipeleak/cmd/bitbucket/api.go:202.23,204.3 1 0
github.com/CompassSecurity/pipeleak/cmd/bitbucket/api.go:204.8,206.17 2 0
github.com/CompassSecurity/pipeleak/cmd/bitbucket/api.go:206.17,208.4 1 0
github.com/CompassSecurity/pipeleak/cmd/bitbucket/api.go:209.3,210.22 2 0
github.com/CompassSecurity/pipeleak/cmd/bitbucket/api.go:213.2,218.16 3 0
github.com/CompassSecurity/pipeleak/cmd/bitbucket/api.go:218.16,220.3 1 0
github.com/CompassSecurity/pipeleak/cmd/bitbucket/api.go:222.2,222.43 1 0
github.com/CompassSecurity/pipeleak/cmd/bitbucket/api.go:222.43,224.3 1 0
github.com/CompassSecurity/pipeleak/cmd/bitbucket/api.go:226.2,226.41 1 0
github.com/CompassSecurity/pipeleak/cmd/bitbucket/api.go:230.150,232.16 2 0
github.com/CompassSecurity/pipeleak/cmd/bitbucket/api.go:232.16,234.3 1 0
github.com/CompassSecurity/pipeleak/cmd/bitbucket/api.go:235.2,240.16 3 0
github.com/CompassSecurity/pipeleak/cmd/bitbucket/api.go:240.16,242.3 1 0
github.com/CompassSecurity/pipeleak/cmd/bitbucket/api.go:245.2,245.43 1 0
github.com/CompassSecurity/pipeleak/cmd/bitbucket/api.go:245.43,247.3 1 0
github.com/CompassSecurity/pipeleak/cmd/bitbucket/api.go:249.2,249.43 1 0
github.com/CompassSecurity/pipeleak/cmd/bitbucket/api.go:249.43,251.3 1 0
github.com/CompassSecurity/pipeleak/cmd/bitbucket/api.go:253.2,253.30 1 0
github.com/CompassSecurity/pipeleak/cmd/bitbucket/api.go:257.163,259.23 2 0
github.com/CompassSecurity/pipeleak/cmd/bitbucket/api.go:259.23,261.3 1 0
github.com/CompassSecurity/pipeleak/cmd/bitbucket/api.go:261.8,263.17 2 0
github.com/CompassSecurity/pipeleak/cmd/bitbucket/api.go:263.17,265.4 1 0
github.com/CompassSecurity/pipeleak/cmd/bitbucket/api.go:266.3,267.22 2 0
github.com/CompassSecurity/pipeleak/cmd/bitbucket/api.go:270.2,275.16 3 0
github.com/CompassSecurity/pipeleak/cmd/bitbucket/api.go:275.16,277.3 1 0
github.com/CompassSecurity/pipeleak/cmd/bitbucket/api.go:279.2,279.43 1 0
github.com/CompassSecurity/pipeleak/cmd/bitbucket/api.go:279.43,281.3 1 0
github.com/CompassSecurity/pipeleak/cmd/bitbucket/api.go:283.2,283.41 1 0
github.com/CompassSecurity/pipeleak/cmd/bitbucket/api.go:286.68,288.16 2 0
github.com/CompassSecurity/pipeleak/cmd/bitbucket/api.go:288.16,291.3 2 0
github.com/CompassSecurity/pipeleak/cmd/bitbucket/api.go:293.2,293.43 1 0
github.com/CompassSecurity/pipeleak/cmd/bitbucket/api.go:293.43,296.3 2 0
github.com/CompassSecurity/pipeleak/cmd/bitbucket/api.go:298.2,299.16 2 0
github.com/CompassSecurity/pipeleak/cmd/bitbucket/api.go:299.16,302.3 2 0
github.com/CompassSecurity/pipeleak/cmd/bitbucket/api.go:304.2,304.18 1 0
github.com/CompassSecurity/pipeleak/cmd/bitbucket/api.go:308.172,310.23 2 0
github.com/CompassSecurity/pipeleak/cmd/bitbucket/api.go:310.23,312.3 1 0
github.com/CompassSecurity/pipeleak/cmd/bitbucket/api.go:312.8,314.17 2 0
github.com/CompassSecurity/pipeleak/cmd/bitbucket/api.go:314.17,316.4 1 0
github.com/CompassSecurity/pipeleak/cmd/bitbucket/api.go:317.3,318.22 2 0
github.com/CompassSecurity/pipeleak/cmd/bitbucket/api.go:321.2,326.41 3 0
github.com/CompassSecurity/pipeleak/cmd/bitbucket/api.go:330.133,332.16 2 0
github.com/CompassSecurity/pipeleak/cmd/bitbucket/api.go:332.16,334.3 1 0
github.com/CompassSecurity/pipeleak/cmd/bitbucket/api.go:335.2,338.16 3 0
github.com/CompassSecurity/pipeleak/cmd/bitbucket/api.go:338.16,341.3 2 0
github.com/CompassSecurity/pipeleak/cmd/bitbucket/api.go:343.2,344.16 2 0
github.com/CompassSecurity/pipeleak/cmd/bitbucket/api.go:344.16,347.3 2 0
github.com/CompassSecurity/pipeleak/cmd/bitbucket/api.go:349.2,349.18 1 0
github.com/CompassSecurity/pipeleak/cmd/bitbucket/api.go:353.43,359.16 3 0
github.com/CompassSecurity/pipeleak/cmd/bitbucket/api.go:359.16,361.3 1 0
github.com/CompassSecurity/pipeleak/cmd/bitbucket/api.go:363.2,363.43 1 0
github.com/CompassSecurity/pipeleak/cmd/bitbucket/api.go:363.43,365.3 1 0
github.com/CompassSecurity/pipeleak/cmd/bitbucket/api.go:367.2,367.107 1 0
github.com/CompassSecurity/pipeleak/cmd/bitbucket/bitbucket.go:7.43,17.2 3 0
github.com/CompassSecurity/pipeleak/cmd/bitbucket/scan.go:42.34,84.2 17 1
github.com/CompassSecurity/pipeleak/cmd/bitbucket/scan.go:86.46,87.54 1 0
github.com/CompassSecurity/pipeleak/cmd/bitbucket/scan.go:87.54,89.3 1 0
github.com/CompassSecurity/pipeleak/cmd/bitbucket/scan.go:91.2,99.38 6 0
github.com/CompassSecurity/pipeleak/cmd/bitbucket/scan.go:99.38,101.3 1 0
github.com/CompassSecurity/pipeleak/cmd/bitbucket/scan.go:103.2,103.20 1 0
github.com/CompassSecurity/pipeleak/cmd/bitbucket/scan.go:103.20,106.3 2 0
github.com/CompassSecurity/pipeleak/cmd/bitbucket/scan.go:106.8,106.26 1 0
github.com/CompassSecurity/pipeleak/cmd/bitbucket/scan.go:106.26,109.3 2 0
github.com/CompassSecurity/pipeleak/cmd/bitbucket/scan.go:109.8,109.36 1 0
github.com/CompassSecurity/pipeleak/cmd/bitbucket/scan.go:109.36,112.3 2 0
github.com/CompassSecurity/pipeleak/cmd/bitbucket/scan.go:112.8,114.3 1 0
github.com/CompassSecurity/pipeleak/cmd/bitbucket/scan.go:116.2,116.61 1 0
github.com/CompassSecurity/pipeleak/cmd/bitbucket/scan.go:119.43,121.6 2 0
github.com/CompassSecurity/pipeleak/cmd/bitbucket/scan.go:121.6,123.17 2 0
github.com/CompassSecurity/pipeleak/cmd/bitbucket/scan.go:123.17,125.4 1 0
github.com/CompassSecurity/pipeleak/cmd/bitbucket/scan.go:127.3,127.40 1 0
github.com/CompassSecurity/pipeleak/cmd/bitbucket/scan.go:127.40,130.4 2 0
github.com/CompassSecurity/pipeleak/cmd/bitbucket/scan.go:132.3,132.20 1 0
github.com/CompassSecurity/pipeleak/cmd/bitbucket/scan.go:132.20,133.9 1 0
github.com/CompassSecurity/pipeleak/cmd/bitbucket/scan.go:135.3,135.17 1 0
github.com/CompassSecurity/pipeleak/cmd/bitbucket/scan.go:139.65,141.6 2 0
github.com/CompassSecurity/pipeleak/cmd/bitbucket/scan.go:141.6,143.17 2 0
github.com/CompassSecurity/pipeleak/cmd/bitbucket/scan.go:143.17,145.4 1 0
github.com/CompassSecurity/pipeleak/cmd/bitbucket/scan.go:147.3,147.30 1 0
github.com/CompassSecurity/pipeleak/cmd/bitbucket/scan.go:147.30,150.4 2 0
github.com/CompassSecurity/pipeleak/cmd/bitbucket/scan.go:152.3,152.20 1 0
github.com/CompassSecurity/pipeleak/cmd/bitbucket/scan.go:152.20,153.9 1 0
github.com/CompassSecurity/pipeleak/cmd/bitbucket/scan.go:155.3,155.17 1 0
github.com/CompassSecurity/pipeleak/cmd/bitbucket/scan.go:159.58,161.17 2 0
github.com/CompassSecurity/pipeleak/cmd/bitbucket/scan.go:161.17,163.3 1 0
github.com/CompassSecurity/pipeleak/cmd/bitbucket/scan.go:164.2,166.6 3 0
github.com/CompassSecurity/pipeleak/cmd/bitbucket/scan.go:166.6,168.17 2 0
github.com/CompassSecurity/pipeleak/cmd/bitbucket/scan.go:168.17,170.4 1 0
github.com/CompassSecurity/pipeleak/cmd/bitbucket/scan.go:172.3,172.30 1 0
github.com/CompassSecurity/pipeleak/cmd/bitbucket/scan.go:172.30,175.4 2 0
github.com/CompassSecurity/pipeleak/cmd/bitbucket/scan.go:177.3,177.20 1 0
github.com/CompassSecurity/pipeleak/cmd/bitbucket/scan.go:177.20,178.9 1 0
github.com/CompassSecurity/pipeleak/cmd/bitbucket/scan.go:180.3,180.17 1 0
github.com/CompassSecurity/pipeleak/cmd/bitbucket/scan.go:184.74,186.6 2 0
github.com/CompassSecurity/pipeleak/cmd/bitbucket/scan.go:186.6,188.17 2 0
github.com/CompassSecurity/pipeleak/cmd/bitbucket/scan.go:188.17,190.4 1 0
github.com/CompassSecurity/pipeleak/cmd/bitbucket/scan.go:192.3,192.30 1 0
github.com/CompassSecurity/pipeleak/cmd/bitbucket/scan.go:192.30,195.4 2 0
github.com/CompassSecurity/pipeleak/cmd/bitbucket/scan.go:196.3,196.20 1 0
github.com/CompassSecurity/pipeleak/cmd/bitbucket/scan.go:196.20,197.9 1 0
github.com/CompassSecurity/pipeleak/cmd/bitbucket/scan.go:199.3,199.17 1 0
github.com/CompassSecurity/pipeleak/cmd/bitbucket/scan.go:203.90,206.6 3 0
github.com/CompassSecurity/pipeleak/cmd/bitbucket/scan.go:206.6,208.17 2 0
github.com/CompassSecurity/pipeleak/cmd/bitbucket/scan.go:208.17,210.4 1 0
github.com/CompassSecurity/pipeleak/cmd/bitbucket/scan.go:212.3,212.38 1 0
github.com/CompassSecurity/pipeleak/cmd/bitbucket/scan.go:212.38,215.25 3 0
github.com/CompassSecurity/pipeleak/cmd/bitbucket/scan.go:215.25,219.5 3 0
github.com/CompassSecurity/pipeleak/cmd/bitbucket/scan.go:221.4,222.73 2 0
github.com/CompassSecurity/pipeleak/cmd/bitbucket/scan.go:222.73,225.5 2 0
github.com/CompassSecurity/pipeleak/cmd/bitbucket/scan.go:228.3,228.20 1 0
github.com/CompassSecurity/pipeleak/cmd/bitbucket/scan.go:228.20,229.9 1 0
github.com/CompassSecurity/pipeleak/cmd/bitbucket/scan.go:231.3,231.17 1 0
github.com/CompassSecurity/pipeleak/cmd/bitbucket/scan.go:235.99,237.6 2 0
github.com/CompassSecurity/pipeleak/cmd/bitbucket/scan.go:237.6,239.17 2 0
github.com/CompassSecurity/pipeleak/cmd/bitbucket/scan.go:239.17,241.4 1 0
github.com/CompassSecurity/pipeleak/cmd/bitbucket/scan.go:243.3,243.33 1 0
github.com/CompassSecurity/pipeleak/cmd/bitbucket/scan.go:243.33,248.41 3 0
github.com/CompassSecurity/pipeleak/cmd/bitbucket/scan.go:248.41,250.5 1 0
github.com/CompassSecurity/pipeleak/cmd/bitbucket/scan.go:253.3,253.20 1 0
github.com/CompassSecurity/pipeleak/cmd/bitbucket/scan.go:253.20,254.9 1 0
github.com/CompassSecurity/pipeleak/cmd/bitbucket/scan.go:256.3,256.17 1 0
github.com/CompassSecurity/pipeleak/cmd/bitbucket/scan.go:260.94,262.6 2 0
github.com/CompassSecurity/pipeleak/cmd/bitbucket/scan.go:262.6,264.17 2 0
github.com/CompassSecurity/pipeleak/cmd/bitbucket/scan.go:264.17,266.4 1 0
github.com/CompassSecurity/pipeleak/cmd/bitbucket/scan.go:268.3,268.46 1 0
github.com/CompassSecurity/pipeleak/cmd/bitbucket/scan.go:268.46,271.4 2 0
github.com/CompassSecurity/pipeleak/cmd/bitbucket/scan.go:273.3,273.20 1 0
github.com/CompassSecurity/pipeleak/cmd/bitbucket/scan.go:273.20,274.9 1 0
github.com/CompassSecurity/pipeleak/cmd/bitbucket/scan.go:276.3,276.17 1 0
github.com/CompassSecurity/pipeleak/cmd/bitbucket/scan.go:280.111,282.6 2 0
github.com/CompassSecurity/pipeleak/cmd/bitbucket/scan.go:282.6,284.17 2 0
github.com/CompassSecurity/pipeleak/cmd/bitbucket/scan.go:284.17,286.4 1 0
github.com/CompassSecurity/pipeleak/cmd/bitbucket/scan.go:288.3,288.30 1 0
github.com/CompassSecurity/pipeleak/cmd/bitbucket/scan.go:288.30,291.4 2 0
github.com/CompassSecurity/pipeleak/cmd/bitbucket/scan.go:293.3,293.20 1 0
github.com/CompassSecurity/pipeleak/cmd/bitbucket/scan.go:293.20,294.9 1 0
github.com/CompassSecurity/pipeleak/cmd/bitbucket/scan.go:296.3,296.17 1 0
github.com/CompassSecurity/pipeleak/cmd/bitbucket/scan.go:300.105,303.16 3 0
github.com/CompassSecurity/pipeleak/cmd/bitbucket/scan.go:303.16,305.3 1 0
github.com/CompassSecurity/pipeleak/cmd/bitbucket/scan.go:306.2,306.15 1 0
github.com/CompassSecurity/pipeleak/cmd/bitbucket/scan.go:309.121,311.16 2 0
github.com/CompassSecurity/pipeleak/cmd/bitbucket/scan.go:311.16,313.3 1 0
github.com/CompassSecurity/pipeleak/cmd/bitbucket/scan.go:315.2,319.16 2 0
github.com/CompassSecurity/pipeleak/cmd/bitbucket/scan.go:319.16,322.3 2 0
github.com/CompassSecurity/pipeleak/cmd/bitbucket/scan.go:324.2,328.4 3 0
github.com/CompassSecurity/pipeleak/cmd/bitbucket/scan.go:331.105,333.25 2 0
github.com/CompassSecurity/pipeleak/cmd/bitbucket/scan.go:333.25,335.3 1 0
github.com/CompassSecurity/pipeleak/cmd/bitbucket/scan.go:337.2,337.35 1 0
github.com/CompassSecurity/pipeleak/cmd/bitbucket/scan.go:337.35,339.3 1 0
github.com/CompassSecurity/pipeleak/cmd/bitbucket/scan.go:339.8,341.3 1 0
github.com/CompassSecurity/pipeleak/cmd/bitbucket/scan.go:344.34,346.2 1 0
github.com/CompassSecurity/pipeleak/cmd/bitbucket/util.go:11.106,13.16 2 4
github.com/CompassSecurity/pipeleak/cmd/bitbucket/util.go:13.16,16.3 2 0
github.com/CompassSecurity/pipeleak/cmd/bitbucket/util.go:17.2,19.19 2 4
github.com/CompassSecurity/pipeleak/cmd/bitbucket/internal/url/builder.go:11.46,17.2 3 4
github.com/CompassSecurity/pipeleak/cmd/bitbucket/internal/url/builder.go:19.108,21.16 2 7
github.com/CompassSecurity/pipeleak/cmd/bitbucket/internal/url/builder.go:21.16,23.3 1 0
github.com/CompassSecurity/pipeleak/cmd/bitbucket/internal/url/builder.go:24.2,25.24 2 7
github.com/CompassSecurity/pipeleak/cmd/bitbucket/internal/url/builder.go:28.102,31.22 1 6
github.com/CompassSecurity/pipeleak/cmd/bitbucket/internal/url/builder.go:31.22,33.3 1 0
github.com/CompassSecurity/pipeleak/cmd/bitbucket/internal/url/builder.go:35.2,37.120 2 6
github.com/CompassSecurity/pipeleak/cmd/docs/docs.go:20.56,21.15 1 0
github.com/CompassSecurity/pipeleak/cmd/docs/docs.go:22.9,23.24 1 0
github.com/CompassSecurity/pipeleak/cmd/docs/docs.go:23.24,25.4 1 0
github.com/CompassSecurity/pipeleak/cmd/docs/docs.go:26.3,26.28 1 0
github.com/CompassSecurity/pipeleak/cmd/docs/docs.go:27.10,28.28 1 0
github.com/CompassSecurity/pipeleak/cmd/docs/docs.go:32.56,34.15 2 0
github.com/CompassSecurity/pipeleak/cmd/docs/docs.go:35.9,36.24 1 0
github.com/CompassSecurity/pipeleak/cmd/docs/docs.go:36.24,38.4 1 0
github.com/CompassSecurity/pipeleak/cmd/docs/docs.go:39.3,39.39 1 0
github.com/CompassSecurity/pipeleak/cmd/docs/docs.go:40.10,41.39 1 0
github.com/CompassSecurity/pipeleak/cmd/docs/docs.go:45.68,48.29 2 0
github.com/CompassSecurity/pipeleak/cmd/docs/docs.go:48.29,50.55 2 0
github.com/CompassSecurity/pipeleak/cmd/docs/docs.go:50.55,52.4 1 0
github.com/CompassSecurity/pipeleak/cmd/docs/docs.go:53.3,53.44 1 0
github.com/CompassSecurity/pipeleak/cmd/docs/docs.go:54.8,56.3 1 0
github.com/CompassSecurity/pipeleak/cmd/docs/docs.go:58.2,59.16 2 0
github.com/CompassSecurity/pipeleak/cmd/docs/docs.go:59.16,61.3 1 0
github.com/CompassSecurity/pipeleak/cmd/docs/docs.go:62.2,62.15 1 0
github.com/CompassSecurity/pipeleak/cmd/docs/docs.go:62.15,62.32 1 0
github.com/CompassSecurity/pipeleak/cmd/docs/docs.go:64.2,64.45 1 0
github.com/CompassSecurity/pipeleak/cmd/docs/docs.go:64.45,65.25 1 0
github.com/CompassSecurity/pipeleak/cmd/docs/docs.go:65.25,67.4 1 0
github.com/CompassSecurity/pipeleak/cmd/docs/docs.go:69.3,74.18 4 0
github.com/CompassSecurity/pipeleak/cmd/docs/docs.go:74.18,76.4 1 0
github.com/CompassSecurity/pipeleak/cmd/docs/docs.go:78.3,78.17 1 0
github.com/CompassSecurity/pipeleak/cmd/docs/docs.go:81.2,81.73 1 0
github.com/CompassSecurity/pipeleak/cmd/docs/docs.go:81.73,83.3 1 0
github.com/CompassSecurity/pipeleak/cmd/docs/docs.go:85.2,85.35 1 0
github.com/CompassSecurity/pipeleak/cmd/docs/docs.go:85.35,86.66 1 0
github.com/CompassSecurity/pipeleak/cmd/docs/docs.go:86.66,87.12 1 0
github.com/CompassSecurity/pipeleak/cmd/docs/docs.go:89.3,89.55 1 0
github.com/CompassSecurity/pipeleak/cmd/docs/docs.go:89.55,91.4 1 0
github.com/CompassSecurity/pipeleak/cmd/docs/docs.go:94.2,94.12 1 0
github.com/CompassSecurity/pipeleak/cmd/docs/docs.go:103.75,108.29 2 0
github.com/CompassSecurity/pipeleak/cmd/docs/docs.go:108.29,112.36 4 0
github.com/CompassSecurity/pipeleak/cmd/docs/docs.go:112.36,113.67 1 0
github.com/CompassSecurity/pipeleak/cmd/docs/docs.go:113.67,114.13 1 0
github.com/CompassSecurity/pipeleak/cmd/docs/docs.go:116.4,116.73 1 0
github.com/CompassSecurity/pipeleak/cmd/docs/docs.go:118.8,120.3 1 0
github.com/CompassSecurity/pipeleak/cmd/docs/docs.go:122.2,122.14 1 0
github.com/CompassSecurity/pipeleak/cmd/docs/docs.go:125.69,127.28 2 0
github.com/CompassSecurity/pipeleak/cmd/docs/docs.go:127.28,129.54 2 0
github.com/CompassSecurity/pipeleak/cmd/docs/docs.go:129.54,131.4 1 0
github.com/CompassSecurity/pipeleak/cmd/docs/docs.go:132.3,132.27 1 0
github.com/CompassSecurity/pipeleak/cmd/docs/docs.go:132.27,133.38 1 0
github.com/CompassSecurity/pipeleak/cmd/docs/docs.go:133.38,135.5 1 0
github.com/CompassSecurity/pipeleak/cmd/docs/docs.go:136.4,138.6 1 0
github.com/CompassSecurity/pipeleak/cmd/docs/docs.go:139.9,143.4 1 0
github.com/CompassSecurity/pipeleak/cmd/docs/docs.go:145.2,145.17 1 0
github.com/CompassSecurity/pipeleak/cmd/docs/docs.go:148.70,152.17 4 0
github.com/CompassSecurity/pipeleak/cmd/docs/docs.go:152.17,154.3 1 0
github.com/CompassSecurity/pipeleak/cmd/docs/docs.go:155.2,167.60 5 0
github.com/CompassSecurity/pipeleak/cmd/docs/docs.go:167.60,169.3 1 0
github.com/CompassSecurity/pipeleak/cmd/docs/docs.go:171.2,172.35 2 0
github.com/CompassSecurity/pipeleak/cmd/docs/docs.go:172.35,176.17 4 0
github.com/CompassSecurity/pipeleak/cmd/docs/docs.go:176.17,178.4 1 0
github.com/CompassSecurity/pipeleak/cmd/docs/docs.go:179.3,179.55 1 0
github.com/CompassSecurity/pipeleak/cmd/docs/docs.go:179.55,181.4 1 0
github.com/CompassSecurity/pipeleak/cmd/docs/docs.go:184.2,281.16 3 0
github.com/CompassSecurity/pipeleak/cmd/docs/docs.go:281.16,283.3 1 0
github.com/CompassSecurity/pipeleak/cmd/docs/docs.go:285.2,286.47 2 0
github.com/CompassSecurity/pipeleak/cmd/docs/docs.go:293.53,309.2 5 0
github.com/CompassSecurity/pipeleak/cmd/docs/docs.go:311.50,313.16 2 0
github.com/CompassSecurity/pipeleak/cmd/docs/docs.go:313.16,315.3 1 0
github.com/CompassSecurity/pipeleak/cmd/docs/docs.go:316.2,316.32 1 0
github.com/CompassSecurity/pipeleak/cmd/docs/docs.go:316.32,317.20 1 0
github.com/CompassSecurity/pipeleak/cmd/docs/docs.go:317.20,320.52 3 0
github.com/CompassSecurity/pipeleak/cmd/docs/docs.go:320.52,322.5 1 0
github.com/CompassSecurity/pipeleak/cmd/docs/docs.go:325.2,325.12 1 0
github.com/CompassSecurity/pipeleak/cmd/docs/docs.go:328.37,330.16 2 0
github.com/CompassSecurity/pipeleak/cmd/docs/docs.go:330.16,332.3 1 0
github.com/CompassSecurity/pipeleak/cmd/docs/docs.go:333.2,333.54 1 0
github.com/CompassSecurity/pipeleak/cmd/docs/docs.go:333.54,335.3 1 0
github.com/CompassSecurity/pipeleak/cmd/docs/docs.go:336.2,336.32 1 0
github.com/CompassSecurity/pipeleak/cmd/docs/docs.go:336.32,339.20 3 0
github.com/CompassSecurity/pipeleak/cmd/docs/docs.go:339.20,340.52 1 0
github.com/CompassSecurity/pipeleak/cmd/docs/docs.go:340.52,342.5 1 0
github.com/CompassSecurity/pipeleak/cmd/docs/docs.go:343.9,344.53 1 0
github.com/CompassSecurity/pipeleak/cmd/docs/docs.go:344.53,346.5 1 0
github.com/CompassSecurity/pipeleak/cmd/docs/docs.go:349.2,349.12 1 0
github.com/CompassSecurity/pipeleak/cmd/docs/docs.go:352.38,354.16 2 0
github.com/CompassSecurity/pipeleak/cmd/docs/docs.go:354.16,356.3 1 0
github.com/CompassSecurity/pipeleak/cmd/docs/docs.go:357.2,357.15 1 0
github.com/CompassSecurity/pipeleak/cmd/docs/docs.go:357.15,357.33 1 0
github.com/CompassSecurity/pipeleak/cmd/docs/docs.go:358.2,359.16 2 0
github.com/CompassSecurity/pipeleak/cmd/docs/docs.go:359.16,361.3 1 0
github.com/CompassSecurity/pipeleak/cmd/docs/docs.go:362.2,362.15 1 0
github.com/CompassSecurity/pipeleak/cmd/docs/docs.go:362.15,362.34 1 0
github.com/CompassSecurity/pipeleak/cmd/docs/docs.go:363.2,364.12 2 0
github.com/CompassSecurity/pipeleak/cmd/docs/docs.go:367.46,368.54 1 0
github.com/CompassSecurity/pipeleak/cmd/docs/docs.go:368.54,370.3 1 0
github.com/CompassSecurity/pipeleak/cmd/docs/docs.go:372.2,372.17 1 0
github.com/CompassSecurity/pipeleak/cmd/docs/docs.go:372.17,374.3 1 0
github.com/CompassSecurity/pipeleak/cmd/docs/docs.go:376.2,378.46 2 0
github.com/CompassSecurity/pipeleak/cmd/docs/docs.go:378.46,380.49 2 0
github.com/CompassSecurity/pipeleak/cmd/docs/docs.go:380.49,382.4 1 0
github.com/CompassSecurity/pipeleak/cmd/docs/docs.go:385.2,385.60 1 0
github.com/CompassSecurity/pipeleak/cmd/docs/docs.go:385.60,387.3 1 0
github.com/CompassSecurity/pipeleak/cmd/docs/docs.go:389.2,389.91 1 0
github.com/CompassSecurity/pipeleak/cmd/docs/docs.go:389.91,391.3 1 0
github.com/CompassSecurity/pipeleak/cmd/docs/docs.go:393.2,394.60 2 0
github.com/CompassSecurity/pipeleak/cmd/docs/docs.go:394.60,396.3 1 0
github.com/CompassSecurity/pipeleak/cmd/docs/docs.go:398.2,398.60 1 0
github.com/CompassSecurity/pipeleak/cmd/docs/docs.go:398.60,400.3 1 0
github.com/CompassSecurity/pipeleak/cmd/docs/docs.go:402.2,409.37 7 0
github.com/CompassSecurity/pipeleak/cmd/docs/docs.go:409.37,411.3 1 0
github.com/CompassSecurity/pipeleak/cmd/docs/docs.go:413.2,413.11 1 0
github.com/CompassSecurity/pipeleak/cmd/docs/docs.go:413.11,417.59 4 0
github.com/CompassSecurity/pipeleak/cmd/docs/docs.go:417.59,419.4 1 0
github.com/CompassSecurity/pipeleak/cmd/devops/api.go:20.87,21.19 1 0
github.com/CompassSecurity/pipeleak/cmd/devops/api.go:21.19,23.3 1 0
github.com/CompassSecurity/pipeleak/cmd/devops/api.go:24.2,30.40 2 0
github.com/CompassSecurity/pipeleak/cmd/devops/api.go:30.40,31.31 1 0
github.com/CompassSecurity/pipeleak/cmd/devops/api.go:31.31,33.5 1 0
github.com/CompassSecurity/pipeleak/cmd/devops/api.go:33.10,35.5 1 0
github.com/CompassSecurity/pipeleak/cmd/devops/api.go:38.2,38.17 1 0
github.com/CompassSecurity/pipeleak/cmd/devops/api.go:42.99,44.16 2 0
github.com/CompassSecurity/pipeleak/cmd/devops/api.go:44.16,46.3 1 0
github.com/CompassSecurity/pipeleak/cmd/devops/api.go:47.2,55.16 4 0
github.com/CompassSecurity/pipeleak/cmd/devops/api.go:55.16,57.3 1 0
github.com/CompassSecurity/pipeleak/cmd/devops/api.go:59.2,59.42 1 0
github.com/CompassSecurity/pipeleak/cmd/devops/api.go:59.42,61.3 1 0
github.com/CompassSecurity/pipeleak/cmd/devops/api.go:63.2,63.23 1 0
github.com/CompassSecurity/pipeleak/cmd/devops/api.go:67.96,69.16 2 0
github.com/CompassSecurity/pipeleak/cmd/devops/api.go:69.16,71.3 1 0
github.com/CompassSecurity/pipeleak/cmd/devops/api.go:72.2,81.16 4 0
github.com/CompassSecurity/pipeleak/cmd/devops/api.go:81.16,83.3 1 0
github.com/CompassSecurity/pipeleak/cmd/devops/api.go:85.2,85.42 1 0
github.com/CompassSecurity/pipeleak/cmd/devops/api.go:85.42,87.3 1 0
github.com/CompassSecurity/pipeleak/cmd/devops/api.go:89.2,89.29 1 0
github.com/CompassSecurity/pipeleak/cmd/devops/api.go:93.135,96.16 3 0
github.com/CompassSecurity/pipeleak/cmd/devops/api.go:96.16,98.3 1 0
github.com/CompassSecurity/pipeleak/cmd/devops/api.go:99.2,110.16 5 0
github.com/CompassSecurity/pipeleak/cmd/devops/api.go:110.16,112.3 1 0
github.com/CompassSecurity/pipeleak/cmd/devops/api.go:114.2,114.72 1 0
github.com/CompassSecurity/pipeleak/cmd/devops/api.go:114.72,116.3 1 0
github.com/CompassSecurity/pipeleak/cmd/devops/api.go:118.2,118.73 1 0
github.com/CompassSecurity/pipeleak/cmd/devops/api.go:122.147,125.16 3 0
github.com/CompassSecurity/pipeleak/cmd/devops/api.go:125.16,127.3 1 0
github.com/CompassSecurity/pipeleak/cmd/devops/api.go:129.2,140.16 5 0
github.com/CompassSecurity/pipeleak/cmd/devops/api.go:140.16,142.3 1 0
github.com/CompassSecurity/pipeleak/cmd/devops/api.go:144.2,144.72 1 0
github.com/CompassSecurity/pipeleak/cmd/devops/api.go:144.72,146.3 1 0
github.com/CompassSecurity/pipeleak/cmd/devops/api.go:148.2,148.73 1 0
github.com/CompassSecurity/pipeleak/cmd/devops/api.go:153.132,156.16 3 0
github.com/CompassSecurity/pipeleak/cmd/devops/api.go:156.16,158.3 1 0
github.com/CompassSecurity/pipeleak/cmd/devops/api.go:160.2,169.16 5 0
github.com/CompassSecurity/pipeleak/cmd/devops/api.go:169.16,171.3 1 0
github.com/CompassSecurity/pipeleak/cmd/devops/api.go:173.2,173.72 1 0
github.com/CompassSecurity/pipeleak/cmd/devops/api.go:173.72,175.3 1 0
github.com/CompassSecurity/pipeleak/cmd/devops/api.go:177.2,177.29 1 0
github.com/CompassSecurity/pipeleak/cmd/devops/api.go:181.132,184.16 3 0
github.com/CompassSecurity/pipeleak/cmd/devops/api.go:184.16,186.3 1 0
github.com/CompassSecurity/pipeleak/cmd/devops/api.go:188.2,195.16 4 0
github.com/CompassSecurity/pipeleak/cmd/devops/api.go:195.16,197.3 1 0
github.com/CompassSecurity/pipeleak/cmd/devops/api.go:199.2,199.72 1 0
github.com/CompassSecurity/pipeleak/cmd/devops/api.go:199.72,201.3 1 0
github.com/CompassSecurity/pipeleak/cmd/devops/api.go:203.2,203.30 1 0
github.com/CompassSecurity/pipeleak/cmd/devops/api.go:206.96,210.16 2 0
github.com/CompassSecurity/pipeleak/cmd/devops/api.go:210.16,212.3 1 0
github.com/CompassSecurity/pipeleak/cmd/devops/api.go:214.2,214.72 1 0
github.com/CompassSecurity/pipeleak/cmd/devops/api.go:214.72,216.3 1 0
github.com/CompassSecurity/pipeleak/cmd/devops/api.go:218.2,218.30 1 0
github.com/CompassSecurity/pipeleak/cmd/devops/api.go:223.171,226.16 3 0
github.com/CompassSecurity/pipeleak/cmd/devops/api.go:226.16,228.3 1 0
github.com/CompassSecurity/pipeleak/cmd/devops/api.go:230.2,240.16 5 0
github.com/CompassSecurity/pipeleak/cmd/devops/api.go:240.16,242.3 1 0
github.com/CompassSecurity/pipeleak/cmd/devops/api.go:244.2,244.72 1 0
github.com/CompassSecurity/pipeleak/cmd/devops/api.go:244.72,246.3 1 0
github.com/CompassSecurity/pipeleak/cmd/devops/api.go:248.2,248.73 1 0
github.com/CompassSecurity/pipeleak/cmd/devops/devops.go:7.45,17.2 3 1
github.com/CompassSecurity/pipeleak/cmd/devops/scan.go:34.34,62.16 4 2
github.com/CompassSecurity/pipeleak/cmd/devops/scan.go:62.16,64.3 1 0
github.com/CompassSecurity/pipeleak/cmd/devops/scan.go:65.2,67.16 3 2
github.com/CompassSecurity/pipeleak/cmd/devops/scan.go:67.16,69.3 1 0
github.com/CompassSecurity/pipeleak/cmd/devops/scan.go:70.2,83.16 11 2
github.com/CompassSecurity/pipeleak/cmd/devops/scan.go:86.46,95.57 6 0
github.com/CompassSecurity/pipeleak/cmd/devops/scan.go:95.57,97.3 1 0
github.com/CompassSecurity/pipeleak/cmd/devops/scan.go:97.8,97.64 1 0
github.com/CompassSecurity/pipeleak/cmd/devops/scan.go:97.64,99.3 1 0
github.com/CompassSecurity/pipeleak/cmd/devops/scan.go:99.8,99.64 1 0
github.com/CompassSecurity/pipeleak/cmd/devops/scan.go:99.64,101.3 1 0
github.com/CompassSecurity/pipeleak/cmd/devops/scan.go:103.2,103.61 1 0
github.com/CompassSecurity/pipeleak/cmd/devops/scan.go:106.57,110.16 3 0
github.com/CompassSecurity/pipeleak/cmd/devops/scan.go:110.16,112.3 1 0
github.com/CompassSecurity/pipeleak/cmd/devops/scan.go:114.2,115.31 2 0
github.com/CompassSecurity/pipeleak/cmd/devops/scan.go:118.73,121.2 2 0
github.com/CompassSecurity/pipeleak/cmd/devops/scan.go:123.84,126.2 2 0
github.com/CompassSecurity/pipeleak/cmd/devops/scan.go:128.63,130.16 2 0
github.com/CompassSecurity/pipeleak/cmd/devops/scan.go:130.16,132.3 1 0
github.com/CompassSecurity/pipeleak/cmd/devops/scan.go:134.2,134.24 1 0
github.com/CompassSecurity/pipeleak/cmd/devops/scan.go:134.24,137.3 2 0
github.com/CompassSecurity/pipeleak/cmd/devops/scan.go:139.2,139.35 1 0
github.com/CompassSecurity/pipeleak/cmd/devops/scan.go:139.35,142.3 2 0
github.com/CompassSecurity/pipeleak/cmd/devops/scan.go:145.69,147.6 2 0
github.com/CompassSecurity/pipeleak/cmd/devops/scan.go:147.6,150.17 2 0
github.com/CompassSecurity/pipeleak/cmd/devops/scan.go:150.17,152.4 1 0
github.com/CompassSecurity/pipeleak/cmd/devops/scan.go:154.3,154.36 1 0
github.com/CompassSecurity/pipeleak/cmd/devops/scan.go:154.36,156.4 1 0
github.com/CompassSecurity/pipeleak/cmd/devops/scan.go:158.3,158.19 1 0
github.com/CompassSecurity/pipeleak/cmd/devops/scan.go:158.19,159.9 1 0
github.com/CompassSecurity/pipeleak/cmd/devops/scan.go:161.3,161.29 1 0
github.com/CompassSecurity/pipeleak/cmd/devops/scan.go:165.83,168.6 3 0
github.com/CompassSecurity/pipeleak/cmd/devops/scan.go:168.6,170.17 2 0
github.com/CompassSecurity/pipeleak/cmd/devops/scan.go:170.17,172.4 1 0
github.com/CompassSecurity/pipeleak/cmd/devops/scan.go:174.3,174.32 1 0
github.com/CompassSecurity/pipeleak/cmd/devops/scan.go:174.32,178.25 3 0
github.com/CompassSecurity/pipeleak/cmd/devops/scan.go:178.25,180.5 1 0
github.com/CompassSecurity/pipeleak/cmd/devops/scan.go:182.4,183.65 2 0
github.com/CompassSecurity/pipeleak/cmd/devops/scan.go:183.65,186.5 2 0
github.com/CompassSecurity/pipeleak/cmd/devops/scan.go:189.3,189.19 1 0
github.com/CompassSecurity/pipeleak/cmd/devops/scan.go:189.19,190.9 1 0
github.com/CompassSecurity/pipeleak/cmd/devops/scan.go:192.3,192.29 1 0
github.com/CompassSecurity/pipeleak/cmd/devops/scan.go:196.114,198.16 2 0
github.com/CompassSecurity/pipeleak/cmd/devops/scan.go:198.16,200.3 1 0
github.com/CompassSecurity/pipeleak/cmd/devops/scan.go:202.2,202.32 1 0
github.com/CompassSecurity/pipeleak/cmd/devops/scan.go:202.32,205.17 3 0
github.com/CompassSecurity/pipeleak/cmd/devops/scan.go:205.17,207.4 1 0
github.com/CompassSecurity/pipeleak/cmd/devops/scan.go:209.3,209.38 1 0
github.com/CompassSecurity/pipeleak/cmd/devops/scan.go:213.52,218.16 2 0
github.com/CompassSecurity/pipeleak/cmd/devops/scan.go:218.16,221.3 2 0
github.com/CompassSecurity/pipeleak/cmd/devops/scan.go:223.2,225.4 1 0
github.com/CompassSecurity/pipeleak/cmd/devops/scan.go:228.119,230.6 2 0
github.com/CompassSecurity/pipeleak/cmd/devops/scan.go:230.6,232.17 2 0
github.com/CompassSecurity/pipeleak/cmd/devops/scan.go:232.17,234.4 1 0
github.com/CompassSecurity/pipeleak/cmd/devops/scan.go:236.3,236.38 1 0
github.com/CompassSecurity/pipeleak/cmd/devops/scan.go:236.38,239.4 2 0
github.com/CompassSecurity/pipeleak/cmd/devops/scan.go:241.3,241.19 1 0
github.com/CompassSecurity/pipeleak/cmd/devops/scan.go:241.19,242.9 1 0
github.com/CompassSecurity/pipeleak/cmd/devops/scan.go:244.3,244.29 1 0
github.com/CompassSecurity/pipeleak/cmd/devops/scan.go:248.85,250.16 2 0
github.com/CompassSecurity/pipeleak/cmd/devops/scan.go:250.16,253.3 2 0
github.com/CompassSecurity/pipeleak/cmd/devops/scan.go:255.2,261.16 2 0
github.com/CompassSecurity/pipeleak/cmd/devops/scan.go:261.16,264.3 2 0
github.com/CompassSecurity/pipeleak/cmd/devops/scan.go:267.34,269.2 1 0
github.com/CompassSecurity/pipeleak/cmd/gitea/enum/enum.go:18.34,30.2 4 0
github.com/CompassSecurity/pipeleak/cmd/gitea/enum/enum.go:32.46,35.57 2 0
github.com/CompassSecurity/pipeleak/cmd/gitea/enum/enum.go:35.57,37.3 1 0
github.com/CompassSecurity/pipeleak/cmd/gitea/enum/enum.go:40.47,42.16 2 0
github.com/CompassSecurity/pipeleak/cmd/gitea/enum/enum.go:42.16,44.3 1 0
github.com/CompassSecurity/pipeleak/cmd/gitea/enum/enum.go:46.2,48.16 3 0
github.com/CompassSecurity/pipeleak/cmd/gitea/enum/enum.go:48.16,50.3 1 0
github.com/CompassSecurity/pipeleak/cmd/gitea/enum/enum.go:52.2,52.17 1 0
github.com/CompassSecurity/pipeleak/cmd/gitea/enum/enum.go:52.17,54.3 1 0
github.com/CompassSecurity/pipeleak/cmd/gitea/enum/enum.go:56.2,72.6 5 0
github.com/CompassSecurity/pipeleak/cmd/gitea/enum/enum.go:72.6,80.17 2 0
github.com/CompassSecurity/pipeleak/cmd/gitea/enum/enum.go:80.17,82.9 2 0
github.com/CompassSecurity/pipeleak/cmd/gitea/enum/enum.go:85.3,85.28 1 0
github.com/CompassSecurity/pipeleak/cmd/gitea/enum/enum.go:85.28,88.18 2 0
github.com/CompassSecurity/pipeleak/cmd/gitea/enum/enum.go:88.18,90.5 1 0
github.com/CompassSecurity/pipeleak/cmd/gitea/enum/enum.go:92.4,100.23 2 0
github.com/CompassSecurity/pipeleak/cmd/gitea/enum/enum.go:100.23,107.5 1 0
github.com/CompassSecurity/pipeleak/cmd/gitea/enum/enum.go:109.4,112.8 3 0
github.com/CompassSecurity/pipeleak/cmd/gitea/enum/enum.go:112.8,120.19 2 0
github.com/CompassSecurity/pipeleak/cmd/gitea/enum/enum.go:120.19,122.11 2 0
github.com/CompassSecurity/pipeleak/cmd/gitea/enum/enum.go:125.5,125.35 1 0
github.com/CompassSecurity/pipeleak/cmd/gitea/enum/enum.go:125.35,136.33 2 0
github.com/CompassSecurity/pipeleak/cmd/gitea/enum/enum.go:136.33,141.7 1 0
github.com/CompassSecurity/pipeleak/cmd/gitea/enum/enum.go:143.6,143.44 1 0
github.com/CompassSecurity/pipeleak/cmd/gitea/enum/enum.go:146.5,146.50 1 0
github.com/CompassSecurity/pipeleak/cmd/gitea/enum/enum.go:146.50,147.11 1 0
github.com/CompassSecurity/pipeleak/cmd/gitea/enum/enum.go:150.5,150.33 1 0
github.com/CompassSecurity/pipeleak/cmd/gitea/enum/enum.go:154.3,154.40 1 0
github.com/CompassSecurity/pipeleak/cmd/gitea/enum/enum.go:154.40,155.9 1 0
github.com/CompassSecurity/pipeleak/cmd/gitea/enum/enum.go:158.3,158.26 1 0
github.com/CompassSecurity/pipeleak/cmd/gitea/enum/enum.go:161.2,164.6 3 0
github.com/CompassSecurity/pipeleak/cmd/gitea/enum/enum.go:164.6,171.17 2 0
github.com/CompassSecurity/pipeleak/cmd/gitea/enum/enum.go:171.17,173.9 2 0
github.com/CompassSecurity/pipeleak/cmd/gitea/enum/enum.go:176.3,176.30 1 0
github.com/CompassSecurity/pipeleak/cmd/gitea/enum/enum.go:176.30,187.31 2 0
github.com/CompassSecurity/pipeleak/cmd/gitea/enum/enum.go:187.31,192.5 1 0
github.com/CompassSecurity/pipeleak/cmd/gitea/enum/enum.go:194.4,194.34 1 0
github.com/CompassSecurity/pipeleak/cmd/gitea/enum/enum.go:197.3,197.40 1 0
github.com/CompassSecurity/pipeleak/cmd/gitea/enum/enum.go:197.40,198.9 1 0
github.com/CompassSecurity/pipeleak/cmd/gitea/enum/enum.go:200.3,200.27 1 0
github.com/CompassSecurity/pipeleak/cmd/gitea/enum/enum.go:203.2,204.12 2 0
github.com/CompassSecurity/pipeleak/cmd/bitbucket/internal/processor/pipeline.go:17.162,26.16 3 5
github.com/CompassSecurity/pipeleak/cmd/bitbucket/internal/processor/pipeline.go:26.16,29.3 2 0
github.com/CompassSecurity/pipeleak/cmd/bitbucket/internal/processor/pipeline.go:31.2,32.20 2 5
github.com/CompassSecurity/pipeleak/cmd/bitbucket/internal/processor/pipeline.go:44.112,50.25 2 6
github.com/CompassSecurity/pipeleak/cmd/bitbucket/internal/processor/pipeline.go:50.25,52.3 1 2
github.com/CompassSecurity/pipeleak/cmd/bitbucket/internal/processor/pipeline.go:54.2,54.35 1 4
github.com/CompassSecurity/pipeleak/cmd/bitbucket/internal/processor/pipeline.go:54.35,58.3 3 1
github.com/CompassSecurity/pipeleak/cmd/bitbucket/internal/processor/pipeline.go:58.8,62.3 3 3
github.com/CompassSecurity/pipeleak/cmd/bitbucket/internal/processor/pipeline.go:64.2,64.15 1 4
github.com/CompassSecurity/pipeleak/cmd/bitbucket/internal/processor/pipeline.go:67.62,68.19 1 7
github.com/CompassSecurity/pipeleak/cmd/bitbucket/internal/processor/pipeline.go:68.19,70.3 1 2
github.com/CompassSecurity/pipeleak/cmd/bitbucket/internal/processor/pipeline.go:71.2,71.32 1 5
github.com/CompassSecurity/pipeleak/cmd/gitea/gitea.go:13.39,27.2 5 1
github.com/CompassSecurity/pipeleak/cmd/devops/internal/processor/artifact.go:28.158,30.16 2 5
github.com/CompassSecurity/pipeleak/cmd/devops/internal/processor/artifact.go:30.16,32.3 1 1
github.com/CompassSecurity/pipeleak/cmd/devops/internal/processor/artifact.go:34.2,44.39 5 4
github.com/CompassSecurity/pipeleak/cmd/devops/internal/processor/artifact.go:44.39,46.38 2 24
github.com/CompassSecurity/pipeleak/cmd/devops/internal/processor/artifact.go:46.38,49.4 2 24
github.com/CompassSecurity/pipeleak/cmd/devops/internal/processor/artifact.go:52.2,55.38 3 4
github.com/CompassSecurity/pipeleak/cmd/devops/internal/processor/artifact.go:55.38,57.3 1 24
github.com/CompassSecurity/pipeleak/cmd/devops/internal/processor/artifact.go:59.2,59.20 1 4
github.com/CompassSecurity/pipeleak/cmd/devops/internal/processor/artifact.go:62.113,68.16 3 24
github.com/CompassSecurity/pipeleak/cmd/devops/internal/processor/artifact.go:68.16,71.3 2 0
github.com/CompassSecurity/pipeleak/cmd/devops/internal/processor/artifact.go:72.2,72.15 1 24
github.com/CompassSecurity/pipeleak/cmd/devops/internal/processor/artifact.go:72.15,72.33 1 24
github.com/CompassSecurity/pipeleak/cmd/devops/internal/processor/artifact.go:74.2,75.16 2 24
github.com/CompassSecurity/pipeleak/cmd/devops/internal/processor/artifact.go:75.16,78.3 2 0
github.com/CompassSecurity/pipeleak/cmd/devops/internal/processor/artifact.go:80.2,83.30 3 24
github.com/CompassSecurity/pipeleak/cmd/devops/internal/processor/artifact.go:83.30,86.3 2 24
github.com/CompassSecurity/pipeleak/cmd/devops/internal/processor/artifact.go:86.8,86.40 1 0
github.com/CompassSecurity/pipeleak/cmd/devops/internal/processor/artifact.go:86.40,89.3 2 0
github.com/CompassSecurity/pipeleak/cmd/devops/internal/processor/artifact.go:91.2,91.15 1 24
github.com/CompassSecurity/pipeleak/cmd/devops/internal/processor/artifact.go:94.137,102.30 4 4
github.com/CompassSecurity/pipeleak/cmd/devops/internal/processor/artifact.go:102.30,105.3 2 4
github.com/CompassSecurity/pipeleak/cmd/devops/internal/processor/artifact.go:105.8,105.40 1 0
github.com/CompassSecurity/pipeleak/cmd/devops/internal/processor/artifact.go:105.40,108.3 2 0
github.com/CompassSecurity/pipeleak/cmd/devops/internal/processor/artifact.go:110.2,110.20 1 4
github.com/CompassSecurity/pipeleak/cmd/devops/internal/processor/logs.go:12.127,14.16 2 4
github.com/CompassSecurity/pipeleak/cmd/devops/internal/processor/logs.go:14.16,16.3 1 0
github.com/CompassSecurity/pipeleak/cmd/devops/internal/processor/logs.go:18.2,21.8 1 4
