mode: atomic
github.com/CompassSecurity/pipeleak/pkg/scanner/rules/rules.go:24.22,25.69 1 10
github.com/CompassSecurity/pipeleak/pkg/scanner/rules/rules.go:25.69,28.17 3 1
github.com/CompassSecurity/pipeleak/pkg/scanner/rules/rules.go:28.17,31.4 2 0
github.com/CompassSecurity/pipeleak/pkg/scanner/rules/rules.go:35.54,38.16 2 1
github.com/CompassSecurity/pipeleak/pkg/scanner/rules/rules.go:38.16,40.3 1 0
github.com/CompassSecurity/pipeleak/pkg/scanner/rules/rules.go:41.2,41.15 1 1
github.com/CompassSecurity/pipeleak/pkg/scanner/rules/rules.go:41.15,41.34 1 1
github.com/CompassSecurity/pipeleak/pkg/scanner/rules/rules.go:43.2,45.16 3 1
github.com/CompassSecurity/pipeleak/pkg/scanner/rules/rules.go:45.16,47.3 1 0
github.com/CompassSecurity/pipeleak/pkg/scanner/rules/rules.go:48.2,48.15 1 1
github.com/CompassSecurity/pipeleak/pkg/scanner/rules/rules.go:48.15,48.40 1 1
github.com/CompassSecurity/pipeleak/pkg/scanner/rules/rules.go:50.2,51.16 2 1
github.com/CompassSecurity/pipeleak/pkg/scanner/rules/rules.go:51.16,53.3 1 0
github.com/CompassSecurity/pipeleak/pkg/scanner/rules/rules.go:55.2,55.12 1 1
github.com/CompassSecurity/pipeleak/pkg/scanner/rules/rules.go:58.43,61.40 2 8
github.com/CompassSecurity/pipeleak/pkg/scanner/rules/rules.go:61.40,64.17 3 7
github.com/CompassSecurity/pipeleak/pkg/scanner/rules/rules.go:64.17,66.4 1 0
github.com/CompassSecurity/pipeleak/pkg/scanner/rules/rules.go:67.3,68.17 2 7
github.com/CompassSecurity/pipeleak/pkg/scanner/rules/rules.go:68.17,70.4 1 0
github.com/CompassSecurity/pipeleak/pkg/scanner/rules/rules.go:72.3,74.32 2 7
github.com/CompassSecurity/pipeleak/pkg/scanner/rules/rules.go:74.32,77.37 3 3
github.com/CompassSecurity/pipeleak/pkg/scanner/rules/rules.go:77.37,78.70 1 12
github.com/CompassSecurity/pipeleak/pkg/scanner/rules/rules.go:78.70,80.6 1 4
github.com/CompassSecurity/pipeleak/pkg/scanner/rules/rules.go:82.4,85.23 3 3
github.com/CompassSecurity/pipeleak/pkg/scanner/rules/rules.go:85.23,87.5 1 1
github.com/CompassSecurity/pipeleak/pkg/scanner/rules/rules.go:89.4,89.69 1 3
github.com/CompassSecurity/pipeleak/pkg/scanner/rules/rules.go:90.9,93.4 2 4
github.com/CompassSecurity/pipeleak/pkg/scanner/rules/rules.go:96.2,97.30 2 8
github.com/CompassSecurity/pipeleak/pkg/scanner/rules/rules.go:97.30,99.3 1 0
github.com/CompassSecurity/pipeleak/pkg/scanner/rules/rules.go:99.8,101.3 1 8
github.com/CompassSecurity/pipeleak/pkg/scanner/rules/rules.go:104.79,108.2 3 9
github.com/CompassSecurity/pipeleak/pkg/scanner/rules/rules.go:110.49,112.2 1 2
github.com/CompassSecurity/pipeleak/pkg/scanner/rules/rules.go:114.48,116.2 1 2
