mode: atomic
github.com/CompassSecurity/pipeleak/main.go:12.13,16.16 4 0
github.com/CompassSecurity/pipeleak/main.go:16.16,18.3 1 0
github.com/CompassSecurity/pipeleak/main.go:21.26,22.41 1 0
github.com/CompassSecurity/pipeleak/main.go:22.41,24.17 2 0
github.com/CompassSecurity/pipeleak/main.go:24.17,26.4 1 0
github.com/CompassSecurity/pipeleak/main.go:30.29,31.34 1 0
github.com/CompassSecurity/pipeleak/main.go:31.34,33.3 1 0
github.com/CompassSecurity/pipeleak/cmd/root.go:27.61,29.4 1 1
github.com/CompassSecurity/pipeleak/cmd/root.go:36.22,38.2 1 2
github.com/CompassSecurity/pipeleak/cmd/root.go:40.13,58.2 16 1
github.com/CompassSecurity/pipeleak/cmd/root.go:64.60,66.38 2 8
github.com/CompassSecurity/pipeleak/cmd/root.go:66.38,68.3 1 6
github.com/CompassSecurity/pipeleak/cmd/root.go:71.2,72.31 2 8
github.com/CompassSecurity/pipeleak/cmd/root.go:72.31,74.3 1 0
github.com/CompassSecurity/pipeleak/cmd/root.go:76.2,79.16 3 8
github.com/CompassSecurity/pipeleak/cmd/root.go:79.16,81.3 1 0
github.com/CompassSecurity/pipeleak/cmd/root.go:83.2,83.30 1 8
github.com/CompassSecurity/pipeleak/cmd/root.go:83.30,85.3 1 0
github.com/CompassSecurity/pipeleak/cmd/root.go:87.2,87.25 1 8
github.com/CompassSecurity/pipeleak/cmd/root.go:90.19,92.19 2 5
github.com/CompassSecurity/pipeleak/cmd/root.go:92.19,98.17 2 1
github.com/CompassSecurity/pipeleak/cmd/root.go:98.17,99.14 1 0
github.com/CompassSecurity/pipeleak/cmd/root.go:101.3,101.49 1 1
github.com/CompassSecurity/pipeleak/cmd/root.go:104.2,104.19 1 5
github.com/CompassSecurity/pipeleak/cmd/root.go:104.19,106.3 1 1
github.com/CompassSecurity/pipeleak/cmd/root.go:106.8,109.3 2 4
github.com/CompassSecurity/pipeleak/cmd/root.go:111.2,111.43 1 5
github.com/CompassSecurity/pipeleak/cmd/bitbucket/api.go:22.93,24.30 2 14
github.com/CompassSecurity/pipeleak/cmd/bitbucket/api.go:24.30,36.3 5 1
github.com/CompassSecurity/pipeleak/cmd/bitbucket/api.go:38.2,40.40 2 14
github.com/CompassSecurity/pipeleak/cmd/bitbucket/api.go:40.40,41.31 1 0
github.com/CompassSecurity/pipeleak/cmd/bitbucket/api.go:41.31,43.5 1 0
github.com/CompassSecurity/pipeleak/cmd/bitbucket/api.go:43.10,45.5 1 0
github.com/CompassSecurity/pipeleak/cmd/bitbucket/api.go:48.2,48.17 1 14
github.com/CompassSecurity/pipeleak/cmd/bitbucket/api.go:52.115,54.23 2 1
github.com/CompassSecurity/pipeleak/cmd/bitbucket/api.go:54.23,56.3 1 0
github.com/CompassSecurity/pipeleak/cmd/bitbucket/api.go:57.2,63.16 3 1
github.com/CompassSecurity/pipeleak/cmd/bitbucket/api.go:63.16,65.3 1 0
github.com/CompassSecurity/pipeleak/cmd/bitbucket/api.go:67.2,67.43 1 1
github.com/CompassSecurity/pipeleak/cmd/bitbucket/api.go:67.43,69.3 1 1
github.com/CompassSecurity/pipeleak/cmd/bitbucket/api.go:71.2,71.41 1 1
github.com/CompassSecurity/pipeleak/cmd/bitbucket/api.go:75.144,77.23 2 1
github.com/CompassSecurity/pipeleak/cmd/bitbucket/api.go:77.23,79.3 1 0
github.com/CompassSecurity/pipeleak/cmd/bitbucket/api.go:79.8,81.17 2 1
github.com/CompassSecurity/pipeleak/cmd/bitbucket/api.go:81.17,83.4 1 0
github.com/CompassSecurity/pipeleak/cmd/bitbucket/api.go:84.3,85.22 2 1
github.com/CompassSecurity/pipeleak/cmd/bitbucket/api.go:88.2,94.16 3 1
github.com/CompassSecurity/pipeleak/cmd/bitbucket/api.go:94.16,96.3 1 0
github.com/CompassSecurity/pipeleak/cmd/bitbucket/api.go:98.2,98.43 1 1
github.com/CompassSecurity/pipeleak/cmd/bitbucket/api.go:98.43,100.3 1 1
github.com/CompassSecurity/pipeleak/cmd/bitbucket/api.go:102.2,102.41 1 1
github.com/CompassSecurity/pipeleak/cmd/bitbucket/api.go:106.142,108.23 2 1
github.com/CompassSecurity/pipeleak/cmd/bitbucket/api.go:108.23,110.3 1 0
github.com/CompassSecurity/pipeleak/cmd/bitbucket/api.go:110.8,112.17 2 1
github.com/CompassSecurity/pipeleak/cmd/bitbucket/api.go:112.17,114.4 1 0
github.com/CompassSecurity/pipeleak/cmd/bitbucket/api.go:115.3,115.22 1 1
github.com/CompassSecurity/pipeleak/cmd/bitbucket/api.go:118.2,120.23 2 1
github.com/CompassSecurity/pipeleak/cmd/bitbucket/api.go:120.23,122.17 2 1
github.com/CompassSecurity/pipeleak/cmd/bitbucket/api.go:122.17,124.4 1 0
github.com/CompassSecurity/pipeleak/cmd/bitbucket/api.go:126.3,126.44 1 1
github.com/CompassSecurity/pipeleak/cmd/bitbucket/api.go:126.44,128.4 1 1
github.com/CompassSecurity/pipeleak/cmd/bitbucket/api.go:130.3,130.42 1 1
github.com/CompassSecurity/pipeleak/cmd/bitbucket/api.go:131.8,133.17 2 0
github.com/CompassSecurity/pipeleak/cmd/bitbucket/api.go:133.17,135.4 1 0
github.com/CompassSecurity/pipeleak/cmd/bitbucket/api.go:137.3,137.44 1 0
github.com/CompassSecurity/pipeleak/cmd/bitbucket/api.go:137.44,139.4 1 0
github.com/CompassSecurity/pipeleak/cmd/bitbucket/api.go:140.3,140.42 1 0
github.com/CompassSecurity/pipeleak/cmd/bitbucket/api.go:145.157,147.23 2 1
github.com/CompassSecurity/pipeleak/cmd/bitbucket/api.go:147.23,149.3 1 0
github.com/CompassSecurity/pipeleak/cmd/bitbucket/api.go:149.8,151.17 2 1
github.com/CompassSecurity/pipeleak/cmd/bitbucket/api.go:151.17,153.4 1 0
github.com/CompassSecurity/pipeleak/cmd/bitbucket/api.go:154.3,155.22 2 1
github.com/CompassSecurity/pipeleak/cmd/bitbucket/api.go:158.2,164.16 3 1
github.com/CompassSecurity/pipeleak/cmd/bitbucket/api.go:164.16,166.3 1 0
github.com/CompassSecurity/pipeleak/cmd/bitbucket/api.go:169.2,169.43 1 1
github.com/CompassSecurity/pipeleak/cmd/bitbucket/api.go:169.43,171.3 1 0
github.com/CompassSecurity/pipeleak/cmd/bitbucket/api.go:173.2,173.43 1 1
github.com/CompassSecurity/pipeleak/cmd/bitbucket/api.go:173.43,175.3 1 1
github.com/CompassSecurity/pipeleak/cmd/bitbucket/api.go:177.2,177.41 1 1
github.com/CompassSecurity/pipeleak/cmd/bitbucket/api.go:181.176,183.23 2 1
github.com/CompassSecurity/pipeleak/cmd/bitbucket/api.go:183.23,185.3 1 0
github.com/CompassSecurity/pipeleak/cmd/bitbucket/api.go:185.8,187.17 2 1
github.com/CompassSecurity/pipeleak/cmd/bitbucket/api.go:187.17,189.4 1 0
github.com/CompassSecurity/pipeleak/cmd/bitbucket/api.go:190.3,191.22 2 1
github.com/CompassSecurity/pipeleak/cmd/bitbucket/api.go:194.2,199.16 3 1
github.com/CompassSecurity/pipeleak/cmd/bitbucket/api.go:199.16,201.3 1 0
github.com/CompassSecurity/pipeleak/cmd/bitbucket/api.go:203.2,203.43 1 1
github.com/CompassSecurity/pipeleak/cmd/bitbucket/api.go:203.43,205.3 1 1
github.com/CompassSecurity/pipeleak/cmd/bitbucket/api.go:207.2,207.41 1 1
github.com/CompassSecurity/pipeleak/cmd/bitbucket/api.go:211.150,213.16 2 1
github.com/CompassSecurity/pipeleak/cmd/bitbucket/api.go:213.16,215.3 1 0
github.com/CompassSecurity/pipeleak/cmd/bitbucket/api.go:216.2,221.16 3 1
github.com/CompassSecurity/pipeleak/cmd/bitbucket/api.go:221.16,223.3 1 0
github.com/CompassSecurity/pipeleak/cmd/bitbucket/api.go:226.2,226.43 1 1
github.com/CompassSecurity/pipeleak/cmd/bitbucket/api.go:226.43,228.3 1 0
github.com/CompassSecurity/pipeleak/cmd/bitbucket/api.go:230.2,230.43 1 1
github.com/CompassSecurity/pipeleak/cmd/bitbucket/api.go:230.43,232.3 1 1
github.com/CompassSecurity/pipeleak/cmd/bitbucket/api.go:234.2,234.30 1 1
github.com/CompassSecurity/pipeleak/cmd/bitbucket/api.go:238.163,240.23 2 1
github.com/CompassSecurity/pipeleak/cmd/bitbucket/api.go:240.23,242.3 1 0
github.com/CompassSecurity/pipeleak/cmd/bitbucket/api.go:242.8,244.17 2 1
github.com/CompassSecurity/pipeleak/cmd/bitbucket/api.go:244.17,246.4 1 0
github.com/CompassSecurity/pipeleak/cmd/bitbucket/api.go:247.3,248.22 2 1
github.com/CompassSecurity/pipeleak/cmd/bitbucket/api.go:251.2,256.16 3 1
github.com/CompassSecurity/pipeleak/cmd/bitbucket/api.go:256.16,258.3 1 0
github.com/CompassSecurity/pipeleak/cmd/bitbucket/api.go:260.2,260.43 1 1
github.com/CompassSecurity/pipeleak/cmd/bitbucket/api.go:260.43,262.3 1 1
github.com/CompassSecurity/pipeleak/cmd/bitbucket/api.go:264.2,264.41 1 1
github.com/CompassSecurity/pipeleak/cmd/bitbucket/api.go:267.68,269.16 2 1
github.com/CompassSecurity/pipeleak/cmd/bitbucket/api.go:269.16,272.3 2 0
github.com/CompassSecurity/pipeleak/cmd/bitbucket/api.go:274.2,274.43 1 1
github.com/CompassSecurity/pipeleak/cmd/bitbucket/api.go:274.43,277.3 2 1
github.com/CompassSecurity/pipeleak/cmd/bitbucket/api.go:279.2,280.16 2 0
github.com/CompassSecurity/pipeleak/cmd/bitbucket/api.go:280.16,283.3 2 0
github.com/CompassSecurity/pipeleak/cmd/bitbucket/api.go:285.2,285.18 1 0
github.com/CompassSecurity/pipeleak/cmd/bitbucket/api.go:289.172,291.23 2 1
github.com/CompassSecurity/pipeleak/cmd/bitbucket/api.go:291.23,293.3 1 0
github.com/CompassSecurity/pipeleak/cmd/bitbucket/api.go:293.8,295.17 2 1
github.com/CompassSecurity/pipeleak/cmd/bitbucket/api.go:295.17,297.4 1 0
github.com/CompassSecurity/pipeleak/cmd/bitbucket/api.go:298.3,299.22 2 1
github.com/CompassSecurity/pipeleak/cmd/bitbucket/api.go:302.2,307.41 3 1
github.com/CompassSecurity/pipeleak/cmd/bitbucket/api.go:311.133,314.16 2 1
github.com/CompassSecurity/pipeleak/cmd/bitbucket/api.go:314.16,316.3 1 0
github.com/CompassSecurity/pipeleak/cmd/bitbucket/api.go:317.2,320.16 3 1
github.com/CompassSecurity/pipeleak/cmd/bitbucket/api.go:320.16,323.3 2 0
github.com/CompassSecurity/pipeleak/cmd/bitbucket/api.go:325.2,326.16 2 1
github.com/CompassSecurity/pipeleak/cmd/bitbucket/api.go:326.16,329.3 2 0
github.com/CompassSecurity/pipeleak/cmd/bitbucket/api.go:331.2,331.18 1 1
github.com/CompassSecurity/pipeleak/cmd/bitbucket/api.go:335.43,341.16 3 0
github.com/CompassSecurity/pipeleak/cmd/bitbucket/api.go:341.16,343.3 1 0
github.com/CompassSecurity/pipeleak/cmd/bitbucket/api.go:345.2,345.43 1 0
github.com/CompassSecurity/pipeleak/cmd/bitbucket/api.go:345.43,347.3 1 0
github.com/CompassSecurity/pipeleak/cmd/bitbucket/api.go:349.2,349.107 1 0
github.com/CompassSecurity/pipeleak/cmd/bitbucket/bitbucket.go:7.43,17.2 3 2
github.com/CompassSecurity/pipeleak/cmd/bitbucket/scan.go:38.34,76.2 17 7
github.com/CompassSecurity/pipeleak/cmd/bitbucket/scan.go:78.46,87.38 6 0
github.com/CompassSecurity/pipeleak/cmd/bitbucket/scan.go:87.38,89.3 1 0
github.com/CompassSecurity/pipeleak/cmd/bitbucket/scan.go:91.2,91.20 1 0
github.com/CompassSecurity/pipeleak/cmd/bitbucket/scan.go:91.20,94.3 2 0
github.com/CompassSecurity/pipeleak/cmd/bitbucket/scan.go:94.8,94.26 1 0
github.com/CompassSecurity/pipeleak/cmd/bitbucket/scan.go:94.26,97.3 2 0
github.com/CompassSecurity/pipeleak/cmd/bitbucket/scan.go:97.8,97.36 1 0
github.com/CompassSecurity/pipeleak/cmd/bitbucket/scan.go:97.36,100.3 2 0
github.com/CompassSecurity/pipeleak/cmd/bitbucket/scan.go:100.8,102.3 1 0
github.com/CompassSecurity/pipeleak/cmd/bitbucket/scan.go:104.2,104.61 1 0
github.com/CompassSecurity/pipeleak/cmd/bitbucket/scan.go:107.43,109.6 2 0
github.com/CompassSecurity/pipeleak/cmd/bitbucket/scan.go:109.6,111.17 2 0
github.com/CompassSecurity/pipeleak/cmd/bitbucket/scan.go:111.17,113.4 1 0
github.com/CompassSecurity/pipeleak/cmd/bitbucket/scan.go:115.3,115.40 1 0
github.com/CompassSecurity/pipeleak/cmd/bitbucket/scan.go:115.40,118.4 2 0
github.com/CompassSecurity/pipeleak/cmd/bitbucket/scan.go:120.3,120.20 1 0
github.com/CompassSecurity/pipeleak/cmd/bitbucket/scan.go:120.20,121.9 1 0
github.com/CompassSecurity/pipeleak/cmd/bitbucket/scan.go:123.3,123.17 1 0
github.com/CompassSecurity/pipeleak/cmd/bitbucket/scan.go:127.65,129.6 2 0
github.com/CompassSecurity/pipeleak/cmd/bitbucket/scan.go:129.6,131.17 2 0
github.com/CompassSecurity/pipeleak/cmd/bitbucket/scan.go:131.17,133.4 1 0
github.com/CompassSecurity/pipeleak/cmd/bitbucket/scan.go:135.3,135.30 1 0
github.com/CompassSecurity/pipeleak/cmd/bitbucket/scan.go:135.30,138.4 2 0
github.com/CompassSecurity/pipeleak/cmd/bitbucket/scan.go:140.3,140.20 1 0
github.com/CompassSecurity/pipeleak/cmd/bitbucket/scan.go:140.20,141.9 1 0
github.com/CompassSecurity/pipeleak/cmd/bitbucket/scan.go:143.3,143.17 1 0
github.com/CompassSecurity/pipeleak/cmd/bitbucket/scan.go:147.58,149.17 2 0
github.com/CompassSecurity/pipeleak/cmd/bitbucket/scan.go:149.17,151.3 1 0
github.com/CompassSecurity/pipeleak/cmd/bitbucket/scan.go:152.2,154.6 3 0
github.com/CompassSecurity/pipeleak/cmd/bitbucket/scan.go:154.6,156.17 2 0
github.com/CompassSecurity/pipeleak/cmd/bitbucket/scan.go:156.17,158.4 1 0
github.com/CompassSecurity/pipeleak/cmd/bitbucket/scan.go:160.3,160.30 1 0
github.com/CompassSecurity/pipeleak/cmd/bitbucket/scan.go:160.30,163.4 2 0
github.com/CompassSecurity/pipeleak/cmd/bitbucket/scan.go:165.3,165.20 1 0
github.com/CompassSecurity/pipeleak/cmd/bitbucket/scan.go:165.20,166.9 1 0
github.com/CompassSecurity/pipeleak/cmd/bitbucket/scan.go:168.3,168.17 1 0
github.com/CompassSecurity/pipeleak/cmd/bitbucket/scan.go:172.74,174.6 2 0
github.com/CompassSecurity/pipeleak/cmd/bitbucket/scan.go:174.6,176.17 2 0
github.com/CompassSecurity/pipeleak/cmd/bitbucket/scan.go:176.17,178.4 1 0
github.com/CompassSecurity/pipeleak/cmd/bitbucket/scan.go:180.3,180.30 1 0
github.com/CompassSecurity/pipeleak/cmd/bitbucket/scan.go:180.30,183.4 2 0
github.com/CompassSecurity/pipeleak/cmd/bitbucket/scan.go:184.3,184.20 1 0
github.com/CompassSecurity/pipeleak/cmd/bitbucket/scan.go:184.20,185.9 1 0
github.com/CompassSecurity/pipeleak/cmd/bitbucket/scan.go:187.3,187.17 1 0
github.com/CompassSecurity/pipeleak/cmd/bitbucket/scan.go:191.90,194.6 3 0
github.com/CompassSecurity/pipeleak/cmd/bitbucket/scan.go:194.6,196.17 2 0
github.com/CompassSecurity/pipeleak/cmd/bitbucket/scan.go:196.17,198.4 1 0
github.com/CompassSecurity/pipeleak/cmd/bitbucket/scan.go:200.3,200.38 1 0
github.com/CompassSecurity/pipeleak/cmd/bitbucket/scan.go:200.38,203.25 3 0
github.com/CompassSecurity/pipeleak/cmd/bitbucket/scan.go:203.25,207.5 3 0
github.com/CompassSecurity/pipeleak/cmd/bitbucket/scan.go:209.4,210.73 2 0
github.com/CompassSecurity/pipeleak/cmd/bitbucket/scan.go:210.73,213.5 2 0
github.com/CompassSecurity/pipeleak/cmd/bitbucket/scan.go:216.3,216.20 1 0
github.com/CompassSecurity/pipeleak/cmd/bitbucket/scan.go:216.20,217.9 1 0
github.com/CompassSecurity/pipeleak/cmd/bitbucket/scan.go:219.3,219.17 1 0
github.com/CompassSecurity/pipeleak/cmd/bitbucket/scan.go:223.99,225.6 2 0
github.com/CompassSecurity/pipeleak/cmd/bitbucket/scan.go:225.6,227.17 2 0
github.com/CompassSecurity/pipeleak/cmd/bitbucket/scan.go:227.17,229.4 1 0
github.com/CompassSecurity/pipeleak/cmd/bitbucket/scan.go:231.3,231.38 1 0
github.com/CompassSecurity/pipeleak/cmd/bitbucket/scan.go:231.38,235.4 3 0
github.com/CompassSecurity/pipeleak/cmd/bitbucket/scan.go:237.3,237.20 1 0
github.com/CompassSecurity/pipeleak/cmd/bitbucket/scan.go:237.20,238.9 1 0
github.com/CompassSecurity/pipeleak/cmd/bitbucket/scan.go:240.3,240.17 1 0
github.com/CompassSecurity/pipeleak/cmd/bitbucket/scan.go:244.94,246.6 2 0
github.com/CompassSecurity/pipeleak/cmd/bitbucket/scan.go:246.6,248.17 2 0
github.com/CompassSecurity/pipeleak/cmd/bitbucket/scan.go:248.17,250.4 1 0
github.com/CompassSecurity/pipeleak/cmd/bitbucket/scan.go:252.3,252.46 1 0
github.com/CompassSecurity/pipeleak/cmd/bitbucket/scan.go:252.46,255.4 2 0
github.com/CompassSecurity/pipeleak/cmd/bitbucket/scan.go:257.3,257.20 1 0
github.com/CompassSecurity/pipeleak/cmd/bitbucket/scan.go:257.20,258.9 1 0
github.com/CompassSecurity/pipeleak/cmd/bitbucket/scan.go:260.3,260.17 1 0
github.com/CompassSecurity/pipeleak/cmd/bitbucket/scan.go:264.111,266.6 2 0
github.com/CompassSecurity/pipeleak/cmd/bitbucket/scan.go:266.6,268.17 2 0
github.com/CompassSecurity/pipeleak/cmd/bitbucket/scan.go:268.17,270.4 1 0
github.com/CompassSecurity/pipeleak/cmd/bitbucket/scan.go:272.3,272.30 1 0
github.com/CompassSecurity/pipeleak/cmd/bitbucket/scan.go:272.30,275.4 2 0
github.com/CompassSecurity/pipeleak/cmd/bitbucket/scan.go:277.3,277.20 1 0
github.com/CompassSecurity/pipeleak/cmd/bitbucket/scan.go:277.20,278.9 1 0
github.com/CompassSecurity/pipeleak/cmd/bitbucket/scan.go:280.3,280.17 1 0
github.com/CompassSecurity/pipeleak/cmd/bitbucket/scan.go:284.105,286.16 2 0
github.com/CompassSecurity/pipeleak/cmd/bitbucket/scan.go:286.16,288.3 1 0
github.com/CompassSecurity/pipeleak/cmd/bitbucket/scan.go:289.2,290.19 2 0
github.com/CompassSecurity/pipeleak/cmd/bitbucket/scan.go:293.121,295.16 2 0
github.com/CompassSecurity/pipeleak/cmd/bitbucket/scan.go:295.16,297.3 1 0
github.com/CompassSecurity/pipeleak/cmd/bitbucket/scan.go:299.2,300.16 2 0
github.com/CompassSecurity/pipeleak/cmd/bitbucket/scan.go:300.16,303.3 2 0
github.com/CompassSecurity/pipeleak/cmd/bitbucket/scan.go:305.2,305.35 1 0
github.com/CompassSecurity/pipeleak/cmd/bitbucket/scan.go:305.35,307.3 1 0
github.com/CompassSecurity/pipeleak/cmd/bitbucket/scan.go:310.105,312.25 2 0
github.com/CompassSecurity/pipeleak/cmd/bitbucket/scan.go:312.25,314.3 1 0
github.com/CompassSecurity/pipeleak/cmd/bitbucket/scan.go:316.2,316.35 1 0
github.com/CompassSecurity/pipeleak/cmd/bitbucket/scan.go:316.35,318.3 1 0
github.com/CompassSecurity/pipeleak/cmd/bitbucket/scan.go:318.8,320.3 1 0
github.com/CompassSecurity/pipeleak/cmd/bitbucket/scan.go:323.34,325.2 1 1
github.com/CompassSecurity/pipeleak/cmd/bitbucket/util.go:11.106,13.16 2 4
github.com/CompassSecurity/pipeleak/cmd/bitbucket/util.go:13.16,16.3 2 0
github.com/CompassSecurity/pipeleak/cmd/bitbucket/util.go:17.2,19.19 2 4
github.com/CompassSecurity/pipeleak/cmd/docs/docs.go:20.56,21.15 1 0
github.com/CompassSecurity/pipeleak/cmd/docs/docs.go:22.9,23.24 1 0
github.com/CompassSecurity/pipeleak/cmd/docs/docs.go:23.24,25.4 1 0
github.com/CompassSecurity/pipeleak/cmd/docs/docs.go:26.3,26.28 1 0
github.com/CompassSecurity/pipeleak/cmd/docs/docs.go:27.10,28.28 1 0
github.com/CompassSecurity/pipeleak/cmd/docs/docs.go:32.56,34.15 2 0
github.com/CompassSecurity/pipeleak/cmd/docs/docs.go:35.9,36.24 1 0
github.com/CompassSecurity/pipeleak/cmd/docs/docs.go:36.24,38.4 1 0
github.com/CompassSecurity/pipeleak/cmd/docs/docs.go:39.3,39.39 1 0
github.com/CompassSecurity/pipeleak/cmd/docs/docs.go:40.10,41.39 1 0
github.com/CompassSecurity/pipeleak/cmd/docs/docs.go:45.68,48.29 2 0
github.com/CompassSecurity/pipeleak/cmd/docs/docs.go:48.29,50.55 2 0
github.com/CompassSecurity/pipeleak/cmd/docs/docs.go:50.55,52.4 1 0
github.com/CompassSecurity/pipeleak/cmd/docs/docs.go:53.3,53.44 1 0
github.com/CompassSecurity/pipeleak/cmd/docs/docs.go:54.8,56.3 1 0
github.com/CompassSecurity/pipeleak/cmd/docs/docs.go:58.2,59.16 2 0
github.com/CompassSecurity/pipeleak/cmd/docs/docs.go:59.16,61.3 1 0
github.com/CompassSecurity/pipeleak/cmd/docs/docs.go:62.2,62.15 1 0
github.com/CompassSecurity/pipeleak/cmd/docs/docs.go:62.15,62.32 1 0
github.com/CompassSecurity/pipeleak/cmd/docs/docs.go:64.2,64.45 1 0
github.com/CompassSecurity/pipeleak/cmd/docs/docs.go:64.45,65.25 1 0
github.com/CompassSecurity/pipeleak/cmd/docs/docs.go:65.25,67.4 1 0
github.com/CompassSecurity/pipeleak/cmd/docs/docs.go:69.3,74.18 4 0
github.com/CompassSecurity/pipeleak/cmd/docs/docs.go:74.18,76.4 1 0
github.com/CompassSecurity/pipeleak/cmd/docs/docs.go:78.3,78.17 1 0
github.com/CompassSecurity/pipeleak/cmd/docs/docs.go:81.2,81.73 1 0
github.com/CompassSecurity/pipeleak/cmd/docs/docs.go:81.73,83.3 1 0
github.com/CompassSecurity/pipeleak/cmd/docs/docs.go:85.2,85.35 1 0
github.com/CompassSecurity/pipeleak/cmd/docs/docs.go:85.35,86.66 1 0
github.com/CompassSecurity/pipeleak/cmd/docs/docs.go:86.66,87.12 1 0
github.com/CompassSecurity/pipeleak/cmd/docs/docs.go:89.3,89.55 1 0
github.com/CompassSecurity/pipeleak/cmd/docs/docs.go:89.55,91.4 1 0
github.com/CompassSecurity/pipeleak/cmd/docs/docs.go:94.2,94.12 1 0
github.com/CompassSecurity/pipeleak/cmd/docs/docs.go:103.75,108.29 2 0
github.com/CompassSecurity/pipeleak/cmd/docs/docs.go:108.29,112.36 4 0
github.com/CompassSecurity/pipeleak/cmd/docs/docs.go:112.36,113.67 1 0
github.com/CompassSecurity/pipeleak/cmd/docs/docs.go:113.67,114.13 1 0
github.com/CompassSecurity/pipeleak/cmd/docs/docs.go:116.4,116.73 1 0
github.com/CompassSecurity/pipeleak/cmd/docs/docs.go:118.8,120.3 1 0
github.com/CompassSecurity/pipeleak/cmd/docs/docs.go:122.2,122.14 1 0
github.com/CompassSecurity/pipeleak/cmd/docs/docs.go:125.69,127.28 2 0
github.com/CompassSecurity/pipeleak/cmd/docs/docs.go:127.28,129.54 2 0
github.com/CompassSecurity/pipeleak/cmd/docs/docs.go:129.54,131.4 1 0
github.com/CompassSecurity/pipeleak/cmd/docs/docs.go:132.3,132.27 1 0
github.com/CompassSecurity/pipeleak/cmd/docs/docs.go:132.27,133.38 1 0
github.com/CompassSecurity/pipeleak/cmd/docs/docs.go:133.38,135.5 1 0
github.com/CompassSecurity/pipeleak/cmd/docs/docs.go:136.4,138.6 1 0
github.com/CompassSecurity/pipeleak/cmd/docs/docs.go:139.9,143.4 1 0
github.com/CompassSecurity/pipeleak/cmd/docs/docs.go:145.2,145.17 1 0
github.com/CompassSecurity/pipeleak/cmd/docs/docs.go:148.70,152.17 4 0
github.com/CompassSecurity/pipeleak/cmd/docs/docs.go:152.17,154.3 1 0
github.com/CompassSecurity/pipeleak/cmd/docs/docs.go:155.2,167.60 5 0
github.com/CompassSecurity/pipeleak/cmd/docs/docs.go:167.60,169.3 1 0
github.com/CompassSecurity/pipeleak/cmd/docs/docs.go:171.2,172.35 2 0
github.com/CompassSecurity/pipeleak/cmd/docs/docs.go:172.35,176.17 4 0
github.com/CompassSecurity/pipeleak/cmd/docs/docs.go:176.17,178.4 1 0
github.com/CompassSecurity/pipeleak/cmd/docs/docs.go:179.3,179.55 1 0
github.com/CompassSecurity/pipeleak/cmd/docs/docs.go:179.55,181.4 1 0
github.com/CompassSecurity/pipeleak/cmd/docs/docs.go:184.2,281.16 3 0
github.com/CompassSecurity/pipeleak/cmd/docs/docs.go:281.16,283.3 1 0
github.com/CompassSecurity/pipeleak/cmd/docs/docs.go:285.2,286.47 2 0
github.com/CompassSecurity/pipeleak/cmd/docs/docs.go:293.53,309.2 5 0
github.com/CompassSecurity/pipeleak/cmd/docs/docs.go:311.50,313.16 2 0
github.com/CompassSecurity/pipeleak/cmd/docs/docs.go:313.16,315.3 1 0
github.com/CompassSecurity/pipeleak/cmd/docs/docs.go:316.2,316.32 1 0
github.com/CompassSecurity/pipeleak/cmd/docs/docs.go:316.32,317.20 1 0
github.com/CompassSecurity/pipeleak/cmd/docs/docs.go:317.20,320.52 3 0
github.com/CompassSecurity/pipeleak/cmd/docs/docs.go:320.52,322.5 1 0
github.com/CompassSecurity/pipeleak/cmd/docs/docs.go:325.2,325.12 1 0
github.com/CompassSecurity/pipeleak/cmd/docs/docs.go:328.37,330.16 2 0
github.com/CompassSecurity/pipeleak/cmd/docs/docs.go:330.16,332.3 1 0
github.com/CompassSecurity/pipeleak/cmd/docs/docs.go:333.2,333.54 1 0
github.com/CompassSecurity/pipeleak/cmd/docs/docs.go:333.54,335.3 1 0
github.com/CompassSecurity/pipeleak/cmd/docs/docs.go:336.2,336.32 1 0
github.com/CompassSecurity/pipeleak/cmd/docs/docs.go:336.32,339.20 3 0
github.com/CompassSecurity/pipeleak/cmd/docs/docs.go:339.20,340.52 1 0
github.com/CompassSecurity/pipeleak/cmd/docs/docs.go:340.52,342.5 1 0
github.com/CompassSecurity/pipeleak/cmd/docs/docs.go:343.9,344.53 1 0
github.com/CompassSecurity/pipeleak/cmd/docs/docs.go:344.53,346.5 1 0
github.com/CompassSecurity/pipeleak/cmd/docs/docs.go:349.2,349.12 1 0
github.com/CompassSecurity/pipeleak/cmd/docs/docs.go:352.38,354.16 2 0
github.com/CompassSecurity/pipeleak/cmd/docs/docs.go:354.16,356.3 1 0
github.com/CompassSecurity/pipeleak/cmd/docs/docs.go:357.2,357.15 1 0
github.com/CompassSecurity/pipeleak/cmd/docs/docs.go:357.15,357.33 1 0
github.com/CompassSecurity/pipeleak/cmd/docs/docs.go:358.2,359.16 2 0
github.com/CompassSecurity/pipeleak/cmd/docs/docs.go:359.16,361.3 1 0
github.com/CompassSecurity/pipeleak/cmd/docs/docs.go:362.2,362.15 1 0
github.com/CompassSecurity/pipeleak/cmd/docs/docs.go:362.15,362.34 1 0
github.com/CompassSecurity/pipeleak/cmd/docs/docs.go:363.2,364.12 2 0
github.com/CompassSecurity/pipeleak/cmd/docs/docs.go:367.46,368.54 1 0
github.com/CompassSecurity/pipeleak/cmd/docs/docs.go:368.54,370.3 1 0
github.com/CompassSecurity/pipeleak/cmd/docs/docs.go:372.2,372.17 1 0
github.com/CompassSecurity/pipeleak/cmd/docs/docs.go:372.17,374.3 1 0
github.com/CompassSecurity/pipeleak/cmd/docs/docs.go:376.2,378.46 2 0
github.com/CompassSecurity/pipeleak/cmd/docs/docs.go:378.46,380.49 2 0
github.com/CompassSecurity/pipeleak/cmd/docs/docs.go:380.49,382.4 1 0
github.com/CompassSecurity/pipeleak/cmd/docs/docs.go:385.2,385.60 1 0
github.com/CompassSecurity/pipeleak/cmd/docs/docs.go:385.60,387.3 1 0
github.com/CompassSecurity/pipeleak/cmd/docs/docs.go:389.2,389.91 1 0
github.com/CompassSecurity/pipeleak/cmd/docs/docs.go:389.91,391.3 1 0
github.com/CompassSecurity/pipeleak/cmd/docs/docs.go:393.2,394.60 2 0
github.com/CompassSecurity/pipeleak/cmd/docs/docs.go:394.60,396.3 1 0
github.com/CompassSecurity/pipeleak/cmd/docs/docs.go:398.2,398.60 1 0
github.com/CompassSecurity/pipeleak/cmd/docs/docs.go:398.60,400.3 1 0
github.com/CompassSecurity/pipeleak/cmd/docs/docs.go:402.2,409.37 7 0
github.com/CompassSecurity/pipeleak/cmd/docs/docs.go:409.37,411.3 1 0
github.com/CompassSecurity/pipeleak/cmd/docs/docs.go:413.2,413.11 1 0
github.com/CompassSecurity/pipeleak/cmd/docs/docs.go:413.11,417.59 4 0
github.com/CompassSecurity/pipeleak/cmd/docs/docs.go:417.59,419.4 1 0
github.com/CompassSecurity/pipeleak/cmd/devops/api.go:18.71,21.40 2 10
github.com/CompassSecurity/pipeleak/cmd/devops/api.go:21.40,22.31 1 0
github.com/CompassSecurity/pipeleak/cmd/devops/api.go:22.31,24.5 1 0
github.com/CompassSecurity/pipeleak/cmd/devops/api.go:24.10,26.5 1 0
github.com/CompassSecurity/pipeleak/cmd/devops/api.go:29.2,29.17 1 10
github.com/CompassSecurity/pipeleak/cmd/devops/api.go:33.99,35.16 2 1
github.com/CompassSecurity/pipeleak/cmd/devops/api.go:35.16,37.3 1 0
github.com/CompassSecurity/pipeleak/cmd/devops/api.go:38.2,46.16 4 1
github.com/CompassSecurity/pipeleak/cmd/devops/api.go:46.16,48.3 1 0
github.com/CompassSecurity/pipeleak/cmd/devops/api.go:50.2,50.42 1 1
github.com/CompassSecurity/pipeleak/cmd/devops/api.go:50.42,52.3 1 0
github.com/CompassSecurity/pipeleak/cmd/devops/api.go:54.2,54.23 1 1
github.com/CompassSecurity/pipeleak/cmd/devops/api.go:58.96,60.16 2 1
github.com/CompassSecurity/pipeleak/cmd/devops/api.go:60.16,62.3 1 0
github.com/CompassSecurity/pipeleak/cmd/devops/api.go:63.2,72.16 4 1
github.com/CompassSecurity/pipeleak/cmd/devops/api.go:72.16,74.3 1 0
github.com/CompassSecurity/pipeleak/cmd/devops/api.go:76.2,76.42 1 1
github.com/CompassSecurity/pipeleak/cmd/devops/api.go:76.42,78.3 1 0
github.com/CompassSecurity/pipeleak/cmd/devops/api.go:80.2,80.29 1 1
github.com/CompassSecurity/pipeleak/cmd/devops/api.go:84.135,87.16 3 1
github.com/CompassSecurity/pipeleak/cmd/devops/api.go:87.16,89.3 1 0
github.com/CompassSecurity/pipeleak/cmd/devops/api.go:90.2,101.16 5 1
github.com/CompassSecurity/pipeleak/cmd/devops/api.go:101.16,103.3 1 0
github.com/CompassSecurity/pipeleak/cmd/devops/api.go:105.2,105.72 1 1
github.com/CompassSecurity/pipeleak/cmd/devops/api.go:105.72,107.3 1 1
github.com/CompassSecurity/pipeleak/cmd/devops/api.go:109.2,109.73 1 1
github.com/CompassSecurity/pipeleak/cmd/devops/api.go:113.147,116.16 3 1
github.com/CompassSecurity/pipeleak/cmd/devops/api.go:116.16,118.3 1 0
github.com/CompassSecurity/pipeleak/cmd/devops/api.go:120.2,131.16 5 1
github.com/CompassSecurity/pipeleak/cmd/devops/api.go:131.16,133.3 1 0
github.com/CompassSecurity/pipeleak/cmd/devops/api.go:135.2,135.72 1 1
github.com/CompassSecurity/pipeleak/cmd/devops/api.go:135.72,137.3 1 1
github.com/CompassSecurity/pipeleak/cmd/devops/api.go:139.2,139.73 1 1
github.com/CompassSecurity/pipeleak/cmd/devops/api.go:144.132,147.16 3 1
github.com/CompassSecurity/pipeleak/cmd/devops/api.go:147.16,149.3 1 0
github.com/CompassSecurity/pipeleak/cmd/devops/api.go:151.2,160.16 5 1
github.com/CompassSecurity/pipeleak/cmd/devops/api.go:160.16,162.3 1 0
github.com/CompassSecurity/pipeleak/cmd/devops/api.go:164.2,164.72 1 1
github.com/CompassSecurity/pipeleak/cmd/devops/api.go:164.72,166.3 1 1
github.com/CompassSecurity/pipeleak/cmd/devops/api.go:168.2,168.29 1 1
github.com/CompassSecurity/pipeleak/cmd/devops/api.go:172.132,175.16 3 1
github.com/CompassSecurity/pipeleak/cmd/devops/api.go:175.16,177.3 1 0
github.com/CompassSecurity/pipeleak/cmd/devops/api.go:179.2,186.16 4 1
github.com/CompassSecurity/pipeleak/cmd/devops/api.go:186.16,188.3 1 0
github.com/CompassSecurity/pipeleak/cmd/devops/api.go:190.2,190.72 1 1
github.com/CompassSecurity/pipeleak/cmd/devops/api.go:190.72,192.3 1 1
github.com/CompassSecurity/pipeleak/cmd/devops/api.go:194.2,194.30 1 1
github.com/CompassSecurity/pipeleak/cmd/devops/api.go:197.96,201.16 2 1
github.com/CompassSecurity/pipeleak/cmd/devops/api.go:201.16,203.3 1 0
github.com/CompassSecurity/pipeleak/cmd/devops/api.go:205.2,205.72 1 1
github.com/CompassSecurity/pipeleak/cmd/devops/api.go:205.72,207.3 1 1
github.com/CompassSecurity/pipeleak/cmd/devops/api.go:209.2,209.30 1 1
github.com/CompassSecurity/pipeleak/cmd/devops/api.go:214.171,217.16 3 1
github.com/CompassSecurity/pipeleak/cmd/devops/api.go:217.16,219.3 1 0
github.com/CompassSecurity/pipeleak/cmd/devops/api.go:221.2,231.16 5 1
github.com/CompassSecurity/pipeleak/cmd/devops/api.go:231.16,233.3 1 0
github.com/CompassSecurity/pipeleak/cmd/devops/api.go:235.2,235.72 1 1
github.com/CompassSecurity/pipeleak/cmd/devops/api.go:235.72,237.3 1 1
github.com/CompassSecurity/pipeleak/cmd/devops/api.go:239.2,239.73 1 1
github.com/CompassSecurity/pipeleak/cmd/devops/devops.go:7.45,17.2 3 2
github.com/CompassSecurity/pipeleak/cmd/devops/scan.go:35.34,62.16 4 6
github.com/CompassSecurity/pipeleak/cmd/devops/scan.go:62.16,64.3 1 0
github.com/CompassSecurity/pipeleak/cmd/devops/scan.go:65.2,67.16 3 6
github.com/CompassSecurity/pipeleak/cmd/devops/scan.go:67.16,69.3 1 0
github.com/CompassSecurity/pipeleak/cmd/devops/scan.go:70.2,82.16 10 6
github.com/CompassSecurity/pipeleak/cmd/devops/scan.go:85.46,94.57 6 0
github.com/CompassSecurity/pipeleak/cmd/devops/scan.go:94.57,96.3 1 0
github.com/CompassSecurity/pipeleak/cmd/devops/scan.go:96.8,96.64 1 0
github.com/CompassSecurity/pipeleak/cmd/devops/scan.go:96.64,98.3 1 0
github.com/CompassSecurity/pipeleak/cmd/devops/scan.go:98.8,98.64 1 0
github.com/CompassSecurity/pipeleak/cmd/devops/scan.go:98.64,100.3 1 0
github.com/CompassSecurity/pipeleak/cmd/devops/scan.go:102.2,102.61 1 0
github.com/CompassSecurity/pipeleak/cmd/devops/scan.go:105.57,109.16 3 0
github.com/CompassSecurity/pipeleak/cmd/devops/scan.go:109.16,111.3 1 0
github.com/CompassSecurity/pipeleak/cmd/devops/scan.go:113.2,114.31 2 0
github.com/CompassSecurity/pipeleak/cmd/devops/scan.go:117.73,120.2 2 0
github.com/CompassSecurity/pipeleak/cmd/devops/scan.go:122.84,125.2 2 0
github.com/CompassSecurity/pipeleak/cmd/devops/scan.go:127.63,129.16 2 0
github.com/CompassSecurity/pipeleak/cmd/devops/scan.go:129.16,131.3 1 0
github.com/CompassSecurity/pipeleak/cmd/devops/scan.go:133.2,133.24 1 0
github.com/CompassSecurity/pipeleak/cmd/devops/scan.go:133.24,136.3 2 0
github.com/CompassSecurity/pipeleak/cmd/devops/scan.go:138.2,138.35 1 0
github.com/CompassSecurity/pipeleak/cmd/devops/scan.go:138.35,141.3 2 0
github.com/CompassSecurity/pipeleak/cmd/devops/scan.go:144.69,146.6 2 0
github.com/CompassSecurity/pipeleak/cmd/devops/scan.go:146.6,149.17 2 0
github.com/CompassSecurity/pipeleak/cmd/devops/scan.go:149.17,151.4 1 0
github.com/CompassSecurity/pipeleak/cmd/devops/scan.go:153.3,153.36 1 0
github.com/CompassSecurity/pipeleak/cmd/devops/scan.go:153.36,155.4 1 0
github.com/CompassSecurity/pipeleak/cmd/devops/scan.go:157.3,157.19 1 0
github.com/CompassSecurity/pipeleak/cmd/devops/scan.go:157.19,158.9 1 0
github.com/CompassSecurity/pipeleak/cmd/devops/scan.go:160.3,160.29 1 0
github.com/CompassSecurity/pipeleak/cmd/devops/scan.go:164.83,167.6 3 0
github.com/CompassSecurity/pipeleak/cmd/devops/scan.go:167.6,169.17 2 0
github.com/CompassSecurity/pipeleak/cmd/devops/scan.go:169.17,171.4 1 0
github.com/CompassSecurity/pipeleak/cmd/devops/scan.go:173.3,173.32 1 0
github.com/CompassSecurity/pipeleak/cmd/devops/scan.go:173.32,177.25 3 0
github.com/CompassSecurity/pipeleak/cmd/devops/scan.go:177.25,179.5 1 0
github.com/CompassSecurity/pipeleak/cmd/devops/scan.go:181.4,182.65 2 0
github.com/CompassSecurity/pipeleak/cmd/devops/scan.go:182.65,185.5 2 0
github.com/CompassSecurity/pipeleak/cmd/devops/scan.go:188.3,188.19 1 0
github.com/CompassSecurity/pipeleak/cmd/devops/scan.go:188.19,189.9 1 0
github.com/CompassSecurity/pipeleak/cmd/devops/scan.go:191.3,191.29 1 0
github.com/CompassSecurity/pipeleak/cmd/devops/scan.go:195.114,197.16 2 0
github.com/CompassSecurity/pipeleak/cmd/devops/scan.go:197.16,199.3 1 0
github.com/CompassSecurity/pipeleak/cmd/devops/scan.go:201.2,201.32 1 0
github.com/CompassSecurity/pipeleak/cmd/devops/scan.go:201.32,204.17 3 0
github.com/CompassSecurity/pipeleak/cmd/devops/scan.go:204.17,206.4 1 0
github.com/CompassSecurity/pipeleak/cmd/devops/scan.go:208.3,208.38 1 0
github.com/CompassSecurity/pipeleak/cmd/devops/scan.go:212.52,214.16 2 0
github.com/CompassSecurity/pipeleak/cmd/devops/scan.go:214.16,217.3 2 0
github.com/CompassSecurity/pipeleak/cmd/devops/scan.go:219.2,219.35 1 0
github.com/CompassSecurity/pipeleak/cmd/devops/scan.go:219.35,221.3 1 0
github.com/CompassSecurity/pipeleak/cmd/devops/scan.go:224.119,226.6 2 0
github.com/CompassSecurity/pipeleak/cmd/devops/scan.go:226.6,228.17 2 0
github.com/CompassSecurity/pipeleak/cmd/devops/scan.go:228.17,230.4 1 0
github.com/CompassSecurity/pipeleak/cmd/devops/scan.go:232.3,232.38 1 0
github.com/CompassSecurity/pipeleak/cmd/devops/scan.go:232.38,235.4 2 0
github.com/CompassSecurity/pipeleak/cmd/devops/scan.go:237.3,237.19 1 0
github.com/CompassSecurity/pipeleak/cmd/devops/scan.go:237.19,238.9 1 0
github.com/CompassSecurity/pipeleak/cmd/devops/scan.go:240.3,240.29 1 0
github.com/CompassSecurity/pipeleak/cmd/devops/scan.go:244.90,246.16 2 0
github.com/CompassSecurity/pipeleak/cmd/devops/scan.go:246.16,249.3 2 0
github.com/CompassSecurity/pipeleak/cmd/devops/scan.go:251.2,252.16 2 0
github.com/CompassSecurity/pipeleak/cmd/devops/scan.go:252.16,255.3 2 0
github.com/CompassSecurity/pipeleak/cmd/devops/scan.go:257.2,259.39 3 0
github.com/CompassSecurity/pipeleak/cmd/devops/scan.go:259.39,260.38 1 0
github.com/CompassSecurity/pipeleak/cmd/devops/scan.go:260.38,262.18 2 0
github.com/CompassSecurity/pipeleak/cmd/devops/scan.go:262.18,265.5 2 0
github.com/CompassSecurity/pipeleak/cmd/devops/scan.go:267.4,268.18 2 0
github.com/CompassSecurity/pipeleak/cmd/devops/scan.go:268.18,271.5 2 0
github.com/CompassSecurity/pipeleak/cmd/devops/scan.go:273.4,275.32 2 0
github.com/CompassSecurity/pipeleak/cmd/devops/scan.go:275.32,277.5 1 0
github.com/CompassSecurity/pipeleak/cmd/devops/scan.go:277.10,277.42 1 0
github.com/CompassSecurity/pipeleak/cmd/devops/scan.go:277.42,279.5 1 0
github.com/CompassSecurity/pipeleak/cmd/devops/scan.go:280.4,280.18 1 0
github.com/CompassSecurity/pipeleak/cmd/devops/scan.go:284.2,284.14 1 0
github.com/CompassSecurity/pipeleak/cmd/devops/scan.go:287.34,289.2 1 0
github.com/CompassSecurity/pipeleak/cmd/gitea/gitea.go:13.39,27.2 5 3
github.com/CompassSecurity/pipeleak/cmd/gitea/enum/enum.go:18.34,30.2 4 2
github.com/CompassSecurity/pipeleak/cmd/gitea/enum/enum.go:32.46,35.57 2 0
github.com/CompassSecurity/pipeleak/cmd/gitea/enum/enum.go:35.57,37.3 1 0
github.com/CompassSecurity/pipeleak/cmd/gitea/enum/enum.go:41.47,43.16 2 13
github.com/CompassSecurity/pipeleak/cmd/gitea/enum/enum.go:43.16,45.3 1 2
github.com/CompassSecurity/pipeleak/cmd/gitea/enum/enum.go:47.2,49.16 3 11
github.com/CompassSecurity/pipeleak/cmd/gitea/enum/enum.go:49.16,51.3 1 1
github.com/CompassSecurity/pipeleak/cmd/gitea/enum/enum.go:53.2,53.17 1 10
github.com/CompassSecurity/pipeleak/cmd/gitea/enum/enum.go:53.17,55.3 1 0
github.com/CompassSecurity/pipeleak/cmd/gitea/enum/enum.go:57.2,73.6 5 10
github.com/CompassSecurity/pipeleak/cmd/gitea/enum/enum.go:73.6,81.17 2 11
github.com/CompassSecurity/pipeleak/cmd/gitea/enum/enum.go:81.17,83.9 2 1
github.com/CompassSecurity/pipeleak/cmd/gitea/enum/enum.go:86.3,86.28 1 10
github.com/CompassSecurity/pipeleak/cmd/gitea/enum/enum.go:86.28,89.18 2 9
github.com/CompassSecurity/pipeleak/cmd/gitea/enum/enum.go:89.18,91.5 1 9
github.com/CompassSecurity/pipeleak/cmd/gitea/enum/enum.go:93.4,101.23 2 9
github.com/CompassSecurity/pipeleak/cmd/gitea/enum/enum.go:101.23,108.5 1 0
github.com/CompassSecurity/pipeleak/cmd/gitea/enum/enum.go:110.4,113.8 3 9
github.com/CompassSecurity/pipeleak/cmd/gitea/enum/enum.go:113.8,121.19 2 11
github.com/CompassSecurity/pipeleak/cmd/gitea/enum/enum.go:121.19,123.11 2 1
github.com/CompassSecurity/pipeleak/cmd/gitea/enum/enum.go:126.5,126.35 1 10
github.com/CompassSecurity/pipeleak/cmd/gitea/enum/enum.go:126.35,137.33 2 6
github.com/CompassSecurity/pipeleak/cmd/gitea/enum/enum.go:137.33,142.7 1 1
github.com/CompassSecurity/pipeleak/cmd/gitea/enum/enum.go:144.6,144.44 1 6
github.com/CompassSecurity/pipeleak/cmd/gitea/enum/enum.go:147.5,147.50 1 10
github.com/CompassSecurity/pipeleak/cmd/gitea/enum/enum.go:147.50,148.11 1 8
github.com/CompassSecurity/pipeleak/cmd/gitea/enum/enum.go:151.5,151.33 1 2
github.com/CompassSecurity/pipeleak/cmd/gitea/enum/enum.go:155.3,155.40 1 10
github.com/CompassSecurity/pipeleak/cmd/gitea/enum/enum.go:155.40,156.9 1 9
github.com/CompassSecurity/pipeleak/cmd/gitea/enum/enum.go:159.3,159.26 1 1
github.com/CompassSecurity/pipeleak/cmd/gitea/enum/enum.go:162.2,165.6 3 10
github.com/CompassSecurity/pipeleak/cmd/gitea/enum/enum.go:165.6,172.17 2 11
github.com/CompassSecurity/pipeleak/cmd/gitea/enum/enum.go:172.17,174.9 2 1
github.com/CompassSecurity/pipeleak/cmd/gitea/enum/enum.go:177.3,177.30 1 10
github.com/CompassSecurity/pipeleak/cmd/gitea/enum/enum.go:177.30,188.31 2 4
github.com/CompassSecurity/pipeleak/cmd/gitea/enum/enum.go:188.31,193.5 1 1
github.com/CompassSecurity/pipeleak/cmd/gitea/enum/enum.go:195.4,195.34 1 4
github.com/CompassSecurity/pipeleak/cmd/gitea/enum/enum.go:198.3,198.40 1 10
github.com/CompassSecurity/pipeleak/cmd/gitea/enum/enum.go:198.40,199.9 1 9
github.com/CompassSecurity/pipeleak/cmd/gitea/enum/enum.go:201.3,201.27 1 1
github.com/CompassSecurity/pipeleak/cmd/gitea/enum/enum.go:204.2,205.12 2 10
github.com/CompassSecurity/pipeleak/cmd/gitea/scan/api.go:41.78,45.2 3 4
github.com/CompassSecurity/pipeleak/cmd/gitea/scan/api.go:99.98,104.17 1 16
github.com/CompassSecurity/pipeleak/cmd/gitea/scan/api.go:104.17,106.3 1 1
github.com/CompassSecurity/pipeleak/cmd/gitea/scan/api.go:108.2,108.23 1 15
github.com/CompassSecurity/pipeleak/cmd/gitea/scan/api.go:108.23,110.3 1 1
github.com/CompassSecurity/pipeleak/cmd/gitea/scan/api.go:112.2,116.6 4 14
github.com/CompassSecurity/pipeleak/cmd/gitea/scan/api.go:116.6,118.17 2 29
github.com/CompassSecurity/pipeleak/cmd/gitea/scan/api.go:118.17,120.4 1 0
github.com/CompassSecurity/pipeleak/cmd/gitea/scan/api.go:121.3,129.17 7 29
github.com/CompassSecurity/pipeleak/cmd/gitea/scan/api.go:129.17,131.4 1 0
github.com/CompassSecurity/pipeleak/cmd/gitea/scan/api.go:133.3,133.29 1 29
github.com/CompassSecurity/pipeleak/cmd/gitea/scan/api.go:133.29,134.44 1 1
github.com/CompassSecurity/pipeleak/cmd/gitea/scan/api.go:134.44,136.5 1 0
github.com/CompassSecurity/pipeleak/cmd/gitea/scan/api.go:137.4,137.23 1 1
github.com/CompassSecurity/pipeleak/cmd/gitea/scan/api.go:140.3,140.29 1 28
github.com/CompassSecurity/pipeleak/cmd/gitea/scan/api.go:140.29,141.44 1 1
github.com/CompassSecurity/pipeleak/cmd/gitea/scan/api.go:141.44,143.5 1 0
github.com/CompassSecurity/pipeleak/cmd/gitea/scan/api.go:144.4,144.73 1 1
github.com/CompassSecurity/pipeleak/cmd/gitea/scan/api.go:147.3,148.53 2 27
github.com/CompassSecurity/pipeleak/cmd/gitea/scan/api.go:148.53,150.4 1 0
github.com/CompassSecurity/pipeleak/cmd/gitea/scan/api.go:151.3,151.17 1 27
github.com/CompassSecurity/pipeleak/cmd/gitea/scan/api.go:151.17,153.4 1 0
github.com/CompassSecurity/pipeleak/cmd/gitea/scan/api.go:155.3,156.57 2 27
github.com/CompassSecurity/pipeleak/cmd/gitea/scan/api.go:156.57,158.56 2 4
github.com/CompassSecurity/pipeleak/cmd/gitea/scan/api.go:158.56,160.5 1 0
github.com/CompassSecurity/pipeleak/cmd/gitea/scan/api.go:162.4,164.74 2 4
github.com/CompassSecurity/pipeleak/cmd/gitea/scan/api.go:164.74,167.5 2 0
github.com/CompassSecurity/pipeleak/cmd/gitea/scan/api.go:169.4,169.25 1 4
github.com/CompassSecurity/pipeleak/cmd/gitea/scan/api.go:169.25,170.10 1 2
github.com/CompassSecurity/pipeleak/cmd/gitea/scan/api.go:172.9,175.74 2 23
github.com/CompassSecurity/pipeleak/cmd/gitea/scan/api.go:175.74,178.5 2 4
github.com/CompassSecurity/pipeleak/cmd/gitea/scan/api.go:180.4,180.86 1 19
github.com/CompassSecurity/pipeleak/cmd/gitea/scan/api.go:180.86,181.10 1 6
github.com/CompassSecurity/pipeleak/cmd/gitea/scan/api.go:185.3,185.9 1 15
github.com/CompassSecurity/pipeleak/cmd/gitea/scan/api.go:188.2,188.21 1 8
github.com/CompassSecurity/pipeleak/cmd/gitea/scan/api.go:191.95,192.17 1 4
github.com/CompassSecurity/pipeleak/cmd/gitea/scan/api.go:192.17,195.3 2 1
github.com/CompassSecurity/pipeleak/cmd/gitea/scan/api.go:197.2,198.16 2 3
github.com/CompassSecurity/pipeleak/cmd/gitea/scan/api.go:198.16,201.3 2 1
github.com/CompassSecurity/pipeleak/cmd/gitea/scan/api.go:203.2,203.20 1 2
github.com/CompassSecurity/pipeleak/cmd/gitea/scan/api.go:203.20,206.3 2 1
github.com/CompassSecurity/pipeleak/cmd/gitea/scan/api.go:208.2,208.27 1 1
github.com/CompassSecurity/pipeleak/cmd/gitea/scan/api.go:208.27,210.3 1 1
github.com/CompassSecurity/pipeleak/cmd/gitea/scan/api.go:213.113,214.17 1 11
github.com/CompassSecurity/pipeleak/cmd/gitea/scan/api.go:214.17,216.3 1 1
github.com/CompassSecurity/pipeleak/cmd/gitea/scan/api.go:218.2,218.23 1 10
github.com/CompassSecurity/pipeleak/cmd/gitea/scan/api.go:218.23,220.3 1 1
github.com/CompassSecurity/pipeleak/cmd/gitea/scan/api.go:222.2,226.6 4 9
github.com/CompassSecurity/pipeleak/cmd/gitea/scan/api.go:226.6,228.17 2 12
github.com/CompassSecurity/pipeleak/cmd/gitea/scan/api.go:228.17,230.4 1 0
github.com/CompassSecurity/pipeleak/cmd/gitea/scan/api.go:231.3,239.17 7 12
github.com/CompassSecurity/pipeleak/cmd/gitea/scan/api.go:239.17,241.4 1 1
github.com/CompassSecurity/pipeleak/cmd/gitea/scan/api.go:243.3,243.29 1 11
github.com/CompassSecurity/pipeleak/cmd/gitea/scan/api.go:243.29,244.44 1 1
github.com/CompassSecurity/pipeleak/cmd/gitea/scan/api.go:244.44,246.5 1 0
github.com/CompassSecurity/pipeleak/cmd/gitea/scan/api.go:247.4,247.23 1 1
github.com/CompassSecurity/pipeleak/cmd/gitea/scan/api.go:250.3,250.29 1 10
github.com/CompassSecurity/pipeleak/cmd/gitea/scan/api.go:250.29,251.44 1 0
github.com/CompassSecurity/pipeleak/cmd/gitea/scan/api.go:251.44,253.5 1 0
github.com/CompassSecurity/pipeleak/cmd/gitea/scan/api.go:254.4,254.73 1 0
github.com/CompassSecurity/pipeleak/cmd/gitea/scan/api.go:257.3,258.53 2 10
github.com/CompassSecurity/pipeleak/cmd/gitea/scan/api.go:258.53,260.4 1 0
github.com/CompassSecurity/pipeleak/cmd/gitea/scan/api.go:261.3,261.17 1 10
github.com/CompassSecurity/pipeleak/cmd/gitea/scan/api.go:261.17,263.4 1 0
github.com/CompassSecurity/pipeleak/cmd/gitea/scan/api.go:265.3,266.57 2 10
github.com/CompassSecurity/pipeleak/cmd/gitea/scan/api.go:266.57,268.56 2 1
github.com/CompassSecurity/pipeleak/cmd/gitea/scan/api.go:268.56,270.5 1 0
github.com/CompassSecurity/pipeleak/cmd/gitea/scan/api.go:271.4,272.25 2 1
github.com/CompassSecurity/pipeleak/cmd/gitea/scan/api.go:272.25,273.10 1 1
github.com/CompassSecurity/pipeleak/cmd/gitea/scan/api.go:275.9,277.78 2 9
github.com/CompassSecurity/pipeleak/cmd/gitea/scan/api.go:277.78,278.10 1 6
github.com/CompassSecurity/pipeleak/cmd/gitea/scan/api.go:282.3,282.9 1 3
github.com/CompassSecurity/pipeleak/cmd/gitea/scan/api.go:285.2,285.21 1 7
github.com/CompassSecurity/pipeleak/cmd/gitea/scan/api.go:288.102,289.17 1 6
github.com/CompassSecurity/pipeleak/cmd/gitea/scan/api.go:289.17,292.3 2 1
github.com/CompassSecurity/pipeleak/cmd/gitea/scan/api.go:294.2,296.16 3 5
github.com/CompassSecurity/pipeleak/cmd/gitea/scan/api.go:296.16,299.3 2 1
github.com/CompassSecurity/pipeleak/cmd/gitea/scan/api.go:301.2,302.16 2 4
github.com/CompassSecurity/pipeleak/cmd/gitea/scan/api.go:302.16,305.3 2 0
github.com/CompassSecurity/pipeleak/cmd/gitea/scan/api.go:307.2,309.28 2 4
github.com/CompassSecurity/pipeleak/cmd/gitea/scan/api.go:309.28,312.3 2 1
github.com/CompassSecurity/pipeleak/cmd/gitea/scan/api.go:314.2,314.74 1 3
github.com/CompassSecurity/pipeleak/cmd/gitea/scan/api.go:314.74,317.3 2 1
github.com/CompassSecurity/pipeleak/cmd/gitea/scan/api.go:319.2,319.50 1 2
github.com/CompassSecurity/pipeleak/cmd/gitea/scan/api.go:322.97,323.17 1 4
github.com/CompassSecurity/pipeleak/cmd/gitea/scan/api.go:323.17,326.3 2 1
github.com/CompassSecurity/pipeleak/cmd/gitea/scan/api.go:328.2,329.16 2 3
github.com/CompassSecurity/pipeleak/cmd/gitea/scan/api.go:329.16,332.3 2 1
github.com/CompassSecurity/pipeleak/cmd/gitea/scan/api.go:334.2,334.25 1 2
github.com/CompassSecurity/pipeleak/cmd/gitea/scan/api.go:334.25,337.3 2 1
github.com/CompassSecurity/pipeleak/cmd/gitea/scan/api.go:339.2,341.37 2 1
github.com/CompassSecurity/pipeleak/cmd/gitea/scan/api.go:341.37,348.3 2 1
github.com/CompassSecurity/pipeleak/cmd/gitea/scan/api.go:351.93,352.17 1 12
github.com/CompassSecurity/pipeleak/cmd/gitea/scan/api.go:352.17,354.3 1 1
github.com/CompassSecurity/pipeleak/cmd/gitea/scan/api.go:356.2,356.23 1 11
github.com/CompassSecurity/pipeleak/cmd/gitea/scan/api.go:356.23,358.3 1 1
github.com/CompassSecurity/pipeleak/cmd/gitea/scan/api.go:360.2,364.6 4 10
github.com/CompassSecurity/pipeleak/cmd/gitea/scan/api.go:364.6,366.17 2 12
github.com/CompassSecurity/pipeleak/cmd/gitea/scan/api.go:366.17,368.4 1 0
github.com/CompassSecurity/pipeleak/cmd/gitea/scan/api.go:369.3,377.17 7 12
github.com/CompassSecurity/pipeleak/cmd/gitea/scan/api.go:377.17,379.4 1 0
github.com/CompassSecurity/pipeleak/cmd/gitea/scan/api.go:381.3,381.29 1 12
github.com/CompassSecurity/pipeleak/cmd/gitea/scan/api.go:381.29,382.44 1 1
github.com/CompassSecurity/pipeleak/cmd/gitea/scan/api.go:382.44,384.5 1 0
github.com/CompassSecurity/pipeleak/cmd/gitea/scan/api.go:385.4,385.28 1 1
github.com/CompassSecurity/pipeleak/cmd/gitea/scan/api.go:388.3,388.29 1 11
github.com/CompassSecurity/pipeleak/cmd/gitea/scan/api.go:388.29,389.44 1 1
github.com/CompassSecurity/pipeleak/cmd/gitea/scan/api.go:389.44,391.5 1 0
github.com/CompassSecurity/pipeleak/cmd/gitea/scan/api.go:392.4,392.73 1 1
github.com/CompassSecurity/pipeleak/cmd/gitea/scan/api.go:395.3,396.53 2 10
github.com/CompassSecurity/pipeleak/cmd/gitea/scan/api.go:396.53,398.4 1 0
github.com/CompassSecurity/pipeleak/cmd/gitea/scan/api.go:399.3,399.17 1 10
github.com/CompassSecurity/pipeleak/cmd/gitea/scan/api.go:399.17,401.4 1 0
github.com/CompassSecurity/pipeleak/cmd/gitea/scan/api.go:403.3,404.62 2 10
github.com/CompassSecurity/pipeleak/cmd/gitea/scan/api.go:404.62,406.61 2 1
github.com/CompassSecurity/pipeleak/cmd/gitea/scan/api.go:406.61,408.5 1 0
github.com/CompassSecurity/pipeleak/cmd/gitea/scan/api.go:409.4,410.30 2 1
github.com/CompassSecurity/pipeleak/cmd/gitea/scan/api.go:410.30,411.10 1 1
github.com/CompassSecurity/pipeleak/cmd/gitea/scan/api.go:413.9,415.98 2 9
github.com/CompassSecurity/pipeleak/cmd/gitea/scan/api.go:415.98,416.10 1 7
github.com/CompassSecurity/pipeleak/cmd/gitea/scan/api.go:420.3,420.9 1 2
github.com/CompassSecurity/pipeleak/cmd/gitea/scan/api.go:423.2,423.26 1 8
github.com/CompassSecurity/pipeleak/cmd/gitea/scan/api.go:426.124,427.17 1 7
github.com/CompassSecurity/pipeleak/cmd/gitea/scan/api.go:427.17,430.3 2 1
github.com/CompassSecurity/pipeleak/cmd/gitea/scan/api.go:432.2,433.16 2 6
github.com/CompassSecurity/pipeleak/cmd/gitea/scan/api.go:433.16,436.3 2 1
github.com/CompassSecurity/pipeleak/cmd/gitea/scan/api.go:438.2,439.16 2 5
github.com/CompassSecurity/pipeleak/cmd/gitea/scan/api.go:439.16,442.3 2 0
github.com/CompassSecurity/pipeleak/cmd/gitea/scan/api.go:444.2,444.54 1 5
github.com/CompassSecurity/pipeleak/cmd/gitea/scan/api.go:444.54,447.3 2 2
github.com/CompassSecurity/pipeleak/cmd/gitea/scan/api.go:449.2,449.54 1 3
github.com/CompassSecurity/pipeleak/cmd/gitea/scan/api.go:449.54,452.3 2 0
github.com/CompassSecurity/pipeleak/cmd/gitea/scan/api.go:454.2,454.57 1 3
github.com/CompassSecurity/pipeleak/cmd/gitea/scan/html.go:18.23,20.16 2 1
github.com/CompassSecurity/pipeleak/cmd/gitea/scan/html.go:20.16,22.3 1 0
github.com/CompassSecurity/pipeleak/cmd/gitea/scan/html.go:24.2,25.16 2 1
github.com/CompassSecurity/pipeleak/cmd/gitea/scan/html.go:25.16,27.3 1 0
github.com/CompassSecurity/pipeleak/cmd/gitea/scan/html.go:29.2,31.56 2 1
github.com/CompassSecurity/pipeleak/cmd/gitea/scan/html.go:31.56,33.3 1 0
github.com/CompassSecurity/pipeleak/cmd/gitea/scan/html.go:33.8,35.3 1 1
github.com/CompassSecurity/pipeleak/cmd/gitea/scan/html.go:38.55,39.17 1 3
github.com/CompassSecurity/pipeleak/cmd/gitea/scan/html.go:39.17,42.3 2 1
github.com/CompassSecurity/pipeleak/cmd/gitea/scan/html.go:44.2,48.32 3 2
github.com/CompassSecurity/pipeleak/cmd/gitea/scan/html.go:48.32,51.3 2 0
github.com/CompassSecurity/pipeleak/cmd/gitea/scan/html.go:51.8,53.17 2 2
github.com/CompassSecurity/pipeleak/cmd/gitea/scan/html.go:53.17,56.4 2 0
github.com/CompassSecurity/pipeleak/cmd/gitea/scan/html.go:58.3,58.23 1 2
github.com/CompassSecurity/pipeleak/cmd/gitea/scan/html.go:58.23,61.4 2 1
github.com/CompassSecurity/pipeleak/cmd/gitea/scan/html.go:63.3,63.27 1 1
github.com/CompassSecurity/pipeleak/cmd/gitea/scan/html.go:66.2,86.12 13 1
github.com/CompassSecurity/pipeleak/cmd/gitea/scan/html.go:86.12,92.35 5 1
github.com/CompassSecurity/pipeleak/cmd/gitea/scan/html.go:92.35,95.8 2 5
github.com/CompassSecurity/pipeleak/cmd/gitea/scan/html.go:95.8,97.16 2 10
github.com/CompassSecurity/pipeleak/cmd/gitea/scan/html.go:97.16,98.11 1 5
github.com/CompassSecurity/pipeleak/cmd/gitea/scan/html.go:101.5,103.16 2 5
github.com/CompassSecurity/pipeleak/cmd/gitea/scan/html.go:103.16,107.6 3 5
github.com/CompassSecurity/pipeleak/cmd/gitea/scan/html.go:107.11,111.31 3 0
github.com/CompassSecurity/pipeleak/cmd/gitea/scan/html.go:111.31,119.7 2 0
github.com/CompassSecurity/pipeleak/cmd/gitea/scan/html.go:122.5,122.24 1 5
github.com/CompassSecurity/pipeleak/cmd/gitea/scan/html.go:127.2,127.34 1 1
github.com/CompassSecurity/pipeleak/cmd/gitea/scan/html.go:127.34,128.99 1 5
github.com/CompassSecurity/pipeleak/cmd/gitea/scan/html.go:128.99,131.9 3 0
github.com/CompassSecurity/pipeleak/cmd/gitea/scan/html.go:134.3,134.50 1 5
github.com/CompassSecurity/pipeleak/cmd/gitea/scan/html.go:134.50,137.9 3 0
github.com/CompassSecurity/pipeleak/cmd/gitea/scan/html.go:140.3,141.38 2 5
github.com/CompassSecurity/pipeleak/cmd/gitea/scan/html.go:141.38,142.11 1 5
github.com/CompassSecurity/pipeleak/cmd/gitea/scan/html.go:143.22,144.11 1 0
github.com/CompassSecurity/pipeleak/cmd/gitea/scan/html.go:145.12,145.12 0 5
github.com/CompassSecurity/pipeleak/cmd/gitea/scan/html.go:148.4,152.10 4 5
github.com/CompassSecurity/pipeleak/cmd/gitea/scan/html.go:152.10,154.5 1 5
github.com/CompassSecurity/pipeleak/cmd/gitea/scan/html.go:156.4,156.11 1 5
github.com/CompassSecurity/pipeleak/cmd/gitea/scan/html.go:157.61,157.61 0 5
github.com/CompassSecurity/pipeleak/cmd/gitea/scan/html.go:158.22,158.22 0 0
github.com/CompassSecurity/pipeleak/cmd/gitea/scan/html.go:163.2,165.15 3 1
github.com/CompassSecurity/pipeleak/cmd/gitea/scan/html.go:168.68,169.17 1 6
github.com/CompassSecurity/pipeleak/cmd/gitea/scan/html.go:169.17,171.3 1 1
github.com/CompassSecurity/pipeleak/cmd/gitea/scan/html.go:173.2,174.16 2 5
github.com/CompassSecurity/pipeleak/cmd/gitea/scan/html.go:174.16,176.3 1 0
github.com/CompassSecurity/pipeleak/cmd/gitea/scan/html.go:178.2,179.16 2 5
github.com/CompassSecurity/pipeleak/cmd/gitea/scan/html.go:179.16,181.3 1 0
github.com/CompassSecurity/pipeleak/cmd/gitea/scan/html.go:183.2,183.79 1 5
github.com/CompassSecurity/pipeleak/cmd/gitea/scan/html.go:183.79,184.29 1 1
github.com/CompassSecurity/pipeleak/cmd/gitea/scan/html.go:184.29,186.4 1 1
github.com/CompassSecurity/pipeleak/cmd/gitea/scan/html.go:187.3,187.16 1 0
github.com/CompassSecurity/pipeleak/cmd/gitea/scan/html.go:190.2,193.23 3 4
github.com/CompassSecurity/pipeleak/cmd/gitea/scan/html.go:193.23,195.3 1 2
github.com/CompassSecurity/pipeleak/cmd/gitea/scan/html.go:197.2,199.16 3 2
github.com/CompassSecurity/pipeleak/cmd/gitea/scan/html.go:199.16,201.3 1 0
github.com/CompassSecurity/pipeleak/cmd/gitea/scan/html.go:203.2,203.25 1 2
github.com/CompassSecurity/pipeleak/cmd/gitea/scan/html.go:206.83,207.17 1 8
github.com/CompassSecurity/pipeleak/cmd/gitea/scan/html.go:207.17,210.3 2 1
github.com/CompassSecurity/pipeleak/cmd/gitea/scan/html.go:212.2,214.16 3 7
github.com/CompassSecurity/pipeleak/cmd/gitea/scan/html.go:214.16,217.3 2 0
github.com/CompassSecurity/pipeleak/cmd/gitea/scan/html.go:219.2,220.16 2 7
github.com/CompassSecurity/pipeleak/cmd/gitea/scan/html.go:220.16,223.3 2 0
github.com/CompassSecurity/pipeleak/cmd/gitea/scan/html.go:225.2,227.28 2 7
github.com/CompassSecurity/pipeleak/cmd/gitea/scan/html.go:227.28,230.3 2 1
github.com/CompassSecurity/pipeleak/cmd/gitea/scan/html.go:232.2,232.74 1 6
github.com/CompassSecurity/pipeleak/cmd/gitea/scan/html.go:232.74,235.3 2 0
github.com/CompassSecurity/pipeleak/cmd/gitea/scan/html.go:237.2,238.16 2 6
github.com/CompassSecurity/pipeleak/cmd/gitea/scan/html.go:238.16,241.3 2 0
github.com/CompassSecurity/pipeleak/cmd/gitea/scan/html.go:242.2,254.27 6 6
github.com/CompassSecurity/pipeleak/cmd/gitea/scan/html.go:254.27,256.3 1 0
github.com/CompassSecurity/pipeleak/cmd/gitea/scan/html.go:258.2,258.13 1 6
github.com/CompassSecurity/pipeleak/cmd/gitea/scan/html.go:261.82,262.17 1 4
github.com/CompassSecurity/pipeleak/cmd/gitea/scan/html.go:262.17,265.3 2 1
github.com/CompassSecurity/pipeleak/cmd/gitea/scan/html.go:267.2,268.16 2 3
github.com/CompassSecurity/pipeleak/cmd/gitea/scan/html.go:268.16,271.3 2 2
github.com/CompassSecurity/pipeleak/cmd/gitea/scan/html.go:273.2,273.28 1 1
github.com/CompassSecurity/pipeleak/cmd/gitea/scan/html.go:273.28,276.3 2 1
github.com/CompassSecurity/pipeleak/cmd/gitea/scan/html.go:278.2,289.54 5 0
github.com/CompassSecurity/pipeleak/cmd/gitea/scan/html.go:289.54,292.38 3 0
github.com/CompassSecurity/pipeleak/cmd/gitea/scan/html.go:292.38,294.4 1 0
github.com/CompassSecurity/pipeleak/cmd/gitea/scan/html.go:297.2,297.14 1 0
github.com/CompassSecurity/pipeleak/cmd/gitea/scan/html.go:300.97,301.17 1 6
github.com/CompassSecurity/pipeleak/cmd/gitea/scan/html.go:301.17,303.3 1 1
github.com/CompassSecurity/pipeleak/cmd/gitea/scan/html.go:305.2,307.39 3 5
github.com/CompassSecurity/pipeleak/cmd/gitea/scan/html.go:307.39,310.3 2 2
github.com/CompassSecurity/pipeleak/cmd/gitea/scan/html.go:312.2,313.16 2 3
github.com/CompassSecurity/pipeleak/cmd/gitea/scan/html.go:313.16,315.3 1 0
github.com/CompassSecurity/pipeleak/cmd/gitea/scan/html.go:317.2,325.16 4 3
github.com/CompassSecurity/pipeleak/cmd/gitea/scan/html.go:325.16,327.3 1 0
github.com/CompassSecurity/pipeleak/cmd/gitea/scan/html.go:329.2,329.75 1 3
github.com/CompassSecurity/pipeleak/cmd/gitea/scan/html.go:329.75,331.3 1 0
github.com/CompassSecurity/pipeleak/cmd/gitea/scan/html.go:334.2,342.60 2 3
github.com/CompassSecurity/pipeleak/cmd/gitea/scan/html.go:342.60,345.3 2 0
github.com/CompassSecurity/pipeleak/cmd/gitea/scan/html.go:347.2,349.45 2 3
github.com/CompassSecurity/pipeleak/cmd/gitea/scan/html.go:349.45,351.17 2 2
github.com/CompassSecurity/pipeleak/cmd/gitea/scan/html.go:351.17,352.12 1 0
github.com/CompassSecurity/pipeleak/cmd/gitea/scan/html.go:354.3,356.125 3 2
github.com/CompassSecurity/pipeleak/cmd/gitea/scan/html.go:359.2,359.26 1 3
github.com/CompassSecurity/pipeleak/cmd/gitea/scan/html.go:362.128,363.17 1 3
github.com/CompassSecurity/pipeleak/cmd/gitea/scan/html.go:363.17,366.3 2 1
github.com/CompassSecurity/pipeleak/cmd/gitea/scan/html.go:368.2,371.16 3 2
github.com/CompassSecurity/pipeleak/cmd/gitea/scan/html.go:371.16,374.3 2 0
github.com/CompassSecurity/pipeleak/cmd/gitea/scan/html.go:376.2,376.54 1 2
github.com/CompassSecurity/pipeleak/cmd/gitea/scan/html.go:376.54,379.3 2 1
github.com/CompassSecurity/pipeleak/cmd/gitea/scan/html.go:381.2,381.78 1 1
github.com/CompassSecurity/pipeleak/cmd/gitea/scan/html.go:381.78,384.3 2 0
github.com/CompassSecurity/pipeleak/cmd/gitea/scan/html.go:386.2,386.56 1 1
github.com/CompassSecurity/pipeleak/cmd/gitea/scan/html.go:389.39,391.16 2 7
github.com/CompassSecurity/pipeleak/cmd/gitea/scan/html.go:391.16,393.3 1 0
github.com/CompassSecurity/pipeleak/cmd/gitea/scan/html.go:395.2,396.16 2 7
github.com/CompassSecurity/pipeleak/cmd/gitea/scan/html.go:396.16,398.3 1 0
github.com/CompassSecurity/pipeleak/cmd/gitea/scan/html.go:400.2,400.77 1 7
github.com/CompassSecurity/pipeleak/cmd/gitea/scan/html.go:400.77,402.3 1 0
github.com/CompassSecurity/pipeleak/cmd/gitea/scan/html.go:404.2,407.22 3 7
github.com/CompassSecurity/pipeleak/cmd/gitea/scan/html.go:407.22,409.3 1 3
github.com/CompassSecurity/pipeleak/cmd/gitea/scan/html.go:411.2,413.23 2 4
github.com/CompassSecurity/pipeleak/cmd/gitea/scan/http_utils.go:19.60,20.35 1 36
github.com/CompassSecurity/pipeleak/cmd/gitea/scan/http_utils.go:20.35,22.3 1 1
github.com/CompassSecurity/pipeleak/cmd/gitea/scan/http_utils.go:24.2,25.16 2 35
github.com/CompassSecurity/pipeleak/cmd/gitea/scan/http_utils.go:25.16,27.3 1 1
github.com/CompassSecurity/pipeleak/cmd/gitea/scan/http_utils.go:29.2,29.17 1 34
github.com/CompassSecurity/pipeleak/cmd/gitea/scan/http_utils.go:29.17,31.3 1 0
github.com/CompassSecurity/pipeleak/cmd/gitea/scan/http_utils.go:33.2,33.15 1 34
github.com/CompassSecurity/pipeleak/cmd/gitea/scan/http_utils.go:33.15,34.43 1 34
github.com/CompassSecurity/pipeleak/cmd/gitea/scan/http_utils.go:34.43,36.4 1 0
github.com/CompassSecurity/pipeleak/cmd/gitea/scan/http_utils.go:39.2,40.16 2 34
github.com/CompassSecurity/pipeleak/cmd/gitea/scan/http_utils.go:40.16,42.3 1 0
github.com/CompassSecurity/pipeleak/cmd/gitea/scan/http_utils.go:44.2,47.8 1 34
github.com/CompassSecurity/pipeleak/cmd/gitea/scan/http_utils.go:50.104,51.35 1 7
github.com/CompassSecurity/pipeleak/cmd/gitea/scan/http_utils.go:51.35,53.3 1 1
github.com/CompassSecurity/pipeleak/cmd/gitea/scan/http_utils.go:55.2,56.19 2 6
github.com/CompassSecurity/pipeleak/cmd/gitea/scan/http_utils.go:56.19,58.3 1 0
github.com/CompassSecurity/pipeleak/cmd/gitea/scan/http_utils.go:60.2,61.17 2 6
github.com/CompassSecurity/pipeleak/cmd/gitea/scan/http_utils.go:61.17,63.3 1 5
github.com/CompassSecurity/pipeleak/cmd/gitea/scan/http_utils.go:65.2,66.16 2 6
github.com/CompassSecurity/pipeleak/cmd/gitea/scan/http_utils.go:66.16,68.3 1 0
github.com/CompassSecurity/pipeleak/cmd/gitea/scan/http_utils.go:70.2,70.34 1 6
github.com/CompassSecurity/pipeleak/cmd/gitea/scan/http_utils.go:70.34,72.3 1 12
github.com/CompassSecurity/pipeleak/cmd/gitea/scan/http_utils.go:74.2,75.16 2 6
github.com/CompassSecurity/pipeleak/cmd/gitea/scan/http_utils.go:75.16,77.3 1 0
github.com/CompassSecurity/pipeleak/cmd/gitea/scan/http_utils.go:79.2,79.17 1 6
github.com/CompassSecurity/pipeleak/cmd/gitea/scan/http_utils.go:79.17,81.3 1 0
github.com/CompassSecurity/pipeleak/cmd/gitea/scan/http_utils.go:83.2,83.15 1 6
github.com/CompassSecurity/pipeleak/cmd/gitea/scan/http_utils.go:83.15,84.43 1 6
github.com/CompassSecurity/pipeleak/cmd/gitea/scan/http_utils.go:84.43,86.4 1 0
github.com/CompassSecurity/pipeleak/cmd/gitea/scan/http_utils.go:89.2,90.16 2 6
github.com/CompassSecurity/pipeleak/cmd/gitea/scan/http_utils.go:90.16,92.3 1 0
github.com/CompassSecurity/pipeleak/cmd/gitea/scan/http_utils.go:94.2,97.8 1 6
github.com/CompassSecurity/pipeleak/cmd/gitea/scan/http_utils.go:100.76,102.16 2 26
github.com/CompassSecurity/pipeleak/cmd/gitea/scan/http_utils.go:102.16,104.3 1 1
github.com/CompassSecurity/pipeleak/cmd/gitea/scan/http_utils.go:105.2,106.27 2 25
github.com/CompassSecurity/pipeleak/cmd/gitea/scan/http_utils.go:109.102,110.17 1 15
github.com/CompassSecurity/pipeleak/cmd/gitea/scan/http_utils.go:110.17,112.3 1 1
github.com/CompassSecurity/pipeleak/cmd/gitea/scan/http_utils.go:114.2,114.23 1 14
github.com/CompassSecurity/pipeleak/cmd/gitea/scan/http_utils.go:114.23,116.3 1 1
github.com/CompassSecurity/pipeleak/cmd/gitea/scan/http_utils.go:118.2,119.16 2 13
github.com/CompassSecurity/pipeleak/cmd/gitea/scan/http_utils.go:119.16,121.3 1 3
github.com/CompassSecurity/pipeleak/cmd/gitea/scan/http_utils.go:123.2,126.27 3 10
github.com/CompassSecurity/pipeleak/cmd/gitea/scan/http_utils.go:135.69,138.20 2 4
github.com/CompassSecurity/pipeleak/cmd/gitea/scan/http_utils.go:138.20,140.3 1 3
github.com/CompassSecurity/pipeleak/cmd/gitea/scan/http_utils.go:141.2,141.19 1 4
github.com/CompassSecurity/pipeleak/cmd/gitea/scan/http_utils.go:141.19,143.3 1 2
github.com/CompassSecurity/pipeleak/cmd/gitea/scan/http_utils.go:144.2,144.19 1 4
github.com/CompassSecurity/pipeleak/cmd/gitea/scan/http_utils.go:144.19,146.3 1 2
github.com/CompassSecurity/pipeleak/cmd/gitea/scan/http_utils.go:148.2,148.39 1 4
github.com/CompassSecurity/pipeleak/cmd/gitea/scan/http_utils.go:151.62,152.20 1 31
github.com/CompassSecurity/pipeleak/cmd/gitea/scan/http_utils.go:153.11,154.13 1 24
github.com/CompassSecurity/pipeleak/cmd/gitea/scan/http_utils.go:155.11,156.48 1 2
github.com/CompassSecurity/pipeleak/cmd/gitea/scan/http_utils.go:157.11,158.46 1 2
github.com/CompassSecurity/pipeleak/cmd/gitea/scan/http_utils.go:159.11,160.43 1 2
github.com/CompassSecurity/pipeleak/cmd/gitea/scan/http_utils.go:161.10,162.24 1 1
github.com/CompassSecurity/pipeleak/cmd/gitea/scan/http_utils.go:162.24,164.4 1 1
github.com/CompassSecurity/pipeleak/cmd/gitea/scan/http_utils.go:165.3,165.13 1 0
github.com/CompassSecurity/pipeleak/cmd/gitea/scan/scan.go:19.34,61.16 4 1
github.com/CompassSecurity/pipeleak/cmd/gitea/scan/scan.go:61.16,63.3 1 0
github.com/CompassSecurity/pipeleak/cmd/gitea/scan/scan.go:65.2,79.16 13 1
github.com/CompassSecurity/pipeleak/cmd/gitea/scan/scan.go:82.46,86.64 3 0
github.com/CompassSecurity/pipeleak/cmd/gitea/scan/scan.go:86.64,88.3 1 0
github.com/CompassSecurity/pipeleak/cmd/gitea/scan/scan.go:90.2,91.16 2 0
github.com/CompassSecurity/pipeleak/cmd/gitea/scan/scan.go:91.16,93.3 1 0
github.com/CompassSecurity/pipeleak/cmd/gitea/scan/scan.go:95.2,97.16 3 0
github.com/CompassSecurity/pipeleak/cmd/gitea/scan/scan.go:97.16,99.3 1 0
github.com/CompassSecurity/pipeleak/cmd/gitea/scan/scan.go:101.2,103.30 2 0
github.com/CompassSecurity/pipeleak/cmd/gitea/scan/scan.go:103.30,118.3 2 0
github.com/CompassSecurity/pipeleak/cmd/gitea/scan/scan.go:118.8,129.3 3 0
github.com/CompassSecurity/pipeleak/cmd/gitea/scan/scan.go:131.2,132.41 2 0
github.com/CompassSecurity/pipeleak/cmd/gitea/scan/scan.go:132.41,134.3 1 0
github.com/CompassSecurity/pipeleak/cmd/gitea/scan/scan.go:136.2,137.61 2 0
github.com/CompassSecurity/pipeleak/cmd/gitea/scan/scan.go:140.34,142.2 1 0
github.com/CompassSecurity/pipeleak/cmd/gitea/scan/scan.go:144.45,145.34 1 0
github.com/CompassSecurity/pipeleak/cmd/gitea/scan/scan.go:145.34,148.3 2 0
github.com/CompassSecurity/pipeleak/cmd/gitea/scan/scan.go:148.8,148.43 1 0
github.com/CompassSecurity/pipeleak/cmd/gitea/scan/scan.go:148.43,151.3 2 0
github.com/CompassSecurity/pipeleak/cmd/gitea/scan/scan.go:151.8,151.30 1 0
github.com/CompassSecurity/pipeleak/cmd/gitea/scan/scan.go:151.30,154.3 2 0
github.com/CompassSecurity/pipeleak/cmd/gitea/scan/scan.go:154.8,157.3 2 0
github.com/CompassSecurity/pipeleak/cmd/gitea/scan/scan.go:160.70,162.21 2 0
github.com/CompassSecurity/pipeleak/cmd/gitea/scan/scan.go:162.21,165.3 2 0
github.com/CompassSecurity/pipeleak/cmd/gitea/scan/scan.go:167.2,171.16 4 0
github.com/CompassSecurity/pipeleak/cmd/gitea/scan/scan.go:171.16,174.3 2 0
github.com/CompassSecurity/pipeleak/cmd/gitea/scan/scan.go:176.2,176.17 1 0
github.com/CompassSecurity/pipeleak/cmd/gitea/scan/scan.go:176.17,179.3 2 0
github.com/CompassSecurity/pipeleak/cmd/gitea/scan/scan.go:181.2,182.30 2 0
github.com/CompassSecurity/pipeleak/cmd/gitea/scan/scan.go:185.48,195.6 2 0
github.com/CompassSecurity/pipeleak/cmd/gitea/scan/scan.go:195.6,197.17 2 0
github.com/CompassSecurity/pipeleak/cmd/gitea/scan/scan.go:197.17,199.9 2 0
github.com/CompassSecurity/pipeleak/cmd/gitea/scan/scan.go:202.3,202.22 1 0
github.com/CompassSecurity/pipeleak/cmd/gitea/scan/scan.go:202.22,203.9 1 0
github.com/CompassSecurity/pipeleak/cmd/gitea/scan/scan.go:206.3,208.30 2 0
github.com/CompassSecurity/pipeleak/cmd/gitea/scan/scan.go:208.30,211.4 2 0
github.com/CompassSecurity/pipeleak/cmd/gitea/scan/scan.go:213.3,213.40 1 0
github.com/CompassSecurity/pipeleak/cmd/gitea/scan/scan.go:213.40,214.9 1 0
github.com/CompassSecurity/pipeleak/cmd/gitea/scan/scan.go:217.3,217.27 1 0
github.com/CompassSecurity/pipeleak/cmd/gitea/scan/scan.go:221.50,223.16 2 0
github.com/CompassSecurity/pipeleak/cmd/gitea/scan/scan.go:223.16,226.3 2 0
github.com/CompassSecurity/pipeleak/cmd/gitea/scan/scan.go:228.2,228.17 1 0
github.com/CompassSecurity/pipeleak/cmd/gitea/scan/scan.go:228.17,231.3 2 0
github.com/CompassSecurity/pipeleak/cmd/gitea/scan/scan.go:233.2,240.6 2 0
github.com/CompassSecurity/pipeleak/cmd/gitea/scan/scan.go:240.6,242.17 2 0
github.com/CompassSecurity/pipeleak/cmd/gitea/scan/scan.go:242.17,244.9 2 0
github.com/CompassSecurity/pipeleak/cmd/gitea/scan/scan.go:247.3,247.22 1 0
github.com/CompassSecurity/pipeleak/cmd/gitea/scan/scan.go:247.22,248.9 1 0
github.com/CompassSecurity/pipeleak/cmd/gitea/scan/scan.go:251.3,253.30 2 0
github.com/CompassSecurity/pipeleak/cmd/gitea/scan/scan.go:253.30,254.53 1 0
github.com/CompassSecurity/pipeleak/cmd/gitea/scan/scan.go:254.53,257.5 2 0
github.com/CompassSecurity/pipeleak/cmd/gitea/scan/scan.go:260.3,260.40 1 0
github.com/CompassSecurity/pipeleak/cmd/gitea/scan/scan.go:260.40,261.9 1 0
github.com/CompassSecurity/pipeleak/cmd/gitea/scan/scan.go:264.3,264.27 1 0
github.com/CompassSecurity/pipeleak/cmd/gitea/scan/scan.go:268.73,278.6 2 0
github.com/CompassSecurity/pipeleak/cmd/gitea/scan/scan.go:278.6,280.17 2 0
github.com/CompassSecurity/pipeleak/cmd/gitea/scan/scan.go:280.17,282.9 2 0
github.com/CompassSecurity/pipeleak/cmd/gitea/scan/scan.go:285.3,285.22 1 0
github.com/CompassSecurity/pipeleak/cmd/gitea/scan/scan.go:285.22,286.9 1 0
github.com/CompassSecurity/pipeleak/cmd/gitea/scan/scan.go:289.3,291.30 2 0
github.com/CompassSecurity/pipeleak/cmd/gitea/scan/scan.go:291.30,294.4 2 0
github.com/CompassSecurity/pipeleak/cmd/gitea/scan/scan.go:296.3,296.40 1 0
github.com/CompassSecurity/pipeleak/cmd/gitea/scan/scan.go:296.40,297.9 1 0
github.com/CompassSecurity/pipeleak/cmd/gitea/scan/scan.go:300.3,300.27 1 0
github.com/CompassSecurity/pipeleak/cmd/gitea/scan/scan.go:304.67,305.17 1 0
github.com/CompassSecurity/pipeleak/cmd/gitea/scan/scan.go:305.17,308.3 2 0
github.com/CompassSecurity/pipeleak/cmd/gitea/scan/scan.go:310.2,311.16 2 0
github.com/CompassSecurity/pipeleak/cmd/gitea/scan/scan.go:311.16,315.71 1 0
github.com/CompassSecurity/pipeleak/cmd/gitea/scan/scan.go:315.71,319.4 3 0
github.com/CompassSecurity/pipeleak/cmd/gitea/scan/scan.go:320.3,321.9 2 0
github.com/CompassSecurity/pipeleak/cmd/gitea/scan/scan.go:324.2,324.28 1 0
github.com/CompassSecurity/pipeleak/cmd/gitea/scan/scan.go:324.28,327.3 2 0
github.com/CompassSecurity/pipeleak/cmd/gitea/scan/scan.go:329.2,329.32 1 0
github.com/CompassSecurity/pipeleak/cmd/gitea/scan/scan.go:329.32,331.36 2 0
github.com/CompassSecurity/pipeleak/cmd/gitea/scan/scan.go:331.36,332.40 1 0
github.com/CompassSecurity/pipeleak/cmd/gitea/scan/scan.go:332.40,334.5 1 0
github.com/CompassSecurity/pipeleak/cmd/gitea/scan/scan.go:336.3,338.29 2 0
github.com/CompassSecurity/pipeleak/cmd/gitea/scan/scan.go:338.29,341.4 2 0
github.com/CompassSecurity/pipeleak/cmd/gitea/scan/scan.go:343.3,343.166 1 0
github.com/CompassSecurity/pipeleak/cmd/gitea/scan/scan.go:344.8,346.3 1 0
github.com/CompassSecurity/pipeleak/cmd/gitea/scan/scan.go:348.2,348.35 1 0
github.com/CompassSecurity/pipeleak/cmd/gitea/scan/scan.go:348.35,358.28 3 0
github.com/CompassSecurity/pipeleak/cmd/gitea/scan/scan.go:358.28,360.4 1 0
github.com/CompassSecurity/pipeleak/cmd/gitea/scan/scan_utils.go:17.108,18.17 1 10
github.com/CompassSecurity/pipeleak/cmd/gitea/scan/scan_utils.go:18.17,21.3 2 1
github.com/CompassSecurity/pipeleak/cmd/gitea/scan/scan_utils.go:23.2,24.16 2 9
github.com/CompassSecurity/pipeleak/cmd/gitea/scan/scan_utils.go:24.16,31.3 2 0
github.com/CompassSecurity/pipeleak/cmd/gitea/scan/scan_utils.go:33.2,33.35 1 9
github.com/CompassSecurity/pipeleak/cmd/gitea/scan/scan_utils.go:33.35,35.3 1 0
github.com/CompassSecurity/pipeleak/cmd/gitea/scan/scan_utils.go:38.104,47.15 2 0
github.com/CompassSecurity/pipeleak/cmd/gitea/scan/scan_utils.go:47.15,49.3 1 0
github.com/CompassSecurity/pipeleak/cmd/gitea/scan/scan_utils.go:51.2,51.19 1 0
github.com/CompassSecurity/pipeleak/cmd/gitea/scan/scan_utils.go:51.19,53.3 1 0
github.com/CompassSecurity/pipeleak/cmd/gitea/scan/scan_utils.go:55.2,55.18 1 0
github.com/CompassSecurity/pipeleak/cmd/gitea/scan/scan_utils.go:58.110,59.17 1 10
github.com/CompassSecurity/pipeleak/cmd/gitea/scan/scan_utils.go:59.17,62.3 2 1
github.com/CompassSecurity/pipeleak/cmd/gitea/scan/scan_utils.go:64.2,65.16 2 9
github.com/CompassSecurity/pipeleak/cmd/gitea/scan/scan_utils.go:65.16,73.3 3 4
github.com/CompassSecurity/pipeleak/cmd/gitea/scan/scan_utils.go:75.2,78.38 3 5
github.com/CompassSecurity/pipeleak/cmd/gitea/scan/scan_utils.go:78.38,80.38 2 15
github.com/CompassSecurity/pipeleak/cmd/gitea/scan/scan_utils.go:80.38,82.18 2 15
github.com/CompassSecurity/pipeleak/cmd/gitea/scan/scan_utils.go:82.18,85.5 2 0
github.com/CompassSecurity/pipeleak/cmd/gitea/scan/scan_utils.go:86.4,86.17 1 15
github.com/CompassSecurity/pipeleak/cmd/gitea/scan/scan_utils.go:86.17,87.38 1 15
github.com/CompassSecurity/pipeleak/cmd/gitea/scan/scan_utils.go:87.38,89.6 1 0
github.com/CompassSecurity/pipeleak/cmd/gitea/scan/scan_utils.go:92.4,93.18 2 15
github.com/CompassSecurity/pipeleak/cmd/gitea/scan/scan_utils.go:93.18,96.5 2 0
github.com/CompassSecurity/pipeleak/cmd/gitea/scan/scan_utils.go:98.4,98.65 1 15
github.com/CompassSecurity/pipeleak/cmd/gitea/scan/scan_utils.go:102.2,102.14 1 5
github.com/CompassSecurity/pipeleak/cmd/gitea/scan/scan_utils.go:105.95,108.33 2 26
github.com/CompassSecurity/pipeleak/cmd/gitea/scan/scan_utils.go:108.33,110.3 1 2
github.com/CompassSecurity/pipeleak/cmd/gitea/scan/scan_utils.go:112.2,112.30 1 24
github.com/CompassSecurity/pipeleak/cmd/gitea/scan/scan_utils.go:112.30,114.3 1 0
github.com/CompassSecurity/pipeleak/cmd/gitea/scan/scan_utils.go:116.2,116.32 1 24
github.com/CompassSecurity/pipeleak/cmd/gitea/scan/scan_utils.go:119.127,121.20 2 22
github.com/CompassSecurity/pipeleak/cmd/gitea/scan/scan_utils.go:121.20,123.3 1 16
github.com/CompassSecurity/pipeleak/cmd/gitea/scan/scan_utils.go:125.2,127.16 2 22
github.com/CompassSecurity/pipeleak/cmd/gitea/scan/scan_utils.go:128.17,129.113 1 1
github.com/CompassSecurity/pipeleak/cmd/gitea/scan/scan_utils.go:130.14,135.121 2 0
github.com/CompassSecurity/pipeleak/cmd/gitea/scan/scan_utils.go:136.14,141.121 2 21
github.com/CompassSecurity/pipeleak/cmd/github/github.go:7.40,17.2 3 2
github.com/CompassSecurity/pipeleak/cmd/github/scan.go:46.34,71.16 4 6
github.com/CompassSecurity/pipeleak/cmd/github/scan.go:71.16,73.3 1 0
github.com/CompassSecurity/pipeleak/cmd/github/scan.go:75.2,89.16 13 6
github.com/CompassSecurity/pipeleak/cmd/github/scan.go:92.46,101.2 7 0
github.com/CompassSecurity/pipeleak/cmd/github/scan.go:103.53,105.106 1 0
github.com/CompassSecurity/pipeleak/cmd/github/scan.go:105.106,110.4 4 0
github.com/CompassSecurity/pipeleak/cmd/github/scan.go:111.110,116.4 4 0
github.com/CompassSecurity/pipeleak/cmd/github/scan.go:119.2,119.90 1 0
github.com/CompassSecurity/pipeleak/cmd/github/scan.go:122.34,123.19 1 0
github.com/CompassSecurity/pipeleak/cmd/github/scan.go:123.19,125.3 1 0
github.com/CompassSecurity/pipeleak/cmd/github/scan.go:125.8,125.31 1 0
github.com/CompassSecurity/pipeleak/cmd/github/scan.go:125.31,127.3 1 0
github.com/CompassSecurity/pipeleak/cmd/github/scan.go:127.8,127.38 1 0
github.com/CompassSecurity/pipeleak/cmd/github/scan.go:127.38,129.3 1 0
github.com/CompassSecurity/pipeleak/cmd/github/scan.go:129.8,129.27 1 0
github.com/CompassSecurity/pipeleak/cmd/github/scan.go:129.27,131.3 1 0
github.com/CompassSecurity/pipeleak/cmd/github/scan.go:131.8,133.3 1 0
github.com/CompassSecurity/pipeleak/cmd/github/scan.go:135.2,136.20 2 0
github.com/CompassSecurity/pipeleak/cmd/github/scan.go:136.20,139.3 2 0
github.com/CompassSecurity/pipeleak/cmd/github/scan.go:139.8,139.38 1 0
github.com/CompassSecurity/pipeleak/cmd/github/scan.go:139.38,141.3 1 0
github.com/CompassSecurity/pipeleak/cmd/github/scan.go:141.8,143.3 1 0
github.com/CompassSecurity/pipeleak/cmd/github/scan.go:146.34,148.17 2 0
github.com/CompassSecurity/pipeleak/cmd/github/scan.go:148.17,150.3 1 0
github.com/CompassSecurity/pipeleak/cmd/github/scan.go:152.2,152.16 1 0
github.com/CompassSecurity/pipeleak/cmd/github/scan.go:152.16,154.3 1 0
github.com/CompassSecurity/pipeleak/cmd/github/scan.go:156.2,156.247 1 0
github.com/CompassSecurity/pipeleak/cmd/github/scan.go:159.181,160.24 1 0
github.com/CompassSecurity/pipeleak/cmd/github/scan.go:160.24,166.17 3 0
github.com/CompassSecurity/pipeleak/cmd/github/scan.go:166.17,168.4 1 0
github.com/CompassSecurity/pipeleak/cmd/github/scan.go:169.3,169.38 1 0
github.com/CompassSecurity/pipeleak/cmd/github/scan.go:171.8,171.23 1 0
github.com/CompassSecurity/pipeleak/cmd/github/scan.go:171.23,177.17 3 0
github.com/CompassSecurity/pipeleak/cmd/github/scan.go:177.17,179.4 1 0
github.com/CompassSecurity/pipeleak/cmd/github/scan.go:180.3,180.38 1 0
github.com/CompassSecurity/pipeleak/cmd/github/scan.go:181.8,183.12 2 0
github.com/CompassSecurity/pipeleak/cmd/github/scan.go:183.12,185.4 1 0
github.com/CompassSecurity/pipeleak/cmd/github/scan.go:186.3,192.17 3 0
github.com/CompassSecurity/pipeleak/cmd/github/scan.go:192.17,194.4 1 0
github.com/CompassSecurity/pipeleak/cmd/github/scan.go:196.3,196.38 1 0
github.com/CompassSecurity/pipeleak/cmd/github/scan.go:200.62,202.6 2 0
github.com/CompassSecurity/pipeleak/cmd/github/scan.go:202.6,204.17 2 0
github.com/CompassSecurity/pipeleak/cmd/github/scan.go:204.17,206.4 1 0
github.com/CompassSecurity/pipeleak/cmd/github/scan.go:208.3,208.51 1 0
github.com/CompassSecurity/pipeleak/cmd/github/scan.go:208.51,211.4 2 0
github.com/CompassSecurity/pipeleak/cmd/github/scan.go:213.3,213.25 1 0
github.com/CompassSecurity/pipeleak/cmd/github/scan.go:213.25,214.9 1 0
github.com/CompassSecurity/pipeleak/cmd/github/scan.go:216.3,216.33 1 0
github.com/CompassSecurity/pipeleak/cmd/github/scan.go:220.78,229.21 4 0
github.com/CompassSecurity/pipeleak/cmd/github/scan.go:229.21,230.22 1 0
github.com/CompassSecurity/pipeleak/cmd/github/scan.go:230.22,233.4 2 0
github.com/CompassSecurity/pipeleak/cmd/github/scan.go:235.3,236.17 2 0
github.com/CompassSecurity/pipeleak/cmd/github/scan.go:236.17,238.4 1 0
github.com/CompassSecurity/pipeleak/cmd/github/scan.go:240.3,240.47 1 0
github.com/CompassSecurity/pipeleak/cmd/github/scan.go:240.47,242.4 1 0
github.com/CompassSecurity/pipeleak/cmd/github/scan.go:244.3,244.30 1 0
github.com/CompassSecurity/pipeleak/cmd/github/scan.go:244.30,246.10 2 0
github.com/CompassSecurity/pipeleak/cmd/github/scan.go:246.10,247.13 1 0
github.com/CompassSecurity/pipeleak/cmd/github/scan.go:248.10,250.5 1 0
github.com/CompassSecurity/pipeleak/cmd/github/scan.go:252.4,254.24 3 0
github.com/CompassSecurity/pipeleak/cmd/github/scan.go:258.3,259.32 2 0
github.com/CompassSecurity/pipeleak/cmd/github/scan.go:263.78,264.21 1 0
github.com/CompassSecurity/pipeleak/cmd/github/scan.go:264.21,266.3 1 0
github.com/CompassSecurity/pipeleak/cmd/github/scan.go:268.2,269.19 2 0
github.com/CompassSecurity/pipeleak/cmd/github/scan.go:269.19,271.3 1 0
github.com/CompassSecurity/pipeleak/cmd/github/scan.go:273.2,273.39 1 0
github.com/CompassSecurity/pipeleak/cmd/github/scan.go:273.39,275.3 1 0
github.com/CompassSecurity/pipeleak/cmd/github/scan.go:277.2,277.30 1 0
github.com/CompassSecurity/pipeleak/cmd/github/scan.go:277.30,279.3 1 0
github.com/CompassSecurity/pipeleak/cmd/github/scan.go:280.2,280.10 1 0
github.com/CompassSecurity/pipeleak/cmd/github/scan.go:283.46,285.6 2 0
github.com/CompassSecurity/pipeleak/cmd/github/scan.go:285.6,287.30 2 0
github.com/CompassSecurity/pipeleak/cmd/github/scan.go:287.30,290.4 2 0
github.com/CompassSecurity/pipeleak/cmd/github/scan.go:292.3,292.25 1 0
github.com/CompassSecurity/pipeleak/cmd/github/scan.go:292.25,293.9 1 0
github.com/CompassSecurity/pipeleak/cmd/github/scan.go:295.3,295.31 1 0
github.com/CompassSecurity/pipeleak/cmd/github/scan.go:299.74,304.6 3 0
github.com/CompassSecurity/pipeleak/cmd/github/scan.go:304.6,307.18 2 0
github.com/CompassSecurity/pipeleak/cmd/github/scan.go:307.18,309.12 2 0
github.com/CompassSecurity/pipeleak/cmd/github/scan.go:312.3,312.29 1 0
github.com/CompassSecurity/pipeleak/cmd/github/scan.go:312.29,314.4 1 0
github.com/CompassSecurity/pipeleak/cmd/github/scan.go:316.3,316.17 1 0
github.com/CompassSecurity/pipeleak/cmd/github/scan.go:316.17,319.4 2 0
github.com/CompassSecurity/pipeleak/cmd/github/scan.go:321.3,321.57 1 0
github.com/CompassSecurity/pipeleak/cmd/github/scan.go:321.57,325.25 3 0
github.com/CompassSecurity/pipeleak/cmd/github/scan.go:325.25,327.5 1 0
github.com/CompassSecurity/pipeleak/cmd/github/scan.go:329.4,330.67 2 0
github.com/CompassSecurity/pipeleak/cmd/github/scan.go:330.67,333.5 2 0
github.com/CompassSecurity/pipeleak/cmd/github/scan.go:336.3,336.25 1 0
github.com/CompassSecurity/pipeleak/cmd/github/scan.go:336.25,337.9 1 0
github.com/CompassSecurity/pipeleak/cmd/github/scan.go:339.3,339.27 1 0
github.com/CompassSecurity/pipeleak/cmd/github/scan.go:343.110,346.17 2 0
github.com/CompassSecurity/pipeleak/cmd/github/scan.go:346.17,349.3 2 0
github.com/CompassSecurity/pipeleak/cmd/github/scan.go:352.2,352.25 1 0
github.com/CompassSecurity/pipeleak/cmd/github/scan.go:353.11,355.9 2 0
github.com/CompassSecurity/pipeleak/cmd/github/scan.go:356.11,357.9 1 0
github.com/CompassSecurity/pipeleak/cmd/github/scan.go:360.2,360.16 1 0
github.com/CompassSecurity/pipeleak/cmd/github/scan.go:360.16,363.3 2 0
github.com/CompassSecurity/pipeleak/cmd/github/scan.go:365.2,369.16 5 0
github.com/CompassSecurity/pipeleak/cmd/github/scan.go:369.16,372.3 2 0
github.com/CompassSecurity/pipeleak/cmd/github/scan.go:374.2,374.35 1 0
github.com/CompassSecurity/pipeleak/cmd/github/scan.go:374.35,376.3 1 0
github.com/CompassSecurity/pipeleak/cmd/github/scan.go:377.2,377.45 1 0
github.com/CompassSecurity/pipeleak/cmd/github/scan.go:380.43,384.16 3 0
github.com/CompassSecurity/pipeleak/cmd/github/scan.go:384.16,386.3 1 0
github.com/CompassSecurity/pipeleak/cmd/github/scan.go:388.2,388.27 1 0
github.com/CompassSecurity/pipeleak/cmd/github/scan.go:388.27,390.17 2 0
github.com/CompassSecurity/pipeleak/cmd/github/scan.go:390.17,393.4 2 0
github.com/CompassSecurity/pipeleak/cmd/github/scan.go:395.3,396.17 2 0
github.com/CompassSecurity/pipeleak/cmd/github/scan.go:396.17,399.4 2 0
github.com/CompassSecurity/pipeleak/cmd/github/scan.go:401.3,401.42 1 0
github.com/CompassSecurity/pipeleak/cmd/github/scan.go:401.42,404.18 3 0
github.com/CompassSecurity/pipeleak/cmd/github/scan.go:404.18,406.13 2 0
github.com/CompassSecurity/pipeleak/cmd/github/scan.go:409.4,409.53 1 0
github.com/CompassSecurity/pipeleak/cmd/github/scan.go:413.2,413.17 1 0
github.com/CompassSecurity/pipeleak/cmd/github/scan.go:416.48,418.16 2 0
github.com/CompassSecurity/pipeleak/cmd/github/scan.go:418.16,420.3 1 0
github.com/CompassSecurity/pipeleak/cmd/github/scan.go:421.2,421.15 1 0
github.com/CompassSecurity/pipeleak/cmd/github/scan.go:421.15,421.32 1 0
github.com/CompassSecurity/pipeleak/cmd/github/scan.go:422.2,422.22 1 0
github.com/CompassSecurity/pipeleak/cmd/github/scan.go:425.65,426.6 1 0
github.com/CompassSecurity/pipeleak/cmd/github/scan.go:426.6,429.17 3 0
github.com/CompassSecurity/pipeleak/cmd/github/scan.go:429.17,431.4 1 0
github.com/CompassSecurity/pipeleak/cmd/github/scan.go:432.3,432.32 1 0
github.com/CompassSecurity/pipeleak/cmd/github/scan.go:432.32,435.34 3 0
github.com/CompassSecurity/pipeleak/cmd/github/scan.go:435.34,437.19 2 0
github.com/CompassSecurity/pipeleak/cmd/github/scan.go:437.19,439.6 1 0
github.com/CompassSecurity/pipeleak/cmd/github/scan.go:440.5,441.26 2 0
github.com/CompassSecurity/pipeleak/cmd/github/scan.go:445.3,445.25 1 0
github.com/CompassSecurity/pipeleak/cmd/github/scan.go:445.25,446.9 1 0
github.com/CompassSecurity/pipeleak/cmd/github/scan.go:448.3,448.32 1 0
github.com/CompassSecurity/pipeleak/cmd/github/scan.go:451.2,452.11 2 0
github.com/CompassSecurity/pipeleak/cmd/github/scan.go:455.76,457.6 2 0
[...]
github.com/CompassSecurity/pipeleak/cmd/gitlab/scan/queue.go:152.17,154.3 1 0
github.com/CompassSecurity/pipeleak/cmd/gitlab/scan/queue.go:156.2,158.16 3 0
github.com/CompassSecurity/pipeleak/cmd/gitlab/scan/queue.go:158.16,161.3 2 0
github.com/CompassSecurity/pipeleak/cmd/gitlab/scan/queue.go:163.2,165.39 3 0
github.com/CompassSecurity/pipeleak/cmd/gitlab/scan/queue.go:165.39,166.38 1 0
github.com/CompassSecurity/pipeleak/cmd/gitlab/scan/queue.go:166.38,168.18 2 0
github.com/CompassSecurity/pipeleak/cmd/gitlab/scan/queue.go:168.18,171.5 2 0
github.com/CompassSecurity/pipeleak/cmd/gitlab/scan/queue.go:173.4,174.18 2 0
github.com/CompassSecurity/pipeleak/cmd/gitlab/scan/queue.go:174.18,177.5 2 0
github.com/CompassSecurity/pipeleak/cmd/gitlab/scan/queue.go:179.4,181.32 2 0
github.com/CompassSecurity/pipeleak/cmd/gitlab/scan/queue.go:181.32,183.5 1 0
github.com/CompassSecurity/pipeleak/cmd/gitlab/scan/queue.go:183.10,183.42 1 0
github.com/CompassSecurity/pipeleak/cmd/gitlab/scan/queue.go:183.42,185.5 1 0
github.com/CompassSecurity/pipeleak/cmd/gitlab/scan/queue.go:186.4,186.18 1 0
github.com/CompassSecurity/pipeleak/cmd/gitlab/scan/queue.go:190.2,190.14 1 0
github.com/CompassSecurity/pipeleak/cmd/gitlab/scan/queue.go:193.86,195.23 2 0
github.com/CompassSecurity/pipeleak/cmd/gitlab/scan/queue.go:195.23,197.3 1 0
github.com/CompassSecurity/pipeleak/cmd/gitlab/scan/queue.go:199.2,200.16 2 0
github.com/CompassSecurity/pipeleak/cmd/gitlab/scan/queue.go:200.16,203.3 2 0
github.com/CompassSecurity/pipeleak/cmd/gitlab/scan/queue.go:204.2,204.35 1 0
github.com/CompassSecurity/pipeleak/cmd/gitlab/scan/queue.go:204.35,206.3 1 0
github.com/CompassSecurity/pipeleak/cmd/gitlab/scan/queue.go:209.71,211.16 2 0
github.com/CompassSecurity/pipeleak/cmd/gitlab/scan/queue.go:211.16,214.3 2 0
github.com/CompassSecurity/pipeleak/cmd/gitlab/scan/queue.go:215.2,216.16 2 0
github.com/CompassSecurity/pipeleak/cmd/gitlab/scan/queue.go:216.16,219.3 2 0
github.com/CompassSecurity/pipeleak/cmd/gitlab/scan/queue.go:221.2,221.14 1 0
github.com/CompassSecurity/pipeleak/cmd/gitlab/scan/queue.go:224.115,227.17 2 0
github.com/CompassSecurity/pipeleak/cmd/gitlab/scan/queue.go:227.17,228.29 1 0
github.com/CompassSecurity/pipeleak/cmd/gitlab/scan/queue.go:228.29,230.4 1 0
github.com/CompassSecurity/pipeleak/cmd/gitlab/scan/queue.go:233.2,233.16 1 0
github.com/CompassSecurity/pipeleak/cmd/gitlab/scan/queue.go:233.16,236.3 2 0
github.com/CompassSecurity/pipeleak/cmd/gitlab/scan/queue.go:238.2,238.54 1 0
github.com/CompassSecurity/pipeleak/cmd/gitlab/scan/queue.go:238.54,241.3 2 0
github.com/CompassSecurity/pipeleak/cmd/gitlab/scan/queue.go:243.2,244.16 2 0
github.com/CompassSecurity/pipeleak/cmd/gitlab/scan/queue.go:244.16,247.3 2 0
github.com/CompassSecurity/pipeleak/cmd/gitlab/scan/queue.go:249.2,250.56 2 0
github.com/CompassSecurity/pipeleak/cmd/gitlab/scan/queue.go:250.56,253.3 2 0
github.com/CompassSecurity/pipeleak/cmd/gitlab/scan/queue.go:255.2,255.19 1 0
github.com/CompassSecurity/pipeleak/cmd/gitlab/scan/queue.go:255.19,257.3 1 0
github.com/CompassSecurity/pipeleak/cmd/gitlab/scan/queue.go:259.2,259.12 1 0
github.com/CompassSecurity/pipeleak/cmd/gitlab/scan/queue.go:263.132,264.35 1 0
github.com/CompassSecurity/pipeleak/cmd/gitlab/scan/queue.go:264.35,266.22 2 0
github.com/CompassSecurity/pipeleak/cmd/gitlab/scan/queue.go:266.22,268.4 1 0
github.com/CompassSecurity/pipeleak/cmd/gitlab/scan/queue.go:271.2,271.12 1 0
github.com/CompassSecurity/pipeleak/cmd/gitlab/scan/queue.go:275.99,277.16 2 0
github.com/CompassSecurity/pipeleak/cmd/gitlab/scan/queue.go:277.16,280.3 2 0
github.com/CompassSecurity/pipeleak/cmd/gitlab/scan/queue.go:282.2,283.16 2 0
github.com/CompassSecurity/pipeleak/cmd/gitlab/scan/queue.go:283.16,286.3 2 0
github.com/CompassSecurity/pipeleak/cmd/gitlab/scan/queue.go:287.2,294.16 7 0
github.com/CompassSecurity/pipeleak/cmd/gitlab/scan/queue.go:294.16,297.3 2 0
github.com/CompassSecurity/pipeleak/cmd/gitlab/scan/queue.go:298.2,298.15 1 0
github.com/CompassSecurity/pipeleak/cmd/gitlab/scan/queue.go:298.15,298.40 1 0
github.com/CompassSecurity/pipeleak/cmd/gitlab/scan/queue.go:300.2,303.21 2 0
github.com/CompassSecurity/pipeleak/cmd/gitlab/scan/queue.go:303.21,305.3 1 0
github.com/CompassSecurity/pipeleak/cmd/gitlab/scan/queue.go:307.2,307.21 1 0
github.com/CompassSecurity/pipeleak/cmd/gitlab/scan/queue.go:307.21,310.3 2 0
github.com/CompassSecurity/pipeleak/cmd/gitlab/scan/queue.go:312.2,313.16 2 0
github.com/CompassSecurity/pipeleak/cmd/gitlab/scan/queue.go:313.16,316.3 2 0
github.com/CompassSecurity/pipeleak/cmd/gitlab/scan/queue.go:318.2,319.16 2 0
github.com/CompassSecurity/pipeleak/cmd/gitlab/scan/queue.go:319.16,322.3 2 0
github.com/CompassSecurity/pipeleak/cmd/gitlab/scan/queue.go:324.2,324.28 1 0
github.com/CompassSecurity/pipeleak/cmd/gitlab/scan/queue.go:324.28,327.17 3 0
github.com/CompassSecurity/pipeleak/cmd/gitlab/scan/queue.go:327.17,330.4 2 0
github.com/CompassSecurity/pipeleak/cmd/gitlab/scan/queue.go:332.3,333.17 2 0
github.com/CompassSecurity/pipeleak/cmd/gitlab/scan/queue.go:333.17,336.4 2 0
github.com/CompassSecurity/pipeleak/cmd/gitlab/scan/queue.go:338.3,338.17 1 0
github.com/CompassSecurity/pipeleak/cmd/gitlab/scan/queue.go:339.8,339.37 1 0
github.com/CompassSecurity/pipeleak/cmd/gitlab/scan/queue.go:339.37,342.3 2 0
github.com/CompassSecurity/pipeleak/cmd/gitlab/scan/queue.go:342.8,344.3 1 0
github.com/CompassSecurity/pipeleak/cmd/gitlab/scan/queue.go:346.2,346.17 1 0
github.com/CompassSecurity/pipeleak/cmd/gitlab/scan/scan.go:18.34,58.16 4 2
github.com/CompassSecurity/pipeleak/cmd/gitlab/scan/scan.go:58.16,60.3 1 0
github.com/CompassSecurity/pipeleak/cmd/gitlab/scan/scan.go:62.2,64.16 3 2
github.com/CompassSecurity/pipeleak/cmd/gitlab/scan/scan.go:64.16,66.3 1 0
github.com/CompassSecurity/pipeleak/cmd/gitlab/scan/scan.go:67.2,86.16 16 2
github.com/CompassSecurity/pipeleak/cmd/gitlab/scan/scan.go:89.46,94.16 4 0
github.com/CompassSecurity/pipeleak/cmd/gitlab/scan/scan.go:94.16,97.3 2 0
github.com/CompassSecurity/pipeleak/cmd/gitlab/scan/scan.go:99.2,104.61 5 0
github.com/CompassSecurity/pipeleak/cmd/gitlab/scan/scan.go:107.39,109.16 2 1
github.com/CompassSecurity/pipeleak/cmd/gitlab/scan/scan.go:109.16,111.3 1 0
github.com/CompassSecurity/pipeleak/cmd/gitlab/scan/scan.go:113.2,113.17 1 1
github.com/CompassSecurity/pipeleak/cmd/gitlab/scan/scan.go:116.34,119.2 2 0
github.com/CompassSecurity/pipeleak/helper/helper.go:29.32,30.13 1 2
github.com/CompassSecurity/pipeleak/helper/helper.go:30.13,33.3 2 1
github.com/CompassSecurity/pipeleak/helper/helper.go:38.49,39.67 1 0
github.com/CompassSecurity/pipeleak/helper/helper.go:39.67,40.19 1 0
github.com/CompassSecurity/pipeleak/helper/helper.go:41.32,42.20 1 0
github.com/CompassSecurity/pipeleak/helper/helper.go:43.21,44.27 1 0
github.com/CompassSecurity/pipeleak/helper/helper.go:44.27,47.5 2 0
github.com/CompassSecurity/pipeleak/helper/helper.go:49.4,49.27 1 0
github.com/CompassSecurity/pipeleak/helper/helper.go:49.27,52.5 2 0
github.com/CompassSecurity/pipeleak/helper/helper.go:54.4,54.27 1 0
github.com/CompassSecurity/pipeleak/helper/helper.go:54.27,57.5 2 0
github.com/CompassSecurity/pipeleak/helper/helper.go:59.4,59.27 1 0
github.com/CompassSecurity/pipeleak/helper/helper.go:59.27,62.5 2 0
github.com/CompassSecurity/pipeleak/helper/helper.go:64.4,64.27 1 0
github.com/CompassSecurity/pipeleak/helper/helper.go:64.27,67.5 2 0
github.com/CompassSecurity/pipeleak/helper/helper.go:69.4,69.27 1 0
github.com/CompassSecurity/pipeleak/helper/helper.go:69.27,72.5 2 0
github.com/CompassSecurity/pipeleak/helper/helper.go:75.3,75.20 1 0
github.com/CompassSecurity/pipeleak/helper/helper.go:78.2,78.16 1 0
github.com/CompassSecurity/pipeleak/helper/helper.go:78.16,80.3 1 0
github.com/CompassSecurity/pipeleak/helper/helper.go:83.47,86.16 3 4
github.com/CompassSecurity/pipeleak/helper/helper.go:86.16,89.3 2 2
github.com/CompassSecurity/pipeleak/helper/helper.go:90.2,91.39 2 2
github.com/CompassSecurity/pipeleak/helper/helper.go:91.39,93.3 1 3
github.com/CompassSecurity/pipeleak/helper/helper.go:95.2,95.18 1 2
github.com/CompassSecurity/pipeleak/helper/helper.go:100.63,103.12 3 1
github.com/CompassSecurity/pipeleak/helper/helper.go:103.12,108.3 4 1
github.com/CompassSecurity/pipeleak/helper/helper.go:117.85,118.24 1 4
github.com/CompassSecurity/pipeleak/helper/helper.go:118.24,120.3 1 1
github.com/CompassSecurity/pipeleak/helper/helper.go:122.2,122.32 1 3
github.com/CompassSecurity/pipeleak/helper/helper.go:122.32,123.30 1 3
github.com/CompassSecurity/pipeleak/helper/helper.go:123.30,125.4 1 2
github.com/CompassSecurity/pipeleak/helper/helper.go:127.2,127.32 1 3
github.com/CompassSecurity/pipeleak/helper/helper.go:130.126,134.22 2 13
github.com/CompassSecurity/pipeleak/helper/helper.go:134.22,137.17 3 2
github.com/CompassSecurity/pipeleak/helper/helper.go:137.17,139.4 1 0
github.com/CompassSecurity/pipeleak/helper/helper.go:141.3,142.17 2 2
github.com/CompassSecurity/pipeleak/helper/helper.go:142.17,144.4 1 0
github.com/CompassSecurity/pipeleak/helper/helper.go:146.3,147.116 2 2
github.com/CompassSecurity/pipeleak/helper/helper.go:150.2,156.94 4 13
github.com/CompassSecurity/pipeleak/helper/helper.go:156.94,157.17 1 8
github.com/CompassSecurity/pipeleak/helper/helper.go:157.17,160.4 2 1
github.com/CompassSecurity/pipeleak/helper/helper.go:162.3,162.18 1 7
github.com/CompassSecurity/pipeleak/helper/helper.go:162.18,165.4 2 0
github.com/CompassSecurity/pipeleak/helper/helper.go:167.3,167.83 1 7
github.com/CompassSecurity/pipeleak/helper/helper.go:167.83,170.4 2 4
github.com/CompassSecurity/pipeleak/helper/helper.go:172.3,172.20 1 3
github.com/CompassSecurity/pipeleak/helper/helper.go:175.2,180.18 3 13
github.com/CompassSecurity/pipeleak/helper/helper.go:180.18,182.17 2 1
github.com/CompassSecurity/pipeleak/helper/helper.go:182.17,184.4 1 0
github.com/CompassSecurity/pipeleak/helper/helper.go:185.3,186.37 2 1
github.com/CompassSecurity/pipeleak/helper/helper.go:189.2,194.15 2 13
github.com/CompassSecurity/pipeleak/helper/helper.go:197.36,199.16 2 3
github.com/CompassSecurity/pipeleak/helper/helper.go:199.16,201.3 1 1
github.com/CompassSecurity/pipeleak/helper/helper.go:203.2,203.25 1 2
github.com/CompassSecurity/pipeleak/helper/helper.go:206.45,208.16 2 3
github.com/CompassSecurity/pipeleak/helper/helper.go:208.16,210.3 1 0
github.com/CompassSecurity/pipeleak/helper/helper.go:212.2,212.10 1 3
github.com/CompassSecurity/pipeleak/helper/helper.go:215.54,219.16 3 4
github.com/CompassSecurity/pipeleak/helper/helper.go:219.16,221.3 1 1
github.com/CompassSecurity/pipeleak/helper/helper.go:223.2,228.16 5 3
github.com/CompassSecurity/pipeleak/helper/helper.go:228.16,230.3 1 0
github.com/CompassSecurity/pipeleak/helper/helper.go:232.2,232.26 1 3
github.com/CompassSecurity/pipeleak/helper/helper.go:235.41,240.2 1 7
github.com/CompassSecurity/pipeleak/helper/helper.go:242.42,244.31 2 1
github.com/CompassSecurity/pipeleak/helper/helper.go:244.31,246.3 1 0
github.com/CompassSecurity/pipeleak/helper/helper.go:248.2,248.16 1 1
github.com/CompassSecurity/pipeleak/helper/helper.go:251.34,254.19 3 105
github.com/CompassSecurity/pipeleak/helper/helper.go:254.19,256.3 1 1036
github.com/CompassSecurity/pipeleak/helper/helper.go:257.2,257.18 1 105
github.com/CompassSecurity/pipeleak/helper/helper.go:260.54,262.16 2 9
github.com/CompassSecurity/pipeleak/helper/helper.go:262.16,264.3 1 7
github.com/CompassSecurity/pipeleak/helper/helper.go:266.2,269.46 3 9
github.com/CompassSecurity/pipeleak/helper/helper.go:269.46,271.3 1 2
github.com/CompassSecurity/pipeleak/helper/helper.go:273.2,274.16 2 7
github.com/CompassSecurity/pipeleak/helper/helper.go:274.16,276.3 1 0
github.com/CompassSecurity/pipeleak/helper/helper.go:278.2,280.25 3 7
github.com/CompassSecurity/pipeleak/helper/helper.go:280.25,281.77 1 35
github.com/CompassSecurity/pipeleak/helper/helper.go:281.77,284.4 2 5
github.com/CompassSecurity/pipeleak/helper/helper.go:285.3,285.54 1 30
github.com/CompassSecurity/pipeleak/helper/helper.go:285.54,287.4 1 28
github.com/CompassSecurity/pipeleak/helper/helper.go:289.2,291.14 2 7
github.com/CompassSecurity/pipeleak/scanner/rules.go:59.22,60.69 1 5
github.com/CompassSecurity/pipeleak/scanner/rules.go:60.69,63.17 3 1
github.com/CompassSecurity/pipeleak/scanner/rules.go:63.17,66.4 2 0
github.com/CompassSecurity/pipeleak/scanner/rules.go:70.54,72.16 2 3
github.com/CompassSecurity/pipeleak/scanner/rules.go:72.16,74.3 1 0
github.com/CompassSecurity/pipeleak/scanner/rules.go:75.2,75.15 1 3
github.com/CompassSecurity/pipeleak/scanner/rules.go:75.15,75.34 1 3
github.com/CompassSecurity/pipeleak/scanner/rules.go:77.2,79.16 3 3
github.com/CompassSecurity/pipeleak/scanner/rules.go:79.16,81.3 1 2
github.com/CompassSecurity/pipeleak/scanner/rules.go:82.2,82.15 1 1
github.com/CompassSecurity/pipeleak/scanner/rules.go:82.15,82.40 1 1
github.com/CompassSecurity/pipeleak/scanner/rules.go:84.2,85.16 2 1
github.com/CompassSecurity/pipeleak/scanner/rules.go:85.16,87.3 1 0
github.com/CompassSecurity/pipeleak/scanner/rules.go:89.2,89.12 1 1
github.com/CompassSecurity/pipeleak/scanner/rules.go:92.43,95.40 2 3
github.com/CompassSecurity/pipeleak/scanner/rules.go:95.40,98.17 3 3
github.com/CompassSecurity/pipeleak/scanner/rules.go:98.17,100.4 1 0
github.com/CompassSecurity/pipeleak/scanner/rules.go:101.3,102.17 2 3
github.com/CompassSecurity/pipeleak/scanner/rules.go:102.17,104.4 1 0
github.com/CompassSecurity/pipeleak/scanner/rules.go:106.3,108.32 2 3
github.com/CompassSecurity/pipeleak/scanner/rules.go:108.32,111.37 3 2
github.com/CompassSecurity/pipeleak/scanner/rules.go:111.37,112.70 1 5
github.com/CompassSecurity/pipeleak/scanner/rules.go:112.70,114.6 1 1
github.com/CompassSecurity/pipeleak/scanner/rules.go:116.4,119.23 3 2
github.com/CompassSecurity/pipeleak/scanner/rules.go:119.23,121.5 1 1
github.com/CompassSecurity/pipeleak/scanner/rules.go:123.4,123.69 1 2
github.com/CompassSecurity/pipeleak/scanner/rules.go:124.9,127.4 2 1
github.com/CompassSecurity/pipeleak/scanner/rules.go:130.2,131.30 2 3
github.com/CompassSecurity/pipeleak/scanner/rules.go:131.30,133.3 1 0
github.com/CompassSecurity/pipeleak/scanner/rules.go:133.8,135.3 1 3
github.com/CompassSecurity/pipeleak/scanner/rules.go:140.67,144.2 3 5
github.com/CompassSecurity/pipeleak/scanner/rules.go:151.100,153.12 2 10
github.com/CompassSecurity/pipeleak/scanner/rules.go:153.12,155.3 1 10
github.com/CompassSecurity/pipeleak/scanner/rules.go:156.2,156.9 1 10
github.com/CompassSecurity/pipeleak/scanner/rules.go:158.38,159.52 1 0
github.com/CompassSecurity/pipeleak/scanner/rules.go:160.26,161.39 1 10
github.com/CompassSecurity/pipeleak/scanner/rules.go:165.108,169.51 3 12
github.com/CompassSecurity/pipeleak/scanner/rules.go:169.51,170.57 1 12
github.com/CompassSecurity/pipeleak/scanner/rules.go:170.57,173.18 3 12
github.com/CompassSecurity/pipeleak/scanner/rules.go:173.18,176.5 2 1
github.com/CompassSecurity/pipeleak/scanner/rules.go:178.4,180.29 2 11
github.com/CompassSecurity/pipeleak/scanner/rules.go:180.29,184.27 3 8
github.com/CompassSecurity/pipeleak/scanner/rules.go:184.27,186.6 1 0
github.com/CompassSecurity/pipeleak/scanner/rules.go:188.5,188.21 1 8
github.com/CompassSecurity/pipeleak/scanner/rules.go:188.21,190.6 1 8
github.com/CompassSecurity/pipeleak/scanner/rules.go:193.4,193.27 1 11
github.com/CompassSecurity/pipeleak/scanner/rules.go:197.2,198.16 2 12
github.com/CompassSecurity/pipeleak/scanner/rules.go:198.16,200.3 1 0
github.com/CompassSecurity/pipeleak/scanner/rules.go:202.2,205.55 3 12
github.com/CompassSecurity/pipeleak/scanner/rules.go:205.55,206.59 1 10200
github.com/CompassSecurity/pipeleak/scanner/rules.go:206.59,209.18 3 10200
github.com/CompassSecurity/pipeleak/scanner/rules.go:209.18,212.5 2 0
github.com/CompassSecurity/pipeleak/scanner/rules.go:214.4,214.34 1 10200
github.com/CompassSecurity/pipeleak/scanner/rules.go:214.34,216.30 2 0
github.com/CompassSecurity/pipeleak/scanner/rules.go:216.30,218.6 1 0
github.com/CompassSecurity/pipeleak/scanner/rules.go:219.5,222.24 2 0
github.com/CompassSecurity/pipeleak/scanner/rules.go:222.24,224.6 1 0
github.com/CompassSecurity/pipeleak/scanner/rules.go:227.5,227.38 1 0
github.com/CompassSecurity/pipeleak/scanner/rules.go:227.38,231.6 2 0
github.com/CompassSecurity/pipeleak/scanner/rules.go:233.4,233.26 1 10200
github.com/CompassSecurity/pipeleak/scanner/rules.go:237.2,238.16 2 12
github.com/CompassSecurity/pipeleak/scanner/rules.go:238.16,240.3 1 0
github.com/CompassSecurity/pipeleak/scanner/rules.go:242.2,244.82 3 12
github.com/CompassSecurity/pipeleak/scanner/rules.go:247.61,249.40 2 16
github.com/CompassSecurity/pipeleak/scanner/rules.go:249.40,252.56 3 612
github.com/CompassSecurity/pipeleak/scanner/rules.go:252.56,255.4 2 607
github.com/CompassSecurity/pipeleak/scanner/rules.go:258.3,258.43 1 612
github.com/CompassSecurity/pipeleak/scanner/rules.go:258.43,261.4 2 100
github.com/CompassSecurity/pipeleak/scanner/rules.go:262.3,262.30 1 612
github.com/CompassSecurity/pipeleak/scanner/rules.go:265.2,265.24 1 16
github.com/CompassSecurity/pipeleak/scanner/rules.go:268.143,271.16 2 6
github.com/CompassSecurity/pipeleak/scanner/rules.go:271.16,274.3 2 0
github.com/CompassSecurity/pipeleak/scanner/rules.go:275.2,275.35 1 6
github.com/CompassSecurity/pipeleak/scanner/rules.go:275.35,277.27 2 1
github.com/CompassSecurity/pipeleak/scanner/rules.go:277.27,279.4 1 0
github.com/CompassSecurity/pipeleak/scanner/rules.go:279.9,281.4 1 1
github.com/CompassSecurity/pipeleak/scanner/rules.go:285.93,290.28 4 13
github.com/CompassSecurity/pipeleak/scanner/rules.go:290.28,292.3 1 10
github.com/CompassSecurity/pipeleak/scanner/rules.go:292.8,294.3 1 3
github.com/CompassSecurity/pipeleak/scanner/rules.go:296.2,297.34 2 13
github.com/CompassSecurity/pipeleak/scanner/rules.go:297.34,299.3 1 10
github.com/CompassSecurity/pipeleak/scanner/rules.go:299.8,301.3 1 3
github.com/CompassSecurity/pipeleak/scanner/rules.go:303.2,303.42 1 13
github.com/CompassSecurity/pipeleak/scanner/rules.go:306.39,309.2 2 13
github.com/CompassSecurity/pipeleak/scanner/rules.go:314.137,316.2 1 4
github.com/CompassSecurity/pipeleak/scanner/rules.go:318.157,320.16 1 8
github.com/CompassSecurity/pipeleak/scanner/rules.go:320.16,323.3 2 1
github.com/CompassSecurity/pipeleak/scanner/rules.go:325.2,325.54 1 7
github.com/CompassSecurity/pipeleak/scanner/rules.go:325.54,326.53 1 43
github.com/CompassSecurity/pipeleak/scanner/rules.go:326.53,329.4 2 1
github.com/CompassSecurity/pipeleak/scanner/rules.go:332.2,333.16 2 6
github.com/CompassSecurity/pipeleak/scanner/rules.go:333.16,336.3 2 1
github.com/CompassSecurity/pipeleak/scanner/rules.go:338.2,339.16 2 5
github.com/CompassSecurity/pipeleak/scanner/rules.go:339.16,342.3 2 0
github.com/CompassSecurity/pipeleak/scanner/rules.go:344.2,345.16 2 5
github.com/CompassSecurity/pipeleak/scanner/rules.go:345.16,348.3 2 0
github.com/CompassSecurity/pipeleak/scanner/rules.go:349.2,349.15 1 5
github.com/CompassSecurity/pipeleak/scanner/rules.go:349.15,349.55 1 5
github.com/CompassSecurity/pipeleak/scanner/rules.go:351.2,352.16 2 5
github.com/CompassSecurity/pipeleak/scanner/rules.go:352.16,355.3 2 0
github.com/CompassSecurity/pipeleak/scanner/rules.go:356.2,356.15 1 5
github.com/CompassSecurity/pipeleak/scanner/rules.go:356.15,356.61 1 5
github.com/CompassSecurity/pipeleak/scanner/rules.go:358.2,366.32 3 5
github.com/CompassSecurity/pipeleak/scanner/rules.go:366.32,369.3 2 1
github.com/CompassSecurity/pipeleak/scanner/rules.go:371.2,371.30 1 4
github.com/CompassSecurity/pipeleak/scanner/rules.go:371.30,372.33 1 4
github.com/CompassSecurity/pipeleak/scanner/rules.go:372.33,374.18 2 4
github.com/CompassSecurity/pipeleak/scanner/rules.go:374.18,376.5 1 0
github.com/CompassSecurity/pipeleak/scanner/rules.go:379.4,379.37 1 4
github.com/CompassSecurity/pipeleak/scanner/rules.go:379.37,382.5 2 1
github.com/CompassSecurity/pipeleak/scanner/rules.go:384.4,385.32 2 4
github.com/CompassSecurity/pipeleak/scanner/rules.go:385.32,387.5 1 3
